<?xml version="1.0" encoding="UTF-8"?>
<coverage generated="1569007155767" clover="3.2.0">
  <project timestamp="1569007155768" name="All files">
    <metrics statements="3354" coveredstatements="3012" conditionals="1626" coveredconditionals="1306" methods="1042" coveredmethods="845" elements="6022" coveredelements="5163" complexity="0" loc="3354" ncloc="3354" packages="50" files="236" classes="236"/>
    <package name="assets.SvgIcons">
      <metrics statements="28" coveredstatements="27" conditionals="0" coveredconditionals="0" methods="14" coveredmethods="13"/>
      <file name="sellScreenSvgs.js" path="/Users/innocentlou/Documents/React/healthid-fe/src/assets/SvgIcons/sellScreenSvgs.js">
        <metrics statements="28" coveredstatements="27" conditionals="0" coveredconditionals="0" methods="14" coveredmethods="13"/>
        <line num="4" count="12" type="stmt"/>
        <line num="5" count="6" type="stmt"/>
        <line num="10" count="12" type="stmt"/>
        <line num="11" count="3" type="stmt"/>
        <line num="16" count="12" type="stmt"/>
        <line num="17" count="3" type="stmt"/>
        <line num="22" count="12" type="stmt"/>
        <line num="23" count="3" type="stmt"/>
        <line num="28" count="12" type="stmt"/>
        <line num="29" count="3" type="stmt"/>
        <line num="34" count="12" type="stmt"/>
        <line num="35" count="1" type="stmt"/>
        <line num="40" count="12" type="stmt"/>
        <line num="41" count="1" type="stmt"/>
        <line num="46" count="12" type="stmt"/>
        <line num="47" count="1" type="stmt"/>
        <line num="52" count="12" type="stmt"/>
        <line num="53" count="1" type="stmt"/>
        <line num="58" count="12" type="stmt"/>
        <line num="59" count="3" type="stmt"/>
        <line num="65" count="12" type="stmt"/>
        <line num="66" count="0" type="stmt"/>
        <line num="74" count="12" type="stmt"/>
        <line num="75" count="17" type="stmt"/>
        <line num="81" count="12" type="stmt"/>
        <line num="82" count="17" type="stmt"/>
        <line num="87" count="12" type="stmt"/>
        <line num="88" count="15" type="stmt"/>
      </file>
    </package>
    <package name="assets.css">
      <metrics statements="10" coveredstatements="10" conditionals="0" coveredconditionals="0" methods="1" coveredmethods="0"/>
      <file name="productCardStyles.js" path="/Users/innocentlou/Documents/React/healthid-fe/src/assets/css/productCardStyles.js">
        <metrics statements="1" coveredstatements="1" conditionals="0" coveredconditionals="0" methods="0" coveredmethods="0"/>
        <line num="1" count="2" type="stmt"/>
      </file>
      <file name="salesDialogStyles.js" path="/Users/innocentlou/Documents/React/healthid-fe/src/assets/css/salesDialogStyles.js">
        <metrics statements="1" coveredstatements="1" conditionals="0" coveredconditionals="0" methods="0" coveredmethods="0"/>
        <line num="1" count="15" type="stmt"/>
      </file>
      <file name="searchListStyles.js" path="/Users/innocentlou/Documents/React/healthid-fe/src/assets/css/searchListStyles.js">
        <metrics statements="1" coveredstatements="1" conditionals="0" coveredconditionals="0" methods="0" coveredmethods="0"/>
        <line num="1" count="2" type="stmt"/>
      </file>
      <file name="sellScreenStyles.js" path="/Users/innocentlou/Documents/React/healthid-fe/src/assets/css/sellScreenStyles.js">
        <metrics statements="6" coveredstatements="6" conditionals="0" coveredconditionals="0" methods="1" coveredmethods="0"/>
        <line num="3" count="10" type="stmt"/>
        <line num="109" count="10" type="stmt"/>
        <line num="236" count="10" type="stmt"/>
        <line num="285" count="10" type="stmt"/>
        <line num="358" count="10" type="stmt"/>
        <line num="402" count="10" type="stmt"/>
      </file>
      <file name="viewProductsStyles.js" path="/Users/innocentlou/Documents/React/healthid-fe/src/assets/css/viewProductsStyles.js">
        <metrics statements="1" coveredstatements="1" conditionals="0" coveredconditionals="0" methods="0" coveredmethods="0"/>
        <line num="1" count="3" type="stmt"/>
      </file>
    </package>
    <package name="assets.images.iconFactory">
      <metrics statements="5" coveredstatements="5" conditionals="0" coveredconditionals="0" methods="1" coveredmethods="1"/>
      <file name="IconFactory.js" path="/Users/innocentlou/Documents/React/healthid-fe/src/assets/images/iconFactory/IconFactory.js">
        <metrics statements="5" coveredstatements="5" conditionals="0" coveredconditionals="0" methods="1" coveredmethods="1"/>
        <line num="4" count="5" type="stmt"/>
        <line num="7" count="15" type="stmt"/>
        <line num="8" count="15" type="stmt"/>
        <line num="18" count="5" type="stmt"/>
        <line num="25" count="5" type="stmt"/>
      </file>
    </package>
    <package name="assets.images.stock">
      <metrics statements="12" coveredstatements="11" conditionals="0" coveredconditionals="0" methods="6" coveredmethods="5"/>
      <file name="StockIcons.js" path="/Users/innocentlou/Documents/React/healthid-fe/src/assets/images/stock/StockIcons.js">
        <metrics statements="12" coveredstatements="11" conditionals="0" coveredconditionals="0" methods="6" coveredmethods="5"/>
        <line num="4" count="10" type="stmt"/>
        <line num="5" count="12" type="stmt"/>
        <line num="11" count="10" type="stmt"/>
        <line num="12" count="12" type="stmt"/>
        <line num="22" count="10" type="stmt"/>
        <line num="23" count="23" type="stmt"/>
        <line num="37" count="10" type="stmt"/>
        <line num="38" count="19" type="stmt"/>
        <line num="44" count="10" type="stmt"/>
        <line num="45" count="0" type="stmt"/>
        <line num="48" count="10" type="stmt"/>
        <line num="49" count="57" type="stmt"/>
      </file>
    </package>
    <package name="assets.styles">
      <metrics statements="21" coveredstatements="21" conditionals="0" coveredconditionals="0" methods="2" coveredmethods="1"/>
      <file name="dataTable.js" path="/Users/innocentlou/Documents/React/healthid-fe/src/assets/styles/dataTable.js">
        <metrics statements="1" coveredstatements="1" conditionals="0" coveredconditionals="0" methods="0" coveredmethods="0"/>
        <line num="4" count="2" type="stmt"/>
      </file>
      <file name="setup.js" path="/Users/innocentlou/Documents/React/healthid-fe/src/assets/styles/setup.js">
        <metrics statements="20" coveredstatements="20" conditionals="0" coveredconditionals="0" methods="2" coveredmethods="1"/>
        <line num="1" count="34" type="stmt"/>
        <line num="83" count="34" type="stmt"/>
        <line num="146" count="34" type="stmt"/>
        <line num="157" count="34" type="stmt"/>
        <line num="245" count="34" type="stmt"/>
        <line num="302" count="34" type="stmt"/>
        <line num="308" count="34" type="stmt"/>
        <line num="352" count="34" type="stmt"/>
        <line num="382" count="34" type="stmt"/>
        <line num="435" count="34" type="stmt"/>
        <line num="598" count="34" type="stmt"/>
        <line num="635" count="34" type="stmt"/>
        <line num="644" count="34" type="stmt"/>
        <line num="664" count="34" type="stmt"/>
        <line num="681" count="34" type="stmt"/>
        <line num="688" count="34" type="stmt"/>
        <line num="693" count="34" type="stmt"/>
        <line num="699" count="34" type="stmt"/>
        <line num="763" count="34" type="stmt"/>
        <line num="807" count="34" type="stmt"/>
      </file>
    </package>
    <package name="assets.styles.authentication">
      <metrics statements="8" coveredstatements="8" conditionals="2" coveredconditionals="2" methods="4" coveredmethods="4"/>
      <file name="AlertStyle.js" path="/Users/innocentlou/Documents/React/healthid-fe/src/assets/styles/authentication/AlertStyle.js">
        <metrics statements="5" coveredstatements="5" conditionals="2" coveredconditionals="2" methods="4" coveredmethods="4"/>
        <line num="10" count="25" type="stmt"/>
        <line num="18" count="25" type="stmt"/>
        <line num="33" count="21" type="stmt"/>
        <line num="34" count="21" type="stmt"/>
        <line num="46" count="25" type="stmt"/>
      </file>
      <file name="SwitchAccountStyles.js" path="/Users/innocentlou/Documents/React/healthid-fe/src/assets/styles/authentication/SwitchAccountStyles.js">
        <metrics statements="1" coveredstatements="1" conditionals="0" coveredconditionals="0" methods="0" coveredmethods="0"/>
        <line num="1" count="18" type="stmt"/>
      </file>
      <file name="authLogin.js" path="/Users/innocentlou/Documents/React/healthid-fe/src/assets/styles/authentication/authLogin.js">
        <metrics statements="2" coveredstatements="2" conditionals="0" coveredconditionals="0" methods="0" coveredmethods="0"/>
        <line num="1" count="19" type="stmt"/>
        <line num="41" count="19" type="stmt"/>
      </file>
    </package>
    <package name="assets.styles.dashboard">
      <metrics statements="2" coveredstatements="2" conditionals="0" coveredconditionals="0" methods="1" coveredmethods="1"/>
      <file name="dashboardStyles.js" path="/Users/innocentlou/Documents/React/healthid-fe/src/assets/styles/dashboard/dashboardStyles.js">
        <metrics statements="1" coveredstatements="1" conditionals="0" coveredconditionals="0" methods="1" coveredmethods="1"/>
        <line num="1" count="34" type="stmt"/>
      </file>
      <file name="lowerDashboardStyles.js" path="/Users/innocentlou/Documents/React/healthid-fe/src/assets/styles/dashboard/lowerDashboardStyles.js">
        <metrics statements="1" coveredstatements="1" conditionals="0" coveredconditionals="0" methods="0" coveredmethods="0"/>
        <line num="1" count="17" type="stmt"/>
      </file>
    </package>
    <package name="assets.styles.products">
      <metrics statements="15" coveredstatements="15" conditionals="0" coveredconditionals="0" methods="2" coveredmethods="1"/>
      <file name="ImportProductStyles.js" path="/Users/innocentlou/Documents/React/healthid-fe/src/assets/styles/products/ImportProductStyles.js">
        <metrics statements="4" coveredstatements="4" conditionals="0" coveredconditionals="0" methods="0" coveredmethods="0"/>
        <line num="1" count="5" type="stmt"/>
        <line num="50" count="5" type="stmt"/>
        <line num="70" count="5" type="stmt"/>
        <line num="84" count="5" type="stmt"/>
      </file>
      <file name="addProductStyles.js" path="/Users/innocentlou/Documents/React/healthid-fe/src/assets/styles/products/addProductStyles.js">
        <metrics statements="5" coveredstatements="5" conditionals="0" coveredconditionals="0" methods="0" coveredmethods="0"/>
        <line num="1" count="8" type="stmt"/>
        <line num="42" count="8" type="stmt"/>
        <line num="56" count="8" type="stmt"/>
        <line num="65" count="8" type="stmt"/>
        <line num="100" count="8" type="stmt"/>
      </file>
      <file name="productDetailStyles.js" path="/Users/innocentlou/Documents/React/healthid-fe/src/assets/styles/products/productDetailStyles.js">
        <metrics statements="2" coveredstatements="2" conditionals="0" coveredconditionals="0" methods="1" coveredmethods="1"/>
        <line num="1" count="1" type="stmt"/>
        <line num="114" count="1" type="stmt"/>
      </file>
      <file name="products.js" path="/Users/innocentlou/Documents/React/healthid-fe/src/assets/styles/products/products.js">
        <metrics statements="4" coveredstatements="4" conditionals="0" coveredconditionals="0" methods="1" coveredmethods="0"/>
        <line num="1" count="2" type="stmt"/>
        <line num="10" count="2" type="stmt"/>
        <line num="27" count="2" type="stmt"/>
        <line num="54" count="2" type="stmt"/>
      </file>
    </package>
    <package name="assets.styles.profile">
      <metrics statements="2" coveredstatements="2" conditionals="0" coveredconditionals="0" methods="1" coveredmethods="1"/>
      <file name="profileStyles.js" path="/Users/innocentlou/Documents/React/healthid-fe/src/assets/styles/profile/profileStyles.js">
        <metrics statements="1" coveredstatements="1" conditionals="0" coveredconditionals="0" methods="1" coveredmethods="1"/>
        <line num="1" count="6" type="stmt"/>
      </file>
      <file name="resizeStyles.js" path="/Users/innocentlou/Documents/React/healthid-fe/src/assets/styles/profile/resizeStyles.js">
        <metrics statements="1" coveredstatements="1" conditionals="0" coveredconditionals="0" methods="0" coveredmethods="0"/>
        <line num="1" count="6" type="stmt"/>
      </file>
    </package>
    <package name="assets.styles.salesHistory">
      <metrics statements="6" coveredstatements="6" conditionals="0" coveredconditionals="0" methods="2" coveredmethods="1"/>
      <file name="salesHistoryStyles.js" path="/Users/innocentlou/Documents/React/healthid-fe/src/assets/styles/salesHistory/salesHistoryStyles.js">
        <metrics statements="6" coveredstatements="6" conditionals="0" coveredconditionals="0" methods="2" coveredmethods="1"/>
        <line num="1" count="6" type="stmt"/>
        <line num="21" count="6" type="stmt"/>
        <line num="112" count="6" type="stmt"/>
        <line num="133" count="6" type="stmt"/>
        <line num="161" count="6" type="stmt"/>
        <line num="172" count="6" type="stmt"/>
      </file>
    </package>
    <package name="assets.styles.stock">
      <metrics statements="11" coveredstatements="11" conditionals="0" coveredconditionals="0" methods="1" coveredmethods="1"/>
      <file name="stock.js" path="/Users/innocentlou/Documents/React/healthid-fe/src/assets/styles/stock/stock.js">
        <metrics statements="11" coveredstatements="11" conditionals="0" coveredconditionals="0" methods="1" coveredmethods="1"/>
        <line num="1" count="14" type="stmt"/>
        <line num="24" count="14" type="stmt"/>
        <line num="43" count="14" type="stmt"/>
        <line num="60" count="14" type="stmt"/>
        <line num="72" count="14" type="stmt"/>
        <line num="95" count="14" type="stmt"/>
        <line num="121" count="14" type="stmt"/>
        <line num="162" count="14" type="stmt"/>
        <line num="193" count="14" type="stmt"/>
        <line num="253" count="14" type="stmt"/>
        <line num="332" count="14" type="stmt"/>
      </file>
    </package>
    <package name="assets.styles.suppliers">
      <metrics statements="3" coveredstatements="3" conditionals="0" coveredconditionals="0" methods="0" coveredmethods="0"/>
      <file name="suppliers.js" path="/Users/innocentlou/Documents/React/healthid-fe/src/assets/styles/suppliers/suppliers.js">
        <metrics statements="3" coveredstatements="3" conditionals="0" coveredconditionals="0" methods="0" coveredmethods="0"/>
        <line num="1" count="6" type="stmt"/>
        <line num="22" count="6" type="stmt"/>
        <line num="46" count="6" type="stmt"/>
      </file>
    </package>
    <package name="components">
      <metrics statements="8" coveredstatements="7" conditionals="8" coveredconditionals="7" methods="3" coveredmethods="3"/>
      <file name="withAuth.js" path="/Users/innocentlou/Documents/React/healthid-fe/src/components/withAuth.js">
        <metrics statements="8" coveredstatements="7" conditionals="8" coveredconditionals="7" methods="3" coveredmethods="3"/>
        <line num="6" count="16" type="stmt"/>
        <line num="7" count="6" type="stmt"/>
        <line num="9" count="13" type="cond" truecount="2" falsecount="0"/>
        <line num="10" count="8" type="cond" truecount="2" falsecount="0"/>
        <line num="11" count="7" type="stmt"/>
        <line num="15" count="1" type="cond" truecount="3" falsecount="1"/>
        <line num="16" count="0" type="stmt"/>
        <line num="20" count="1" type="stmt"/>
      </file>
    </package>
    <package name="components.authentication">
      <metrics statements="226" coveredstatements="206" conditionals="119" coveredconditionals="99" methods="66" coveredmethods="46"/>
      <file name="Container.js" path="/Users/innocentlou/Documents/React/healthid-fe/src/components/authentication/Container.js">
        <metrics statements="93" coveredstatements="88" conditionals="18" coveredconditionals="12" methods="29" coveredmethods="23"/>
        <line num="23" count="19" type="stmt"/>
        <line num="47" count="26" type="stmt"/>
        <line num="49" count="26" type="stmt"/>
        <line num="50" count="1" type="stmt"/>
        <line num="65" count="26" type="stmt"/>
        <line num="66" count="1" type="stmt"/>
        <line num="81" count="26" type="stmt"/>
        <line num="82" count="1" type="stmt"/>
        <line num="90" count="26" type="stmt"/>
        <line num="91" count="3" type="stmt"/>
        <line num="92" count="3" type="stmt"/>
        <line num="95" count="26" type="stmt"/>
        <line num="96" count="1" type="stmt"/>
        <line num="97" count="1" type="stmt"/>
        <line num="100" count="26" type="stmt"/>
        <line num="101" count="1" type="stmt"/>
        <line num="102" count="1" type="stmt"/>
        <line num="103" count="1" type="stmt"/>
        <line num="104" count="1" type="stmt"/>
        <line num="110" count="26" type="stmt"/>
        <line num="111" count="1" type="stmt"/>
        <line num="116" count="26" type="stmt"/>
        <line num="117" count="1" type="stmt"/>
        <line num="118" count="1" type="stmt"/>
        <line num="119" count="1" type="stmt"/>
        <line num="120" count="1" type="stmt"/>
        <line num="121" count="1" type="stmt"/>
        <line num="127" count="26" type="stmt"/>
        <line num="128" count="1" type="stmt"/>
        <line num="131" count="26" type="stmt"/>
        <line num="132" count="6" type="stmt"/>
        <line num="133" count="6" type="stmt"/>
        <line num="135" count="6" type="cond" truecount="2" falsecount="0"/>
        <line num="136" count="3" type="stmt"/>
        <line num="140" count="3" type="stmt"/>
        <line num="142" count="6" type="cond" truecount="2" falsecount="0"/>
        <line num="143" count="3" type="stmt"/>
        <line num="147" count="3" type="stmt"/>
        <line num="151" count="26" type="stmt"/>
        <line num="152" count="2" type="stmt"/>
        <line num="155" count="2" type="stmt"/>
        <line num="156" count="2" type="stmt"/>
        <line num="157" count="2" type="stmt"/>
        <line num="165" count="2" type="stmt"/>
        <line num="166" count="2" type="stmt"/>
        <line num="171" count="2" type="cond" truecount="2" falsecount="0"/>
        <line num="172" count="1" type="stmt"/>
        <line num="179" count="1" type="stmt"/>
        <line num="180" count="1" type="cond" truecount="1" falsecount="1"/>
        <line num="181" count="1" type="stmt"/>
        <line num="187" count="0" type="stmt"/>
        <line num="195" count="26" type="stmt"/>
        <line num="196" count="3" type="stmt"/>
        <line num="197" count="3" type="stmt"/>
        <line num="198" count="3" type="stmt"/>
        <line num="202" count="3" type="stmt"/>
        <line num="206" count="3" type="stmt"/>
        <line num="207" count="2" type="stmt"/>
        <line num="209" count="2" type="cond" truecount="2" falsecount="0"/>
        <line num="210" count="1" type="stmt"/>
        <line num="211" count="1" type="stmt"/>
        <line num="212" count="1" type="stmt"/>
        <line num="221" count="1" type="cond" truecount="0" falsecount="2"/>
        <line num="222" count="0" type="stmt"/>
        <line num="223" count="0" type="cond" truecount="0" falsecount="2"/>
        <line num="224" count="0" type="stmt"/>
        <line num="226" count="0" type="stmt"/>
        <line num="231" count="2" type="stmt"/>
        <line num="240" count="26" type="stmt"/>
        <line num="241" count="3" type="stmt"/>
        <line num="242" count="3" type="stmt"/>
        <line num="243" count="3" type="stmt"/>
        <line num="247" count="3" type="stmt"/>
        <line num="251" count="3" type="stmt"/>
        <line num="252" count="2" type="cond" truecount="2" falsecount="0"/>
        <line num="253" count="1" type="stmt"/>
        <line num="254" count="1" type="stmt"/>
        <line num="255" count="1" type="stmt"/>
        <line num="262" count="1" type="stmt"/>
        <line num="266" count="1" type="stmt"/>
        <line num="275" count="26" type="stmt"/>
        <line num="276" count="2" type="stmt"/>
        <line num="277" count="2" type="stmt"/>
        <line num="278" count="2" type="stmt"/>
        <line num="279" count="2" type="stmt"/>
        <line num="285" count="2" type="stmt"/>
        <line num="286" count="1" type="stmt"/>
        <line num="287" count="1" type="stmt"/>
        <line num="298" count="1" type="stmt"/>
        <line num="310" count="94" type="stmt"/>
        <line num="313" count="94" type="stmt"/>
        <line num="315" count="94" type="stmt"/>
        <line num="365" count="19" type="stmt"/>
      </file>
      <file name="Login.js" path="/Users/innocentlou/Documents/React/healthid-fe/src/components/authentication/Login.js">
        <metrics statements="18" coveredstatements="18" conditionals="44" coveredconditionals="36" methods="7" coveredmethods="3"/>
        <line num="15" count="8" type="stmt"/>
        <line num="19" count="8" type="stmt"/>
        <line num="20" count="8" type="cond" truecount="2" falsecount="0"/>
        <line num="21" count="8" type="cond" truecount="2" falsecount="0"/>
        <line num="22" count="8" type="stmt"/>
        <line num="43" count="8" type="stmt"/>
        <line num="47" count="3" type="stmt"/>
        <line num="48" count="3" type="stmt"/>
        <line num="71" count="8" type="stmt"/>
        <line num="73" count="8" type="cond" truecount="2" falsecount="0"/>
        <line num="75" count="8" type="cond" truecount="2" falsecount="0"/>
        <line num="76" count="8" type="cond" truecount="2" falsecount="0"/>
        <line num="77" count="8" type="cond" truecount="1" falsecount="1"/>
        <line num="78" count="8" type="cond" truecount="1" falsecount="1"/>
        <line num="79" count="8" type="cond" truecount="1" falsecount="1"/>
        <line num="80" count="8" type="stmt"/>
        <line num="197" count="20" type="stmt"/>
        <line num="213" count="20" type="stmt"/>
      </file>
      <file name="PasswordReset.js" path="/Users/innocentlou/Documents/React/healthid-fe/src/components/authentication/PasswordReset.js">
        <metrics statements="49" coveredstatements="41" conditionals="27" coveredconditionals="24" methods="11" coveredmethods="6"/>
        <line num="16" count="8" type="stmt"/>
        <line num="28" count="8" type="stmt"/>
        <line num="29" count="1" type="stmt"/>
        <line num="30" count="1" type="stmt"/>
        <line num="31" count="1" type="stmt"/>
        <line num="32" count="1" type="stmt"/>
        <line num="33" count="1" type="stmt"/>
        <line num="38" count="1" type="stmt"/>
        <line num="39" count="0" type="stmt"/>
        <line num="47" count="8" type="stmt"/>
        <line num="48" count="2" type="stmt"/>
        <line num="49" count="2" type="stmt"/>
        <line num="50" count="2" type="cond" truecount="2" falsecount="0"/>
        <line num="51" count="1" type="stmt"/>
        <line num="61" count="1" type="stmt"/>
        <line num="66" count="1" type="stmt"/>
        <line num="67" count="1" type="stmt"/>
        <line num="68" count="1" type="stmt"/>
        <line num="69" count="1" type="stmt"/>
        <line num="75" count="1" type="stmt"/>
        <line num="76" count="0" type="stmt"/>
        <line num="85" count="8" type="stmt"/>
        <line num="86" count="1" type="stmt"/>
        <line num="89" count="8" type="stmt"/>
        <line num="90" count="1" type="stmt"/>
        <line num="91" count="1" type="stmt"/>
        <line num="92" count="1" type="stmt"/>
        <line num="96" count="1" type="stmt"/>
        <line num="97" count="1" type="stmt"/>
        <line num="98" count="1" type="stmt"/>
        <line num="99" count="1" type="stmt"/>
        <line num="101" count="1" type="stmt"/>
        <line num="103" count="1" type="stmt"/>
        <line num="107" count="1" type="stmt"/>
        <line num="109" count="0" type="stmt"/>
        <line num="112" count="0" type="cond" truecount="0" falsecount="2"/>
        <line num="113" count="0" type="stmt"/>
        <line num="122" count="0" type="stmt"/>
        <line num="126" count="0" type="stmt"/>
        <line num="136" count="0" type="stmt"/>
        <line num="145" count="18" type="stmt"/>
        <line num="147" count="18" type="cond" truecount="2" falsecount="0"/>
        <line num="148" count="18" type="cond" truecount="2" falsecount="0"/>
        <line num="150" count="18" type="stmt"/>
        <line num="152" count="18" type="cond" truecount="2" falsecount="0"/>
        <line num="153" count="18" type="cond" truecount="3" falsecount="0"/>
        <line num="155" count="18" type="cond" truecount="2" falsecount="0"/>
        <line num="157" count="18" type="cond" truecount="2" falsecount="0"/>
        <line num="160" count="18" type="stmt"/>
      </file>
      <file name="Register.js" path="/Users/innocentlou/Documents/React/healthid-fe/src/components/authentication/Register.js">
        <metrics statements="8" coveredstatements="8" conditionals="22" coveredconditionals="21" methods="1" coveredmethods="1"/>
        <line num="12" count="21" type="stmt"/>
        <line num="22" count="4" type="stmt"/>
        <line num="24" count="4" type="cond" truecount="2" falsecount="0"/>
        <line num="26" count="4" type="cond" truecount="3" falsecount="0"/>
        <line num="28" count="4" type="cond" truecount="3" falsecount="0"/>
        <line num="30" count="4" type="cond" truecount="2" falsecount="0"/>
        <line num="32" count="4" type="stmt"/>
        <line num="99" count="21" type="stmt"/>
      </file>
      <file name="SwitchAcount.js" path="/Users/innocentlou/Documents/React/healthid-fe/src/components/authentication/SwitchAcount.js">
        <metrics statements="58" coveredstatements="51" conditionals="8" coveredconditionals="6" methods="18" coveredmethods="13"/>
        <line num="18" count="13" type="stmt"/>
        <line num="20" count="13" type="stmt"/>
        <line num="21" count="1" type="stmt"/>
        <line num="22" count="1" type="stmt"/>
        <line num="23" count="1" type="stmt"/>
        <line num="24" count="1" type="stmt"/>
        <line num="25" count="1" type="stmt"/>
        <line num="31" count="13" type="stmt"/>
        <line num="32" count="1" type="stmt"/>
        <line num="35" count="13" type="stmt"/>
        <line num="36" count="1" type="stmt"/>
        <line num="37" count="1" type="stmt"/>
        <line num="38" count="1" type="stmt"/>
        <line num="39" count="1" type="stmt"/>
        <line num="45" count="13" type="stmt"/>
        <line num="46" count="1" type="stmt"/>
        <line num="51" count="13" type="stmt"/>
        <line num="52" count="1" type="stmt"/>
        <line num="53" count="1" type="stmt"/>
        <line num="56" count="13" type="stmt"/>
        <line num="57" count="2" type="stmt"/>
        <line num="58" count="2" type="stmt"/>
        <line num="59" count="2" type="stmt"/>
        <line num="60" count="2" type="stmt"/>
        <line num="62" count="2" type="cond" truecount="2" falsecount="0"/>
        <line num="63" count="1" type="stmt"/>
        <line num="67" count="1" type="stmt"/>
        <line num="71" count="1" type="stmt"/>
        <line num="72" count="1" type="cond" truecount="1" falsecount="1"/>
        <line num="73" count="1" type="stmt"/>
        <line num="74" count="1" type="stmt"/>
        <line num="75" count="1" type="stmt"/>
        <line num="76" count="0" type="stmt"/>
        <line num="80" count="1" type="stmt"/>
        <line num="81" count="1" type="stmt"/>
        <line num="84" count="2" type="cond" truecount="2" falsecount="0"/>
        <line num="85" count="1" type="stmt"/>
        <line num="89" count="1" type="stmt"/>
        <line num="93" count="1" type="stmt"/>
        <line num="94" count="1" type="cond" truecount="1" falsecount="1"/>
        <line num="95" count="1" type="stmt"/>
        <line num="96" count="1" type="stmt"/>
        <line num="97" count="1" type="stmt"/>
        <line num="98" count="0" type="stmt"/>
        <line num="102" count="1" type="stmt"/>
        <line num="103" count="1" type="stmt"/>
        <line num="108" count="13" type="stmt"/>
        <line num="109" count="2" type="stmt"/>
        <line num="110" count="2" type="stmt"/>
        <line num="116" count="49" type="stmt"/>
        <line num="117" count="49" type="stmt"/>
        <line num="126" count="0" type="stmt"/>
        <line num="129" count="0" type="stmt"/>
        <line num="131" count="0" type="stmt"/>
        <line num="133" count="0" type="stmt"/>
        <line num="144" count="0" type="stmt"/>
        <line num="164" count="18" type="stmt"/>
        <line num="172" count="18" type="stmt"/>
      </file>
    </package>
    <package name="components.authentication.Alerts">
      <metrics statements="24" coveredstatements="24" conditionals="18" coveredconditionals="18" methods="3" coveredmethods="3"/>
      <file name="ForgotPasswordAlert.js" path="/Users/innocentlou/Documents/React/healthid-fe/src/components/authentication/Alerts/ForgotPasswordAlert.js">
        <metrics statements="6" coveredstatements="6" conditionals="2" coveredconditionals="2" methods="1" coveredmethods="1"/>
        <line num="13" count="21" type="stmt"/>
        <line num="17" count="11" type="stmt"/>
        <line num="19" count="11" type="cond" truecount="2" falsecount="0"/>
        <line num="37" count="11" type="stmt"/>
        <line num="94" count="21" type="stmt"/>
        <line num="106" count="21" type="stmt"/>
      </file>
      <file name="LoginAlert.js" path="/Users/innocentlou/Documents/React/healthid-fe/src/components/authentication/Alerts/LoginAlert.js">
        <metrics statements="9" coveredstatements="9" conditionals="8" coveredconditionals="8" methods="1" coveredmethods="1"/>
        <line num="12" count="21" type="stmt"/>
        <line num="15" count="11" type="stmt"/>
        <line num="17" count="11" type="cond" truecount="2" falsecount="0"/>
        <line num="19" count="11" type="cond" truecount="2" falsecount="0"/>
        <line num="21" count="11" type="cond" truecount="2" falsecount="0"/>
        <line num="23" count="11" type="cond" truecount="2" falsecount="0"/>
        <line num="45" count="11" type="stmt"/>
        <line num="75" count="21" type="stmt"/>
        <line num="82" count="21" type="stmt"/>
      </file>
      <file name="RegisterAlert.js" path="/Users/innocentlou/Documents/React/healthid-fe/src/components/authentication/Alerts/RegisterAlert.js">
        <metrics statements="9" coveredstatements="9" conditionals="8" coveredconditionals="8" methods="1" coveredmethods="1"/>
        <line num="10" count="22" type="stmt"/>
        <line num="13" count="7" type="stmt"/>
        <line num="15" count="7" type="cond" truecount="2" falsecount="0"/>
        <line num="17" count="7" type="cond" truecount="2" falsecount="0"/>
        <line num="19" count="7" type="cond" truecount="2" falsecount="0"/>
        <line num="21" count="7" type="cond" truecount="2" falsecount="0"/>
        <line num="56" count="7" type="stmt"/>
        <line num="84" count="22" type="stmt"/>
        <line num="92" count="22" type="stmt"/>
      </file>
    </package>
    <package name="components.authentication.Inputs">
      <metrics statements="13" coveredstatements="13" conditionals="10" coveredconditionals="9" methods="2" coveredmethods="2"/>
      <file name="PasswordField.js" path="/Users/innocentlou/Documents/React/healthid-fe/src/components/authentication/Inputs/PasswordField.js">
        <metrics statements="7" coveredstatements="7" conditionals="10" coveredconditionals="9" methods="1" coveredmethods="1"/>
        <line num="10" count="23" type="stmt"/>
        <line num="14" count="15" type="stmt"/>
        <line num="16" count="15" type="cond" truecount="2" falsecount="0"/>
        <line num="17" count="15" type="cond" truecount="2" falsecount="0"/>
        <line num="19" count="15" type="stmt"/>
        <line num="48" count="23" type="stmt"/>
        <line num="57" count="23" type="stmt"/>
      </file>
      <file name="SelectCountryCode.js" path="/Users/innocentlou/Documents/React/healthid-fe/src/components/authentication/Inputs/SelectCountryCode.js">
        <metrics statements="6" coveredstatements="6" conditionals="0" coveredconditionals="0" methods="1" coveredmethods="1"/>
        <line num="6" count="23" type="stmt"/>
        <line num="7" count="8" type="stmt"/>
        <line num="9" count="8" type="stmt"/>
        <line num="11" count="8" type="stmt"/>
        <line num="36" count="23" type="stmt"/>
        <line num="41" count="23" type="stmt"/>
      </file>
    </package>
    <package name="components.authentication.mutations">
      <metrics statements="4" coveredstatements="4" conditionals="0" coveredconditionals="0" methods="0" coveredmethods="0"/>
      <file name="mutations.js" path="/Users/innocentlou/Documents/React/healthid-fe/src/components/authentication/mutations/mutations.js">
        <metrics statements="4" coveredstatements="4" conditionals="0" coveredconditionals="0" methods="0" coveredmethods="0"/>
        <line num="3" count="19" type="stmt"/>
        <line num="16" count="19" type="stmt"/>
        <line num="38" count="19" type="stmt"/>
        <line num="47" count="19" type="stmt"/>
      </file>
    </package>
    <package name="components.dataTable">
      <metrics statements="6" coveredstatements="6" conditionals="0" coveredconditionals="0" methods="2" coveredmethods="2"/>
      <file name="dataTable.js" path="/Users/innocentlou/Documents/React/healthid-fe/src/components/dataTable/dataTable.js">
        <metrics statements="4" coveredstatements="4" conditionals="0" coveredconditionals="0" methods="1" coveredmethods="1"/>
        <line num="7" count="2" type="stmt"/>
        <line num="10" count="11" type="stmt"/>
        <line num="12" count="11" type="stmt"/>
        <line num="24" count="2" type="stmt"/>
      </file>
      <file name="dataTableLoader.js" path="/Users/innocentlou/Documents/React/healthid-fe/src/components/dataTable/dataTableLoader.js">
        <metrics statements="2" coveredstatements="2" conditionals="0" coveredconditionals="0" methods="1" coveredmethods="1"/>
        <line num="4" count="7" type="stmt"/>
        <line num="5" count="18" type="stmt"/>
      </file>
    </package>
    <package name="components.main_setup">
      <metrics statements="235" coveredstatements="214" conditionals="219" coveredconditionals="183" methods="92" coveredmethods="69"/>
      <file name="autoSuggestPopper.js" path="/Users/innocentlou/Documents/React/healthid-fe/src/components/main_setup/autoSuggestPopper.js">
        <metrics statements="29" coveredstatements="20" conditionals="4" coveredconditionals="0" methods="9" coveredmethods="0"/>
        <line num="12" count="1" type="stmt"/>
        <line num="13" count="0" type="stmt"/>
        <line num="22" count="1" type="stmt"/>
        <line num="27" count="1" type="stmt"/>
        <line num="33" count="1" type="stmt"/>
        <line num="34" count="1" type="stmt"/>
        <line num="39" count="1" type="stmt"/>
        <line num="51" count="0" type="stmt"/>
        <line num="52" count="0" type="stmt"/>
        <line num="73" count="1" type="stmt"/>
        <line num="81" count="1" type="stmt"/>
        <line num="84" count="0" type="stmt"/>
        <line num="97" count="1" type="stmt"/>
        <line num="105" count="1" type="stmt"/>
        <line num="114" count="1" type="stmt"/>
        <line num="115" count="0" type="stmt"/>
        <line num="124" count="1" type="stmt"/>
        <line num="130" count="1" type="stmt"/>
        <line num="136" count="1" type="stmt"/>
        <line num="137" count="0" type="stmt"/>
        <line num="142" count="1" type="stmt"/>
        <line num="148" count="1" type="stmt"/>
        <line num="154" count="1" type="stmt"/>
        <line num="161" count="1" type="stmt"/>
        <line num="165" count="0" type="stmt"/>
        <line num="167" count="0" type="stmt"/>
        <line num="182" count="1" type="stmt"/>
        <line num="199" count="1" type="stmt"/>
        <line num="201" count="0" type="stmt"/>
      </file>
      <file name="categoryInput.js" path="/Users/innocentlou/Documents/React/healthid-fe/src/components/main_setup/categoryInput.js">
        <metrics statements="7" coveredstatements="7" conditionals="2" coveredconditionals="2" methods="1" coveredmethods="1"/>
        <line num="10" count="3" type="stmt"/>
        <line num="11" count="2" type="stmt"/>
        <line num="12" count="2" type="stmt"/>
        <line num="13" count="2" type="stmt"/>
        <line num="15" count="2" type="stmt"/>
        <line num="69" count="3" type="stmt"/>
        <line num="78" count="3" type="stmt"/>
      </file>
      <file name="categoryModal.js" path="/Users/innocentlou/Documents/React/healthid-fe/src/components/main_setup/categoryModal.js">
        <metrics statements="12" coveredstatements="7" conditionals="4" coveredconditionals="2" methods="4" coveredmethods="1"/>
        <line num="18" count="3" type="stmt"/>
        <line num="26" count="1" type="stmt"/>
        <line num="27" count="1" type="stmt"/>
        <line num="30" count="0" type="cond" truecount="0" falsecount="2"/>
        <line num="34" count="0" type="stmt"/>
        <line num="35" count="0" type="stmt"/>
        <line num="38" count="1" type="stmt"/>
        <line num="40" count="1" type="stmt"/>
        <line num="85" count="0" type="stmt"/>
        <line num="86" count="0" type="stmt"/>
        <line num="147" count="3" type="stmt"/>
        <line num="157" count="3" type="stmt"/>
      </file>
      <file name="mainBusinessList.js" path="/Users/innocentlou/Documents/React/healthid-fe/src/components/main_setup/mainBusinessList.js">
        <metrics statements="7" coveredstatements="7" conditionals="2" coveredconditionals="2" methods="2" coveredmethods="2"/>
        <line num="14" count="2" type="stmt"/>
        <line num="15" count="2" type="stmt"/>
        <line num="17" count="2" type="cond" truecount="2" falsecount="0"/>
        <line num="18" count="1" type="stmt"/>
        <line num="24" count="2" type="stmt"/>
        <line num="43" count="1" type="stmt"/>
        <line num="46" count="2" type="stmt"/>
      </file>
      <file name="mainBusinessSetup.js" path="/Users/innocentlou/Documents/React/healthid-fe/src/components/main_setup/mainBusinessSetup.js">
        <metrics statements="5" coveredstatements="5" conditionals="0" coveredconditionals="0" methods="1" coveredmethods="1"/>
        <line num="17" count="1" type="stmt"/>
        <line num="18" count="1" type="stmt"/>
        <line num="19" count="1" type="stmt"/>
        <line num="20" count="1" type="stmt"/>
        <line num="53" count="1" type="stmt"/>
      </file>
      <file name="mainPreferences.js" path="/Users/innocentlou/Documents/React/healthid-fe/src/components/main_setup/mainPreferences.js">
        <metrics statements="32" coveredstatements="30" conditionals="18" coveredconditionals="14" methods="19" coveredmethods="16"/>
        <line num="28" count="1" type="stmt"/>
        <line num="65" count="6" type="stmt"/>
        <line num="66" count="6" type="stmt"/>
        <line num="67" count="6" type="stmt"/>
        <line num="68" count="6" type="stmt"/>
        <line num="70" count="6" type="cond" truecount="3" falsecount="0"/>
        <line num="74" count="6" type="cond" truecount="2" falsecount="0"/>
        <line num="79" count="1" type="stmt"/>
        <line num="80" count="1" type="stmt"/>
        <line num="81" count="1" type="stmt"/>
        <line num="84" count="1" type="cond" truecount="1" falsecount="1"/>
        <line num="112" count="25" type="stmt"/>
        <line num="116" count="43" type="stmt"/>
        <line num="118" count="19" type="stmt"/>
        <line num="120" count="7" type="stmt"/>
        <line num="122" count="7" type="stmt"/>
        <line num="132" count="1" type="stmt"/>
        <line num="133" count="1" type="stmt"/>
        <line num="150" count="1" type="stmt"/>
        <line num="151" count="1" type="stmt"/>
        <line num="153" count="1" type="stmt"/>
        <line num="172" count="1" type="stmt"/>
        <line num="173" count="1" type="stmt"/>
        <line num="175" count="0" type="stmt"/>
        <line num="180" count="6" type="stmt"/>
        <line num="200" count="6" type="stmt"/>
        <line num="202" count="6" type="stmt"/>
        <line num="238" count="6" type="stmt"/>
        <line num="256" count="6" type="stmt"/>
        <line num="704" count="1" type="stmt"/>
        <line num="715" count="1" type="stmt"/>
        <line num="737" count="0" type="stmt"/>
      </file>
      <file name="mainProfileAdminUser.js" path="/Users/innocentlou/Documents/React/healthid-fe/src/components/main_setup/mainProfileAdminUser.js">
        <metrics statements="4" coveredstatements="4" conditionals="32" coveredconditionals="24" methods="1" coveredmethods="1"/>
        <line num="22" count="2" type="stmt"/>
        <line num="23" count="1" type="stmt"/>
        <line num="24" count="1" type="stmt"/>
        <line num="122" count="2" type="stmt"/>
      </file>
      <file name="mainProfileNormalUser.js" path="/Users/innocentlou/Documents/React/healthid-fe/src/components/main_setup/mainProfileNormalUser.js">
        <metrics statements="6" coveredstatements="6" conditionals="40" coveredconditionals="30" methods="1" coveredmethods="1"/>
        <line num="22" count="2" type="stmt"/>
        <line num="23" count="2" type="stmt"/>
        <line num="24" count="2" type="stmt"/>
        <line num="25" count="2" type="stmt"/>
        <line num="160" count="2" type="stmt"/>
        <line num="172" count="2" type="stmt"/>
      </file>
      <file name="mainProfileSetup.js" path="/Users/innocentlou/Documents/React/healthid-fe/src/components/main_setup/mainProfileSetup.js">
        <metrics statements="4" coveredstatements="4" conditionals="2" coveredconditionals="2" methods="1" coveredmethods="1"/>
        <line num="8" count="1" type="stmt"/>
        <line num="9" count="2" type="stmt"/>
        <line num="10" count="2" type="cond" truecount="2" falsecount="0"/>
        <line num="15" count="1" type="stmt"/>
      </file>
      <file name="mainSetup.js" path="/Users/innocentlou/Documents/React/healthid-fe/src/components/main_setup/mainSetup.js">
        <metrics statements="3" coveredstatements="3" conditionals="2" coveredconditionals="2" methods="1" coveredmethods="1"/>
        <line num="24" count="2" type="stmt"/>
        <line num="25" count="2" type="stmt"/>
        <line num="86" count="2" type="stmt"/>
      </file>
      <file name="manageProfileSetup.js" path="/Users/innocentlou/Documents/React/healthid-fe/src/components/main_setup/manageProfileSetup.js">
        <metrics statements="37" coveredstatements="34" conditionals="62" coveredconditionals="62" methods="10" coveredmethods="7"/>
        <line num="36" count="8" type="stmt"/>
        <line num="37" count="8" type="stmt"/>
        <line num="38" count="8" type="stmt"/>
        <line num="66" count="8" type="stmt"/>
        <line num="67" count="3" type="stmt"/>
        <line num="68" count="3" type="stmt"/>
        <line num="81" count="8" type="stmt"/>
        <line num="82" count="3" type="stmt"/>
        <line num="83" count="3" type="stmt"/>
        <line num="88" count="8" type="stmt"/>
        <line num="89" count="4" type="stmt"/>
        <line num="90" count="4" type="stmt"/>
        <line num="92" count="4" type="cond" truecount="2" falsecount="0"/>
        <line num="93" count="1" type="stmt"/>
        <line num="98" count="1" type="stmt"/>
        <line num="100" count="3" type="cond" truecount="2" falsecount="0"/>
        <line num="101" count="1" type="stmt"/>
        <line num="107" count="1" type="stmt"/>
        <line num="112" count="1" type="stmt"/>
        <line num="115" count="2" type="stmt"/>
        <line num="129" count="1" type="stmt"/>
        <line num="130" count="1" type="stmt"/>
        <line num="131" count="1" type="stmt"/>
        <line num="138" count="1" type="stmt"/>
        <line num="143" count="1" type="stmt"/>
        <line num="144" count="1" type="stmt"/>
        <line num="145" count="1" type="stmt"/>
        <line num="150" count="1" type="stmt"/>
        <line num="160" count="2" type="stmt"/>
        <line num="164" count="21" type="stmt"/>
        <line num="184" count="21" type="stmt"/>
        <line num="186" count="21" type="stmt"/>
        <line num="332" count="0" type="stmt"/>
        <line num="354" count="0" type="stmt"/>
        <line num="376" count="0" type="stmt"/>
        <line num="397" count="1" type="stmt"/>
        <line num="401" count="1" type="stmt"/>
      </file>
      <file name="preferencesLoader.js" path="/Users/innocentlou/Documents/React/healthid-fe/src/components/main_setup/preferencesLoader.js">
        <metrics statements="2" coveredstatements="2" conditionals="0" coveredconditionals="0" methods="1" coveredmethods="1"/>
        <line num="4" count="2" type="stmt"/>
        <line num="5" count="1" type="stmt"/>
      </file>
      <file name="productCategories.js" path="/Users/innocentlou/Documents/React/healthid-fe/src/components/main_setup/productCategories.js">
        <metrics statements="87" coveredstatements="85" conditionals="51" coveredconditionals="43" methods="41" coveredmethods="36"/>
        <line num="26" count="2" type="stmt"/>
        <line num="48" count="23" type="stmt"/>
        <line num="49" count="23" type="stmt"/>
        <line num="51" count="23" type="stmt"/>
        <line num="52" count="23" type="cond" truecount="1" falsecount="1"/>
        <line num="57" count="23" type="stmt"/>
        <line num="63" count="0" type="stmt"/>
        <line num="66" count="70" type="stmt"/>
        <line num="67" count="1" type="stmt"/>
        <line num="68" count="1" type="stmt"/>
        <line num="76" count="2" type="stmt"/>
        <line num="77" count="2" type="stmt"/>
        <line num="80" count="4" type="stmt"/>
        <line num="81" count="4" type="stmt"/>
        <line num="82" count="4" type="cond" truecount="4" falsecount="0"/>
        <line num="83" count="2" type="stmt"/>
        <line num="85" count="2" type="cond" truecount="4" falsecount="1"/>
        <line num="86" count="2" type="cond" truecount="4" falsecount="1"/>
        <line num="87" count="2" type="stmt"/>
        <line num="88" count="2" type="stmt"/>
        <line num="98" count="2" type="stmt"/>
        <line num="99" count="2" type="stmt"/>
        <line num="100" count="2" type="stmt"/>
        <line num="111" count="4" type="stmt"/>
        <line num="114" count="211" type="stmt"/>
        <line num="115" count="4" type="stmt"/>
        <line num="116" count="4" type="stmt"/>
        <line num="117" count="4" type="stmt"/>
        <line num="119" count="4" type="cond" truecount="4" falsecount="0"/>
        <line num="120" count="2" type="cond" truecount="4" falsecount="1"/>
        <line num="121" count="2" type="cond" truecount="4" falsecount="1"/>
        <line num="124" count="4" type="stmt"/>
        <line num="125" count="12" type="stmt"/>
        <line num="128" count="4" type="stmt"/>
        <line num="129" count="12" type="stmt"/>
        <line num="131" count="4" type="stmt"/>
        <line num="133" count="4" type="stmt"/>
        <line num="134" count="4" type="stmt"/>
        <line num="141" count="2" type="stmt"/>
        <line num="142" count="2" type="stmt"/>
        <line num="144" count="2" type="stmt"/>
        <line num="145" count="7" type="stmt"/>
        <line num="147" count="3" type="stmt"/>
        <line num="151" count="2" type="stmt"/>
        <line num="152" count="6" type="stmt"/>
        <line num="155" count="2" type="cond" truecount="2" falsecount="0"/>
        <line num="157" count="2" type="stmt"/>
        <line num="158" count="3" type="stmt"/>
        <line num="161" count="2" type="stmt"/>
        <line num="164" count="2" type="stmt"/>
        <line num="165" count="2" type="stmt"/>
        <line num="166" count="2" type="stmt"/>
        <line num="167" count="2" type="stmt"/>
        <line num="168" count="2" type="stmt"/>
        <line num="170" count="2" type="stmt"/>
        <line num="180" count="1" type="stmt"/>
        <line num="181" count="1" type="stmt"/>
        <line num="191" count="1" type="stmt"/>
        <line num="194" count="1" type="cond" truecount="1" falsecount="1"/>
        <line num="196" count="2" type="stmt"/>
        <line num="203" count="2" type="stmt"/>
        <line num="204" count="3" type="stmt"/>
        <line num="205" count="3" type="stmt"/>
        <line num="207" count="3" type="stmt"/>
        <line num="217" count="1" type="stmt"/>
        <line num="218" count="1" type="stmt"/>
        <line num="221" count="2" type="cond" truecount="1" falsecount="1"/>
        <line num="223" count="4" type="stmt"/>
        <line num="230" count="2" type="stmt"/>
        <line num="231" count="1" type="stmt"/>
        <line num="234" count="2" type="stmt"/>
        <line num="235" count="2" type="stmt"/>
        <line num="236" count="2" type="stmt"/>
        <line num="238" count="2" type="stmt"/>
        <line num="244" count="1" type="stmt"/>
        <line num="245" count="1" type="stmt"/>
        <line num="246" count="1" type="stmt"/>
        <line num="256" count="1" type="stmt"/>
        <line num="259" count="1" type="cond" truecount="1" falsecount="1"/>
        <line num="261" count="2" type="stmt"/>
        <line num="276" count="23" type="stmt"/>
        <line num="278" count="23" type="stmt"/>
        <line num="362" count="46" type="stmt"/>
        <line num="364" count="69" type="stmt"/>
        <line num="437" count="2" type="stmt"/>
        <line num="447" count="2" type="stmt"/>
        <line num="460" count="0" type="stmt"/>
      </file>
    </package>
    <package name="components.payment">
      <metrics statements="76" coveredstatements="76" conditionals="75" coveredconditionals="59" methods="21" coveredmethods="21"/>
      <file name="confirmClosePopOver.js" path="/Users/innocentlou/Documents/React/healthid-fe/src/components/payment/confirmClosePopOver.js">
        <metrics statements="3" coveredstatements="3" conditionals="0" coveredconditionals="0" methods="1" coveredmethods="1"/>
        <line num="8" count="5" type="stmt"/>
        <line num="15" count="1" type="stmt"/>
        <line num="58" count="5" type="stmt"/>
      </file>
      <file name="customTableHeaderCell.js" path="/Users/innocentlou/Documents/React/healthid-fe/src/components/payment/customTableHeaderCell.js">
        <metrics statements="4" coveredstatements="4" conditionals="0" coveredconditionals="0" methods="1" coveredmethods="1"/>
        <line num="5" count="5" type="stmt"/>
        <line num="6" count="11" type="stmt"/>
        <line num="16" count="5" type="stmt"/>
        <line num="21" count="5" type="stmt"/>
      </file>
      <file name="dialogTitle.js" path="/Users/innocentlou/Documents/React/healthid-fe/src/components/payment/dialogTitle.js">
        <metrics statements="4" coveredstatements="4" conditionals="12" coveredconditionals="12" methods="1" coveredmethods="1"/>
        <line num="10" count="4" type="stmt"/>
        <line num="16" count="4" type="stmt"/>
        <line num="18" count="4" type="stmt"/>
        <line num="54" count="4" type="stmt"/>
      </file>
      <file name="notesList.js" path="/Users/innocentlou/Documents/React/healthid-fe/src/components/payment/notesList.js">
        <metrics statements="10" coveredstatements="10" conditionals="8" coveredconditionals="7" methods="3" coveredmethods="3"/>
        <line num="7" count="5" type="stmt"/>
        <line num="9" count="3" type="cond" truecount="1" falsecount="1"/>
        <line num="10" count="3" type="stmt"/>
        <line num="12" count="3" type="cond" truecount="2" falsecount="0"/>
        <line num="13" count="1" type="stmt"/>
        <line num="14" count="1" type="stmt"/>
        <line num="28" count="2" type="cond" truecount="4" falsecount="0"/>
        <line num="29" count="1" type="stmt"/>
        <line num="32" count="1" type="stmt"/>
        <line num="35" count="5" type="stmt"/>
      </file>
      <file name="notesPopOver.js" path="/Users/innocentlou/Documents/React/healthid-fe/src/components/payment/notesPopOver.js">
        <metrics statements="3" coveredstatements="3" conditionals="2" coveredconditionals="2" methods="1" coveredmethods="1"/>
        <line num="10" count="4" type="stmt"/>
        <line num="18" count="1" type="stmt"/>
        <line num="58" count="4" type="stmt"/>
      </file>
      <file name="paymentButton.js" path="/Users/innocentlou/Documents/React/healthid-fe/src/components/payment/paymentButton.js">
        <metrics statements="5" coveredstatements="5" conditionals="14" coveredconditionals="8" methods="1" coveredmethods="1"/>
        <line num="8" count="4" type="stmt"/>
        <line num="10" count="4" type="stmt"/>
        <line num="20" count="3" type="stmt"/>
        <line num="22" count="3" type="stmt"/>
        <line num="44" count="4" type="stmt"/>
      </file>
      <file name="paymentSummary.js" path="/Users/innocentlou/Documents/React/healthid-fe/src/components/payment/paymentSummary.js">
        <metrics statements="6" coveredstatements="6" conditionals="6" coveredconditionals="4" methods="1" coveredmethods="1"/>
        <line num="10" count="4" type="stmt"/>
        <line num="12" count="4" type="stmt"/>
        <line num="22" count="1" type="stmt"/>
        <line num="24" count="1" type="stmt"/>
        <line num="26" count="1" type="stmt"/>
        <line num="90" count="4" type="stmt"/>
      </file>
      <file name="productTotalsSection.js" path="/Users/innocentlou/Documents/React/healthid-fe/src/components/payment/productTotalsSection.js">
        <metrics statements="8" coveredstatements="8" conditionals="8" coveredconditionals="8" methods="1" coveredmethods="1"/>
        <line num="10" count="4" type="stmt"/>
        <line num="13" count="4" type="stmt"/>
        <line num="25" count="3" type="stmt"/>
        <line num="27" count="3" type="stmt"/>
        <line num="28" count="3" type="cond" truecount="2" falsecount="0"/>
        <line num="29" count="3" type="cond" truecount="2" falsecount="0"/>
        <line num="31" count="3" type="stmt"/>
        <line num="133" count="4" type="stmt"/>
      </file>
      <file name="productsToSaleList.js" path="/Users/innocentlou/Documents/React/healthid-fe/src/components/payment/productsToSaleList.js">
        <metrics statements="4" coveredstatements="4" conditionals="0" coveredconditionals="0" methods="1" coveredmethods="1"/>
        <line num="7" count="4" type="stmt"/>
        <line num="10" count="5" type="stmt"/>
        <line num="11" count="5" type="stmt"/>
        <line num="25" count="4" type="stmt"/>
      </file>
      <file name="recieptProductList.js" path="/Users/innocentlou/Documents/React/healthid-fe/src/components/payment/recieptProductList.js">
        <metrics statements="4" coveredstatements="4" conditionals="0" coveredconditionals="0" methods="1" coveredmethods="1"/>
        <line num="7" count="6" type="stmt"/>
        <line num="10" count="3" type="stmt"/>
        <line num="11" count="3" type="stmt"/>
        <line num="23" count="6" type="stmt"/>
      </file>
      <file name="recieptScreen.js" path="/Users/innocentlou/Documents/React/healthid-fe/src/components/payment/recieptScreen.js">
        <metrics statements="8" coveredstatements="8" conditionals="2" coveredconditionals="2" methods="3" coveredmethods="3"/>
        <line num="14" count="4" type="stmt"/>
        <line num="37" count="2" type="stmt"/>
        <line num="39" count="2" type="stmt"/>
        <line num="41" count="2" type="stmt"/>
        <line num="83" count="1" type="stmt"/>
        <line num="88" count="1" type="stmt"/>
        <line num="118" count="4" type="stmt"/>
        <line num="142" count="4" type="stmt"/>
      </file>
      <file name="recieptTemplate.js" path="/Users/innocentlou/Documents/React/healthid-fe/src/components/payment/recieptTemplate.js">
        <metrics statements="7" coveredstatements="7" conditionals="6" coveredconditionals="3" methods="3" coveredmethods="3"/>
        <line num="13" count="2" type="stmt"/>
        <line num="14" count="2" type="stmt"/>
        <line num="34" count="2" type="stmt"/>
        <line num="36" count="2" type="stmt"/>
        <line num="80" count="4" type="stmt"/>
        <line num="176" count="5" type="stmt"/>
        <line num="194" count="5" type="stmt"/>
      </file>
      <file name="salesSummary.js" path="/Users/innocentlou/Documents/React/healthid-fe/src/components/payment/salesSummary.js">
        <metrics statements="8" coveredstatements="8" conditionals="17" coveredconditionals="13" methods="2" coveredmethods="2"/>
        <line num="19" count="3" type="stmt"/>
        <line num="21" count="3" type="stmt"/>
        <line num="67" count="1" type="stmt"/>
        <line num="69" count="1" type="stmt"/>
        <line num="71" count="1" type="stmt"/>
        <line num="159" count="2" type="stmt"/>
        <line num="205" count="3" type="stmt"/>
        <line num="252" count="3" type="stmt"/>
      </file>
      <file name="tableHeader.js" path="/Users/innocentlou/Documents/React/healthid-fe/src/components/payment/tableHeader.js">
        <metrics statements="2" coveredstatements="2" conditionals="0" coveredconditionals="0" methods="1" coveredmethods="1"/>
        <line num="8" count="4" type="stmt"/>
        <line num="9" count="3" type="stmt"/>
      </file>
    </package>
    <package name="components.payment.container">
      <metrics statements="66" coveredstatements="65" conditionals="10" coveredconditionals="8" methods="20" coveredmethods="20"/>
      <file name="paymentContainer.js" path="/Users/innocentlou/Documents/React/healthid-fe/src/components/payment/container/paymentContainer.js">
        <metrics statements="66" coveredstatements="65" conditionals="10" coveredconditionals="8" methods="20" coveredmethods="20"/>
        <line num="10" count="12" type="stmt"/>
        <line num="35" count="12" type="stmt"/>
        <line num="36" count="2" type="cond" truecount="2" falsecount="0"/>
        <line num="37" count="1" type="stmt"/>
        <line num="39" count="1" type="stmt"/>
        <line num="43" count="12" type="stmt"/>
        <line num="44" count="1" type="stmt"/>
        <line num="47" count="12" type="stmt"/>
        <line num="48" count="2" type="stmt"/>
        <line num="49" count="2" type="stmt"/>
        <line num="51" count="2" type="cond" truecount="2" falsecount="0"/>
        <line num="52" count="1" type="stmt"/>
        <line num="53" count="1" type="stmt"/>
        <line num="55" count="1" type="stmt"/>
        <line num="59" count="12" type="stmt"/>
        <line num="60" count="2" type="stmt"/>
        <line num="61" count="2" type="stmt"/>
        <line num="64" count="12" type="stmt"/>
        <line num="65" count="2" type="stmt"/>
        <line num="66" count="2" type="stmt"/>
        <line num="69" count="12" type="stmt"/>
        <line num="70" count="1" type="stmt"/>
        <line num="75" count="12" type="stmt"/>
        <line num="76" count="1" type="stmt"/>
        <line num="78" count="1" type="stmt"/>
        <line num="85" count="12" type="stmt"/>
        <line num="86" count="1" type="stmt"/>
        <line num="93" count="12" type="stmt"/>
        <line num="94" count="1" type="stmt"/>
        <line num="95" count="1" type="stmt"/>
        <line num="102" count="12" type="stmt"/>
        <line num="103" count="1" type="stmt"/>
        <line num="111" count="12" type="stmt"/>
        <line num="113" count="3" type="stmt"/>
        <line num="117" count="12" type="stmt"/>
        <line num="118" count="56" type="stmt"/>
        <line num="119" count="56" type="stmt"/>
        <line num="120" count="56" type="stmt"/>
        <line num="121" count="56" type="stmt"/>
        <line num="124" count="12" type="stmt"/>
        <line num="125" count="1" type="stmt"/>
        <line num="126" count="1" type="stmt"/>
        <line num="127" count="1" type="stmt"/>
        <line num="128" count="1" type="stmt"/>
        <line num="129" count="1" type="stmt"/>
        <line num="130" count="1" type="stmt"/>
        <line num="137" count="1" type="stmt"/>
        <line num="139" count="1" type="stmt"/>
        <line num="154" count="12" type="stmt"/>
        <line num="159" count="1" type="stmt"/>
        <line num="164" count="1" type="stmt"/>
        <line num="166" count="1" type="stmt"/>
        <line num="167" count="1" type="stmt"/>
        <line num="169" count="1" type="stmt"/>
        <line num="182" count="1" type="stmt"/>
        <line num="185" count="1" type="stmt"/>
        <line num="186" count="0" type="stmt"/>
        <line num="188" count="1" type="stmt"/>
        <line num="189" count="1" type="stmt"/>
        <line num="193" count="12" type="stmt"/>
        <line num="194" count="1" type="stmt"/>
        <line num="205" count="27" type="stmt"/>
        <line num="220" count="27" type="stmt"/>
        <line num="222" count="27" type="stmt"/>
        <line num="276" count="2" type="stmt"/>
        <line num="294" count="2" type="stmt"/>
      </file>
    </package>
    <package name="components.payment.utils">
      <metrics statements="10" coveredstatements="10" conditionals="4" coveredconditionals="4" methods="2" coveredmethods="2"/>
      <file name="dateFormatter.js" path="/Users/innocentlou/Documents/React/healthid-fe/src/components/payment/utils/dateFormatter.js">
        <metrics statements="9" coveredstatements="9" conditionals="4" coveredconditionals="4" methods="1" coveredmethods="1"/>
        <line num="1" count="5" type="stmt"/>
        <line num="2" count="3" type="stmt"/>
        <line num="3" count="3" type="stmt"/>
        <line num="4" count="3" type="stmt"/>
        <line num="5" count="3" type="stmt"/>
        <line num="6" count="3" type="stmt"/>
        <line num="7" count="3" type="cond" truecount="2" falsecount="0"/>
        <line num="8" count="3" type="cond" truecount="2" falsecount="0"/>
        <line num="9" count="3" type="stmt"/>
      </file>
      <file name="formatter.js" path="/Users/innocentlou/Documents/React/healthid-fe/src/components/payment/utils/formatter.js">
        <metrics statements="1" coveredstatements="1" conditionals="0" coveredconditionals="0" methods="1" coveredmethods="1"/>
        <line num="1" count="131" type="stmt"/>
      </file>
    </package>
    <package name="components.products">
      <metrics statements="172" coveredstatements="151" conditionals="73" coveredconditionals="52" methods="54" coveredmethods="48"/>
      <file name="BackAction.js" path="/Users/innocentlou/Documents/React/healthid-fe/src/components/products/BackAction.js">
        <metrics statements="4" coveredstatements="4" conditionals="0" coveredconditionals="0" methods="1" coveredmethods="1"/>
        <line num="9" count="3" type="stmt"/>
        <line num="10" count="1" type="stmt"/>
        <line num="11" count="1" type="stmt"/>
        <line num="27" count="3" type="stmt"/>
      </file>
      <file name="ProductSearch.js" path="/Users/innocentlou/Documents/React/healthid-fe/src/components/products/ProductSearch.js">
        <metrics statements="4" coveredstatements="2" conditionals="0" coveredconditionals="0" methods="3" coveredmethods="2"/>
        <line num="4" count="2" type="stmt"/>
        <line num="5" count="1" type="stmt"/>
        <line num="7" count="0" type="stmt"/>
        <line num="9" count="0" type="stmt"/>
      </file>
      <file name="afterSelectToolBar.js" path="/Users/innocentlou/Documents/React/healthid-fe/src/components/products/afterSelectToolBar.js">
        <metrics statements="13" coveredstatements="13" conditionals="2" coveredconditionals="1" methods="5" coveredmethods="4"/>
        <line num="12" count="1" type="stmt"/>
        <line num="15" count="1" type="stmt"/>
        <line num="16" count="1" type="stmt"/>
        <line num="18" count="1" type="stmt"/>
        <line num="19" count="1" type="cond" truecount="1" falsecount="1"/>
        <line num="20" count="1" type="stmt"/>
        <line num="23" count="1" type="stmt"/>
        <line num="26" count="1" type="stmt"/>
        <line num="29" count="1" type="stmt"/>
        <line num="30" count="1" type="stmt"/>
        <line num="33" count="1" type="stmt"/>
        <line num="34" count="1" type="stmt"/>
        <line num="60" count="1" type="stmt"/>
      </file>
      <file name="approveProduct.js" path="/Users/innocentlou/Documents/React/healthid-fe/src/components/products/approveProduct.js">
        <metrics statements="18" coveredstatements="17" conditionals="6" coveredconditionals="6" methods="5" coveredmethods="4"/>
        <line num="20" count="1" type="stmt"/>
        <line num="24" count="1" type="stmt"/>
        <line num="25" count="1" type="stmt"/>
        <line num="26" count="1" type="stmt"/>
        <line num="27" count="1" type="stmt"/>
        <line num="32" count="1" type="stmt"/>
        <line num="33" count="1" type="stmt"/>
        <line num="34" count="1" type="stmt"/>
        <line num="36" count="0" type="stmt"/>
        <line num="41" count="2" type="stmt"/>
        <line num="46" count="2" type="stmt"/>
        <line num="64" count="2" type="stmt"/>
        <line num="66" count="2" type="stmt"/>
        <line num="67" count="22" type="stmt"/>
        <line num="78" count="2" type="stmt"/>
        <line num="120" count="1" type="stmt"/>
        <line num="128" count="1" type="stmt"/>
        <line num="133" count="1" type="stmt"/>
      </file>
      <file name="approveProductMutation.js" path="/Users/innocentlou/Documents/React/healthid-fe/src/components/products/approveProductMutation.js">
        <metrics statements="1" coveredstatements="1" conditionals="0" coveredconditionals="0" methods="0" coveredmethods="0"/>
        <line num="3" count="1" type="stmt"/>
      </file>
      <file name="productDetailRender.js" path="/Users/innocentlou/Documents/React/healthid-fe/src/components/products/productDetailRender.js">
        <metrics statements="27" coveredstatements="27" conditionals="4" coveredconditionals="2" methods="16" coveredmethods="16"/>
        <line num="17" count="1" type="stmt"/>
        <line num="19" count="3" type="stmt"/>
        <line num="21" count="1" type="stmt"/>
        <line num="22" count="1" type="stmt"/>
        <line num="23" count="1" type="stmt"/>
        <line num="25" count="1" type="stmt"/>
        <line num="26" count="1" type="stmt"/>
        <line num="27" count="1" type="stmt"/>
        <line num="29" count="1" type="stmt"/>
        <line num="31" count="1" type="stmt"/>
        <line num="34" count="1" type="stmt"/>
        <line num="35" count="1" type="stmt"/>
        <line num="40" count="1" type="stmt"/>
        <line num="42" count="1" type="stmt"/>
        <line num="44" count="1" type="stmt"/>
        <line num="71" count="1" type="stmt"/>
        <line num="72" count="1" type="stmt"/>
        <line num="73" count="1" type="stmt"/>
        <line num="74" count="1" type="cond" truecount="1" falsecount="1"/>
        <line num="75" count="1" type="stmt"/>
        <line num="78" count="1" type="stmt"/>
        <line num="79" count="16" type="stmt"/>
        <line num="89" count="1" type="stmt"/>
        <line num="90" count="8" type="stmt"/>
        <line num="98" count="1" type="stmt"/>
        <line num="169" count="1" type="stmt"/>
        <line num="175" count="1" type="stmt"/>
      </file>
      <file name="productIcons.js" path="/Users/innocentlou/Documents/React/healthid-fe/src/components/products/productIcons.js">
        <metrics statements="16" coveredstatements="14" conditionals="8" coveredconditionals="6" methods="3" coveredmethods="3"/>
        <line num="6" count="4" type="stmt"/>
        <line num="7" count="59" type="cond" truecount="3" falsecount="1"/>
        <line num="9" count="14" type="stmt"/>
        <line num="25" count="31" type="stmt"/>
        <line num="41" count="14" type="stmt"/>
        <line num="49" count="0" type="stmt"/>
        <line num="53" count="4" type="stmt"/>
        <line num="54" count="59" type="cond" truecount="3" falsecount="1"/>
        <line num="56" count="14" type="stmt"/>
        <line num="60" count="31" type="stmt"/>
        <line num="64" count="14" type="stmt"/>
        <line num="66" count="0" type="stmt"/>
        <line num="70" count="4" type="stmt"/>
        <line num="71" count="59" type="stmt"/>
        <line num="81" count="4" type="stmt"/>
        <line num="86" count="4" type="stmt"/>
      </file>
      <file name="productLoader.js" path="/Users/innocentlou/Documents/React/healthid-fe/src/components/products/productLoader.js">
        <metrics statements="2" coveredstatements="2" conditionals="0" coveredconditionals="0" methods="1" coveredmethods="1"/>
        <line num="4" count="2" type="stmt"/>
        <line num="5" count="3" type="stmt"/>
      </file>
      <file name="productQueries.js" path="/Users/innocentlou/Documents/React/healthid-fe/src/components/products/productQueries.js">
        <metrics statements="3" coveredstatements="3" conditionals="0" coveredconditionals="0" methods="0" coveredmethods="0"/>
        <line num="3" count="2" type="stmt"/>
        <line num="77" count="2" type="stmt"/>
        <line num="121" count="2" type="stmt"/>
      </file>
      <file name="productsSVGIconPaths.js" path="/Users/innocentlou/Documents/React/healthid-fe/src/components/products/productsSVGIconPaths.js">
        <metrics statements="2" coveredstatements="2" conditionals="0" coveredconditionals="0" methods="0" coveredmethods="0"/>
        <line num="1" count="4" type="stmt"/>
        <line num="6" count="4" type="stmt"/>
      </file>
      <file name="productsTable.js" path="/Users/innocentlou/Documents/React/healthid-fe/src/components/products/productsTable.js">
        <metrics statements="60" coveredstatements="47" conditionals="41" coveredconditionals="27" methods="11" coveredmethods="9"/>
        <line num="17" count="10" type="stmt"/>
        <line num="18" count="10" type="stmt"/>
        <line num="27" count="10" type="stmt"/>
        <line num="28" count="1" type="stmt"/>
        <line num="30" count="1" type="cond" truecount="3" falsecount="2"/>
        <line num="31" count="1" type="cond" truecount="2" falsecount="2"/>
        <line num="33" count="1" type="stmt"/>
        <line num="36" count="10" type="stmt"/>
        <line num="37" count="1" type="stmt"/>
        <line num="40" count="1" type="stmt"/>
        <line num="43" count="10" type="stmt"/>
        <line num="44" count="2" type="cond" truecount="4" falsecount="0"/>
        <line num="45" count="1" type="stmt"/>
        <line num="50" count="1" type="stmt"/>
        <line num="51" count="1" type="cond" truecount="1" falsecount="1"/>
        <line num="52" count="1" type="stmt"/>
        <line num="57" count="14" type="stmt"/>
        <line num="60" count="14" type="stmt"/>
        <line num="61" count="14" type="stmt"/>
        <line num="63" count="14" type="stmt"/>
        <line num="76" count="25" type="cond" truecount="2" falsecount="0"/>
        <line num="77" count="12" type="cond" truecount="2" falsecount="0"/>
        <line num="78" count="3" type="stmt"/>
        <line num="80" count="9" type="stmt"/>
        <line num="83" count="9" type="cond" truecount="3" falsecount="2"/>
        <line num="85" count="0" type="stmt"/>
        <line num="86" count="0" type="stmt"/>
        <line num="89" count="1" type="stmt"/>
        <line num="90" count="1" type="stmt"/>
        <line num="93" count="0" type="stmt"/>
        <line num="94" count="0" type="stmt"/>
        <line num="97" count="2" type="stmt"/>
        <line num="98" count="2" type="stmt"/>
        <line num="101" count="6" type="stmt"/>
        <line num="102" count="6" type="stmt"/>
        <line num="103" count="6" type="stmt"/>
        <line num="106" count="9" type="cond" truecount="4" falsecount="0"/>
        <line num="107" count="1" type="stmt"/>
        <line num="110" count="9" type="cond" truecount="5" falsecount="1"/>
        <line num="112" count="9" type="stmt"/>
        <line num="237" count="9" type="stmt"/>
        <line num="242" count="7" type="stmt"/>
        <line num="244" count="7" type="stmt"/>
        <line num="264" count="9" type="stmt"/>
        <line num="279" count="0" type="stmt"/>
        <line num="286" count="0" type="stmt"/>
        <line num="287" count="0" type="cond" truecount="0" falsecount="4"/>
        <line num="288" count="0" type="stmt"/>
        <line num="290" count="0" type="stmt"/>
        <line num="293" count="10" type="stmt"/>
        <line num="294" count="10" type="stmt"/>
        <line num="302" count="1" type="cond" truecount="1" falsecount="2"/>
        <line num="304" count="0" type="stmt"/>
        <line num="305" count="0" type="stmt"/>
        <line num="307" count="0" type="stmt"/>
        <line num="308" count="0" type="stmt"/>
        <line num="310" count="1" type="stmt"/>
        <line num="314" count="9" type="stmt"/>
        <line num="328" count="1" type="stmt"/>
        <line num="335" count="1" type="stmt"/>
      </file>
      <file name="toolBar.js" path="/Users/innocentlou/Documents/React/healthid-fe/src/components/products/toolBar.js">
        <metrics statements="22" coveredstatements="19" conditionals="12" coveredconditionals="10" methods="9" coveredmethods="8"/>
        <line num="21" count="9" type="stmt"/>
        <line num="26" count="9" type="stmt"/>
        <line num="27" count="1" type="stmt"/>
        <line num="28" count="1" type="stmt"/>
        <line num="31" count="9" type="stmt"/>
        <line num="32" count="1" type="stmt"/>
        <line num="33" count="1" type="stmt"/>
        <line num="36" count="9" type="stmt"/>
        <line num="37" count="1" type="stmt"/>
        <line num="40" count="9" type="stmt"/>
        <line num="41" count="0" type="stmt"/>
        <line num="42" count="0" type="stmt"/>
        <line num="46" count="0" type="stmt"/>
        <line num="50" count="14" type="stmt"/>
        <line num="53" count="14" type="stmt"/>
        <line num="54" count="14" type="stmt"/>
        <line num="60" count="20" type="stmt"/>
        <line num="79" count="4" type="stmt"/>
        <line num="122" count="20" type="stmt"/>
        <line num="139" count="3" type="stmt"/>
        <line num="187" count="1" type="stmt"/>
        <line num="193" count="1" type="stmt"/>
      </file>
    </package>
    <package name="components.products.AddProduct">
      <metrics statements="117" coveredstatements="97" conditionals="33" coveredconditionals="20" methods="38" coveredmethods="30"/>
      <file name="ActionButtons.js" path="/Users/innocentlou/Documents/React/healthid-fe/src/components/products/AddProduct/ActionButtons.js">
        <metrics statements="5" coveredstatements="5" conditionals="0" coveredconditionals="0" methods="1" coveredmethods="1"/>
        <line num="7" count="3" type="stmt"/>
        <line num="8" count="2" type="stmt"/>
        <line num="10" count="2" type="stmt"/>
        <line num="35" count="3" type="stmt"/>
        <line num="41" count="3" type="stmt"/>
      </file>
      <file name="AddProduct.js" path="/Users/innocentlou/Documents/React/healthid-fe/src/components/products/AddProduct/AddProduct.js">
        <metrics statements="102" coveredstatements="82" conditionals="16" coveredconditionals="11" methods="32" coveredmethods="24"/>
        <line num="19" count="10" type="stmt"/>
        <line num="47" count="10" type="stmt"/>
        <line num="48" count="1" type="stmt"/>
        <line num="49" count="1" type="stmt"/>
        <line num="50" count="1" type="stmt"/>
        <line num="51" count="1" type="stmt"/>
        <line num="52" count="1" type="cond" truecount="1" falsecount="1"/>
        <line num="53" count="1" type="stmt"/>
        <line num="57" count="10" type="stmt"/>
        <line num="58" count="1" type="stmt"/>
        <line num="59" count="1" type="stmt"/>
        <line num="62" count="10" type="stmt"/>
        <line num="63" count="1" type="stmt"/>
        <line num="64" count="1" type="stmt"/>
        <line num="65" count="1" type="stmt"/>
        <line num="68" count="10" type="stmt"/>
        <line num="69" count="1" type="stmt"/>
        <line num="70" count="1" type="stmt"/>
        <line num="72" count="1" type="stmt"/>
        <line num="78" count="10" type="stmt"/>
        <line num="79" count="1" type="stmt"/>
        <line num="80" count="1" type="stmt"/>
        <line num="81" count="2" type="stmt"/>
        <line num="85" count="10" type="stmt"/>
        <line num="86" count="2" type="stmt"/>
        <line num="89" count="10" type="stmt"/>
        <line num="90" count="3" type="stmt"/>
        <line num="96" count="3" type="stmt"/>
        <line num="98" count="3" type="stmt"/>
        <line num="100" count="3" type="stmt"/>
        <line num="102" count="3" type="stmt"/>
        <line num="119" count="3" type="stmt"/>
        <line num="120" count="3" type="stmt"/>
        <line num="121" count="0" type="stmt"/>
        <line num="122" count="0" type="stmt"/>
        <line num="125" count="3" type="stmt"/>
        <line num="126" count="0" type="stmt"/>
        <line num="130" count="10" type="stmt"/>
        <line num="131" count="1" type="stmt"/>
        <line num="134" count="10" type="stmt"/>
        <line num="135" count="1" type="stmt"/>
        <line num="136" count="1" type="stmt"/>
        <line num="137" count="0" type="stmt"/>
        <line num="156" count="10" type="stmt"/>
        <line num="157" count="2" type="stmt"/>
        <line num="158" count="2" type="stmt"/>
        <line num="159" count="2" type="stmt"/>
        <line num="160" count="2" type="stmt"/>
        <line num="161" count="2" type="cond" truecount="3" falsecount="1"/>
        <line num="162" count="2" type="stmt"/>
        <line num="163" count="2" type="cond" truecount="1" falsecount="1"/>
        <line num="164" count="0" type="stmt"/>
        <line num="169" count="0" type="stmt"/>
        <line num="170" count="0" type="stmt"/>
        <line num="171" count="0" type="stmt"/>
        <line num="176" count="0" type="stmt"/>
        <line num="181" count="10" type="stmt"/>
        <line num="182" count="1" type="stmt"/>
        <line num="183" count="1" type="stmt"/>
        <line num="184" count="1" type="stmt"/>
        <line num="185" count="1" type="stmt"/>
        <line num="187" count="1" type="stmt"/>
        <line num="188" count="1" type="stmt"/>
        <line num="189" count="1" type="stmt"/>
        <line num="190" count="0" type="stmt"/>
        <line num="201" count="0" type="stmt"/>
        <line num="203" count="1" type="stmt"/>
        <line num="204" count="0" type="stmt"/>
        <line num="205" count="0" type="stmt"/>
        <line num="206" count="0" type="stmt"/>
        <line num="207" count="0" type="stmt"/>
        <line num="210" count="1" type="stmt"/>
        <line num="213" count="10" type="stmt"/>
        <line num="214" count="3" type="stmt"/>
[...]
        <line num="745" count="3" type="stmt"/>
        <line num="746" count="1" type="stmt"/>
        <line num="756" count="2" type="stmt"/>
        <line num="757" count="2" type="stmt"/>
        <line num="759" count="2" type="stmt"/>
        <line num="763" count="2" type="stmt"/>
        <line num="768" count="0" type="stmt"/>
        <line num="791" count="2" type="stmt"/>
        <line num="794" count="2" type="stmt"/>
        <line num="796" count="2" type="cond" truecount="2" falsecount="2"/>
        <line num="797" count="0" type="stmt"/>
        <line num="807" count="0" type="stmt"/>
        <line num="830" count="2" type="stmt"/>
        <line num="847" count="2" type="stmt"/>
        <line num="848" count="0" type="stmt"/>
        <line num="849" count="0" type="stmt"/>
        <line num="854" count="2" type="stmt"/>
        <line num="855" count="0" type="stmt"/>
        <line num="869" count="2" type="stmt"/>
        <line num="870" count="0" type="stmt"/>
        <line num="877" count="182" type="stmt"/>
        <line num="878" count="182" type="stmt"/>
        <line num="882" count="182" type="stmt"/>
        <line num="883" count="182" type="stmt"/>
        <line num="950" count="1" type="stmt"/>
        <line num="957" count="1" type="stmt"/>
      </file>
      <file name="withInitialData.js" path="/Users/innocentlou/Documents/React/healthid-fe/src/containers/withInitialData.js">
        <metrics statements="8" coveredstatements="2" conditionals="4" coveredconditionals="0" methods="3" coveredmethods="2"/>
        <line num="6" count="3" type="stmt"/>
        <line num="7" count="1" type="stmt"/>
        <line num="13" count="0" type="cond" truecount="0" falsecount="2"/>
        <line num="14" count="0" type="cond" truecount="0" falsecount="2"/>
        <line num="16" count="0" type="stmt"/>
        <line num="17" count="0" type="stmt"/>
        <line num="18" count="0" type="stmt"/>
        <line num="20" count="0" type="stmt"/>
      </file>
    </package>
    <package name="mutations">
      <metrics statements="22" coveredstatements="22" conditionals="0" coveredconditionals="0" methods="0" coveredmethods="0"/>
      <file name="addUsersSetupMutation.js" path="/Users/innocentlou/Documents/React/healthid-fe/src/mutations/addUsersSetupMutation.js">
        <metrics statements="2" coveredstatements="2" conditionals="0" coveredconditionals="0" methods="0" coveredmethods="0"/>
        <line num="3" count="1" type="stmt"/>
        <line num="32" count="1" type="stmt"/>
      </file>
      <file name="adminSetupMutation.js" path="/Users/innocentlou/Documents/React/healthid-fe/src/mutations/adminSetupMutation.js">
        <metrics statements="1" coveredstatements="1" conditionals="0" coveredconditionals="0" methods="0" coveredmethods="0"/>
        <line num="3" count="1" type="stmt"/>
      </file>
      <file name="businessSetupMutation.js" path="/Users/innocentlou/Documents/React/healthid-fe/src/mutations/businessSetupMutation.js">
        <metrics statements="1" coveredstatements="1" conditionals="0" coveredconditionals="0" methods="0" coveredmethods="0"/>
        <line num="3" count="1" type="stmt"/>
      </file>
      <file name="createEvent.js" path="/Users/innocentlou/Documents/React/healthid-fe/src/mutations/createEvent.js">
        <metrics statements="1" coveredstatements="1" conditionals="0" coveredconditionals="0" methods="0" coveredmethods="0"/>
        <line num="3" count="1" type="stmt"/>
      </file>
      <file name="createProduct.js" path="/Users/innocentlou/Documents/React/healthid-fe/src/mutations/createProduct.js">
        <metrics statements="1" coveredstatements="1" conditionals="0" coveredconditionals="0" methods="0" coveredmethods="0"/>
        <line num="3" count="1" type="stmt"/>
      </file>
      <file name="createProductCategory.js" path="/Users/innocentlou/Documents/React/healthid-fe/src/mutations/createProductCategory.js">
        <metrics statements="1" coveredstatements="1" conditionals="0" coveredconditionals="0" methods="0" coveredmethods="0"/>
        <line num="3" count="2" type="stmt"/>
      </file>
      <file name="createReceiptTempMutation.js" path="/Users/innocentlou/Documents/React/healthid-fe/src/mutations/createReceiptTempMutation.js">
        <metrics statements="1" coveredstatements="1" conditionals="0" coveredconditionals="0" methods="0" coveredmethods="0"/>
        <line num="3" count="1" type="stmt"/>
      </file>
      <file name="createRegisterMutation.js" path="/Users/innocentlou/Documents/React/healthid-fe/src/mutations/createRegisterMutation.js">
        <metrics statements="1" coveredstatements="1" conditionals="0" coveredconditionals="0" methods="0" coveredmethods="0"/>
        <line num="3" count="1" type="stmt"/>
      </file>
      <file name="createStockCountTemplate.js" path="/Users/innocentlou/Documents/React/healthid-fe/src/mutations/createStockCountTemplate.js">
        <metrics statements="1" coveredstatements="1" conditionals="0" coveredconditionals="0" methods="0" coveredmethods="0"/>
        <line num="3" count="1" type="stmt"/>
      </file>
      <file name="deleteOutletMutation.js" path="/Users/innocentlou/Documents/React/healthid-fe/src/mutations/deleteOutletMutation.js">
        <metrics statements="1" coveredstatements="1" conditionals="0" coveredconditionals="0" methods="0" coveredmethods="0"/>
        <line num="3" count="1" type="stmt"/>
      </file>
      <file name="deleteProductCategories.js" path="/Users/innocentlou/Documents/React/healthid-fe/src/mutations/deleteProductCategories.js">
        <metrics statements="1" coveredstatements="1" conditionals="0" coveredconditionals="0" methods="0" coveredmethods="0"/>
        <line num="3" count="2" type="stmt"/>
      </file>
      <file name="deleteReceiptTempMutation.js" path="/Users/innocentlou/Documents/React/healthid-fe/src/mutations/deleteReceiptTempMutation.js">
        <metrics statements="1" coveredstatements="1" conditionals="0" coveredconditionals="0" methods="0" coveredmethods="0"/>
        <line num="3" count="1" type="stmt"/>
      </file>
      <file name="editProductCategories.js" path="/Users/innocentlou/Documents/React/healthid-fe/src/mutations/editProductCategories.js">
        <metrics statements="1" coveredstatements="1" conditionals="0" coveredconditionals="0" methods="0" coveredmethods="0"/>
        <line num="3" count="2" type="stmt"/>
      </file>
      <file name="outletSetupMutation.js" path="/Users/innocentlou/Documents/React/healthid-fe/src/mutations/outletSetupMutation.js">
        <metrics statements="1" coveredstatements="1" conditionals="0" coveredconditionals="0" methods="0" coveredmethods="0"/>
        <line num="3" count="1" type="stmt"/>
      </file>
      <file name="stockControl.js" path="/Users/innocentlou/Documents/React/healthid-fe/src/mutations/stockControl.js">
        <metrics statements="2" coveredstatements="2" conditionals="0" coveredconditionals="0" methods="0" coveredmethods="0"/>
        <line num="3" count="8" type="stmt"/>
        <line num="26" count="8" type="stmt"/>
      </file>
      <file name="updateOutletMutation.js" path="/Users/innocentlou/Documents/React/healthid-fe/src/mutations/updateOutletMutation.js">
        <metrics statements="1" coveredstatements="1" conditionals="0" coveredconditionals="0" methods="0" coveredmethods="0"/>
        <line num="3" count="1" type="stmt"/>
      </file>
      <file name="updateReceiptTempMutation.js" path="/Users/innocentlou/Documents/React/healthid-fe/src/mutations/updateReceiptTempMutation.js">
        <metrics statements="1" coveredstatements="1" conditionals="0" coveredconditionals="0" methods="0" coveredmethods="0"/>
        <line num="3" count="1" type="stmt"/>
      </file>
      <file name="updateRegisterMutation.js" path="/Users/innocentlou/Documents/React/healthid-fe/src/mutations/updateRegisterMutation.js">
        <metrics statements="1" coveredstatements="1" conditionals="0" coveredconditionals="0" methods="0" coveredmethods="0"/>
        <line num="3" count="1" type="stmt"/>
      </file>
      <file name="updateUserMutation.js" path="/Users/innocentlou/Documents/React/healthid-fe/src/mutations/updateUserMutation.js">
        <metrics statements="1" coveredstatements="1" conditionals="0" coveredconditionals="0" methods="0" coveredmethods="0"/>
        <line num="3" count="2" type="stmt"/>
      </file>
      <file name="updateUserPassword.js" path="/Users/innocentlou/Documents/React/healthid-fe/src/mutations/updateUserPassword.js">
        <metrics statements="1" coveredstatements="1" conditionals="0" coveredconditionals="0" methods="0" coveredmethods="0"/>
        <line num="3" count="1" type="stmt"/>
      </file>
    </package>
    <package name="mutations.sellScreen">
      <metrics statements="3" coveredstatements="3" conditionals="0" coveredconditionals="0" methods="0" coveredmethods="0"/>
      <file name="createCustomerMutation.js" path="/Users/innocentlou/Documents/React/healthid-fe/src/mutations/sellScreen/createCustomerMutation.js">
        <metrics statements="1" coveredstatements="1" conditionals="0" coveredconditionals="0" methods="0" coveredmethods="0"/>
        <line num="3" count="3" type="stmt"/>
      </file>
      <file name="createSaleMutation.js" path="/Users/innocentlou/Documents/React/healthid-fe/src/mutations/sellScreen/createSaleMutation.js">
        <metrics statements="1" coveredstatements="1" conditionals="0" coveredconditionals="0" methods="0" coveredmethods="0"/>
        <line num="3" count="2" type="stmt"/>
      </file>
      <file name="editCustomerMutation.js" path="/Users/innocentlou/Documents/React/healthid-fe/src/mutations/sellScreen/editCustomerMutation.js">
        <metrics statements="1" coveredstatements="1" conditionals="0" coveredconditionals="0" methods="0" coveredmethods="0"/>
        <line num="3" count="3" type="stmt"/>
      </file>
    </package>
    <package name="mutations.setup">
      <metrics statements="1" coveredstatements="1" conditionals="0" coveredconditionals="0" methods="0" coveredmethods="0"/>
      <file name="updateOutletPreferences.js" path="/Users/innocentlou/Documents/React/healthid-fe/src/mutations/setup/updateOutletPreferences.js">
        <metrics statements="1" coveredstatements="1" conditionals="0" coveredconditionals="0" methods="0" coveredmethods="0"/>
        <line num="3" count="1" type="stmt"/>
      </file>
    </package>
    <package name="queries">
      <metrics statements="18" coveredstatements="18" conditionals="0" coveredconditionals="0" methods="0" coveredmethods="0"/>
      <file name="addUsersSetupQuery.js" path="/Users/innocentlou/Documents/React/healthid-fe/src/queries/addUsersSetupQuery.js">
        <metrics statements="2" coveredstatements="2" conditionals="0" coveredconditionals="0" methods="0" coveredmethods="0"/>
        <line num="3" count="1" type="stmt"/>
        <line num="11" count="1" type="stmt"/>
      </file>
      <file name="countryProductsCustomerQuery.js" path="/Users/innocentlou/Documents/React/healthid-fe/src/queries/countryProductsCustomerQuery.js">
        <metrics statements="1" coveredstatements="1" conditionals="0" coveredconditionals="0" methods="0" coveredmethods="0"/>
        <line num="3" count="2" type="stmt"/>
      </file>
      <file name="countryQuery.js" path="/Users/innocentlou/Documents/React/healthid-fe/src/queries/countryQuery.js">
        <metrics statements="1" coveredstatements="1" conditionals="0" coveredconditionals="0" methods="0" coveredmethods="0"/>
        <line num="3" count="1" type="stmt"/>
      </file>
      <file name="filteredProductsQuery.js" path="/Users/innocentlou/Documents/React/healthid-fe/src/queries/filteredProductsQuery.js">
        <metrics statements="1" coveredstatements="1" conditionals="0" coveredconditionals="0" methods="0" coveredmethods="0"/>
        <line num="3" count="1" type="stmt"/>
      </file>
      <file name="getCurrencies.js" path="/Users/innocentlou/Documents/React/healthid-fe/src/queries/getCurrencies.js">
        <metrics statements="1" coveredstatements="1" conditionals="0" coveredconditionals="0" methods="0" coveredmethods="0"/>
        <line num="3" count="1" type="stmt"/>
      </file>
      <file name="getSuppliers.js" path="/Users/innocentlou/Documents/React/healthid-fe/src/queries/getSuppliers.js">
        <metrics statements="1" coveredstatements="1" conditionals="0" coveredconditionals="0" methods="0" coveredmethods="0"/>
        <line num="3" count="1" type="stmt"/>
      </file>
      <file name="getTimezones.js" path="/Users/innocentlou/Documents/React/healthid-fe/src/queries/getTimezones.js">
        <metrics statements="1" coveredstatements="1" conditionals="0" coveredconditionals="0" methods="0" coveredmethods="0"/>
        <line num="3" count="1" type="stmt"/>
      </file>
      <file name="outletPreferences.js" path="/Users/innocentlou/Documents/React/healthid-fe/src/queries/outletPreferences.js">
        <metrics statements="1" coveredstatements="1" conditionals="0" coveredconditionals="0" methods="0" coveredmethods="0"/>
        <line num="3" count="1" type="stmt"/>
      </file>
      <file name="productCategoryQuery.js" path="/Users/innocentlou/Documents/React/healthid-fe/src/queries/productCategoryQuery.js">
        <metrics statements="1" coveredstatements="1" conditionals="0" coveredconditionals="0" methods="0" coveredmethods="0"/>
        <line num="3" count="2" type="stmt"/>
      </file>
      <file name="productDetailQuery.js" path="/Users/innocentlou/Documents/React/healthid-fe/src/queries/productDetailQuery.js">
        <metrics statements="1" coveredstatements="1" conditionals="0" coveredconditionals="0" methods="0" coveredmethods="0"/>
        <line num="3" count="1" type="stmt"/>
      </file>
      <file name="productsSuppliersCategoriesQuery.js" path="/Users/innocentlou/Documents/React/healthid-fe/src/queries/productsSuppliersCategoriesQuery.js">
        <metrics statements="1" coveredstatements="1" conditionals="0" coveredconditionals="0" methods="0" coveredmethods="0"/>
        <line num="3" count="1" type="stmt"/>
      </file>
      <file name="salesHistoryQuery.js" path="/Users/innocentlou/Documents/React/healthid-fe/src/queries/salesHistoryQuery.js">
        <metrics statements="1" coveredstatements="1" conditionals="0" coveredconditionals="0" methods="0" coveredmethods="0"/>
        <line num="3" count="1" type="stmt"/>
      </file>
      <file name="stockProducts.js" path="/Users/innocentlou/Documents/React/healthid-fe/src/queries/stockProducts.js">
        <metrics statements="3" coveredstatements="3" conditionals="0" coveredconditionals="0" methods="0" coveredmethods="0"/>
        <line num="3" count="8" type="stmt"/>
        <line num="27" count="8" type="stmt"/>
        <line num="49" count="8" type="stmt"/>
      </file>
      <file name="updateUserQuery.js" path="/Users/innocentlou/Documents/React/healthid-fe/src/queries/updateUserQuery.js">
        <metrics statements="1" coveredstatements="1" conditionals="0" coveredconditionals="0" methods="0" coveredmethods="0"/>
        <line num="3" count="2" type="stmt"/>
      </file>
      <file name="userDataQuery.js" path="/Users/innocentlou/Documents/React/healthid-fe/src/queries/userDataQuery.js">
        <metrics statements="1" coveredstatements="1" conditionals="0" coveredconditionals="0" methods="0" coveredmethods="0"/>
        <line num="3" count="17" type="stmt"/>
      </file>
    </package>
    <package name="utils.authentication">
      <metrics statements="39" coveredstatements="39" conditionals="10" coveredconditionals="10" methods="4" coveredmethods="4"/>
      <file name="Validation.js" path="/Users/innocentlou/Documents/React/healthid-fe/src/utils/authentication/Validation.js">
        <metrics statements="39" coveredstatements="39" conditionals="10" coveredconditionals="10" methods="4" coveredmethods="4"/>
        <line num="4" count="21" type="stmt"/>
        <line num="5" count="6" type="stmt"/>
        <line num="6" count="6" type="stmt"/>
        <line num="7" count="6" type="stmt"/>
        <line num="8" count="6" type="cond" truecount="2" falsecount="0"/>
        <line num="9" count="2" type="stmt"/>
        <line num="14" count="2" type="stmt"/>
        <line num="15" count="4" type="cond" truecount="2" falsecount="0"/>
        <line num="16" count="1" type="stmt"/>
        <line num="21" count="1" type="stmt"/>
        <line num="23" count="3" type="stmt"/>
        <line num="28" count="3" type="stmt"/>
        <line num="30" count="6" type="stmt"/>
        <line num="33" count="21" type="stmt"/>
        <line num="35" count="4" type="stmt"/>
        <line num="36" count="4" type="stmt"/>
        <line num="37" count="4" type="stmt"/>
        <line num="38" count="4" type="cond" truecount="2" falsecount="0"/>
        <line num="39" count="2" type="stmt"/>
        <line num="44" count="2" type="stmt"/>
        <line num="46" count="2" type="stmt"/>
        <line num="51" count="2" type="stmt"/>
        <line num="53" count="4" type="stmt"/>
        <line num="57" count="21" type="stmt"/>
        <line num="60" count="2" type="stmt"/>
        <line num="61" count="2" type="stmt"/>
        <line num="62" count="2" type="cond" truecount="2" falsecount="0"/>
        <line num="63" count="1" type="stmt"/>
        <line num="68" count="1" type="stmt"/>
        <line num="70" count="1" type="stmt"/>
        <line num="75" count="1" type="stmt"/>
        <line num="77" count="2" type="stmt"/>
        <line num="80" count="21" type="stmt"/>
        <line num="83" count="3" type="cond" truecount="2" falsecount="0"/>
        <line num="84" count="2" type="stmt"/>
        <line num="89" count="2" type="stmt"/>
        <line num="91" count="1" type="stmt"/>
        <line num="96" count="1" type="stmt"/>
        <line num="98" count="3" type="stmt"/>
      </file>
    </package>
    <package name="utils.products">
      <metrics statements="24" coveredstatements="24" conditionals="8" coveredconditionals="8" methods="4" coveredmethods="4"/>
      <file name="ProductNameValidation.js" path="/Users/innocentlou/Documents/React/healthid-fe/src/utils/products/ProductNameValidation.js">
        <metrics statements="10" coveredstatements="10" conditionals="4" coveredconditionals="4" methods="2" coveredmethods="2"/>
        <line num="1" count="2" type="stmt"/>
        <line num="2" count="4" type="stmt"/>
        <line num="3" count="7" type="stmt"/>
        <line num="5" count="4" type="cond" truecount="2" falsecount="0"/>
        <line num="6" count="3" type="cond" truecount="2" falsecount="0"/>
        <line num="7" count="1" type="stmt"/>
        <line num="8" count="1" type="stmt"/>
        <line num="10" count="2" type="stmt"/>
        <line num="11" count="2" type="stmt"/>
        <line num="13" count="1" type="stmt"/>
      </file>
      <file name="verifyFile.js" path="/Users/innocentlou/Documents/React/healthid-fe/src/utils/products/verifyFile.js">
        <metrics statements="14" coveredstatements="14" conditionals="4" coveredconditionals="4" methods="2" coveredmethods="2"/>
        <line num="4" count="2" type="stmt"/>
        <line num="5" count="3" type="stmt"/>
        <line num="6" count="3" type="stmt"/>
        <line num="7" count="11" type="stmt"/>
        <line num="9" count="3" type="stmt"/>
        <line num="10" count="3" type="stmt"/>
        <line num="11" count="3" type="stmt"/>
        <line num="12" count="3" type="cond" truecount="2" falsecount="0"/>
        <line num="13" count="1" type="stmt"/>
        <line num="14" count="1" type="stmt"/>
        <line num="16" count="2" type="cond" truecount="2" falsecount="0"/>
        <line num="17" count="1" type="stmt"/>
        <line num="18" count="1" type="stmt"/>
        <line num="20" count="1" type="stmt"/>
      </file>
    </package>
  </project>
</coverage>
