{"/Users/innocentlou/Documents/React/healthid-fe/src/assets/SvgIcons/sellScreenSvgs.js": {"path":"/Users/innocentlou/Documents/React/healthid-fe/src/assets/SvgIcons/sellScreenSvgs.js","statementMap":{"0":{"start":{"line":4,"column":25},"end":{"line":8,"column":1}},"1":{"start":{"line":5,"column":2},"end":{"line":7,"column":12}},"2":{"start":{"line":10,"column":24},"end":{"line":14,"column":1}},"3":{"start":{"line":11,"column":2},"end":{"line":13,"column":12}},"4":{"start":{"line":16,"column":25},"end":{"line":20,"column":1}},"5":{"start":{"line":17,"column":2},"end":{"line":19,"column":12}},"6":{"start":{"line":22,"column":28},"end":{"line":26,"column":1}},"7":{"start":{"line":23,"column":2},"end":{"line":25,"column":12}},"8":{"start":{"line":28,"column":25},"end":{"line":32,"column":1}},"9":{"start":{"line":29,"column":2},"end":{"line":31,"column":12}},"10":{"start":{"line":34,"column":28},"end":{"line":38,"column":1}},"11":{"start":{"line":35,"column":2},"end":{"line":37,"column":12}},"12":{"start":{"line":40,"column":27},"end":{"line":44,"column":1}},"13":{"start":{"line":41,"column":2},"end":{"line":43,"column":12}},"14":{"start":{"line":46,"column":27},"end":{"line":50,"column":1}},"15":{"start":{"line":47,"column":2},"end":{"line":49,"column":12}},"16":{"start":{"line":52,"column":29},"end":{"line":56,"column":1}},"17":{"start":{"line":53,"column":2},"end":{"line":55,"column":12}},"18":{"start":{"line":58,"column":27},"end":{"line":63,"column":1}},"19":{"start":{"line":59,"column":2},"end":{"line":62,"column":12}},"20":{"start":{"line":65,"column":28},"end":{"line":72,"column":1}},"21":{"start":{"line":66,"column":2},"end":{"line":71,"column":12}},"22":{"start":{"line":74,"column":28},"end":{"line":79,"column":1}},"23":{"start":{"line":75,"column":2},"end":{"line":78,"column":12}},"24":{"start":{"line":81,"column":26},"end":{"line":85,"column":1}},"25":{"start":{"line":82,"column":2},"end":{"line":84,"column":12}},"26":{"start":{"line":87,"column":25},"end":{"line":91,"column":1}},"27":{"start":{"line":88,"column":2},"end":{"line":90,"column":12}}},"fnMap":{"0":{"name":"(anonymous_0)","decl":{"start":{"line":4,"column":25},"end":{"line":4,"column":26}},"loc":{"start":{"line":5,"column":2},"end":{"line":7,"column":12}},"line":5},"1":{"name":"(anonymous_1)","decl":{"start":{"line":10,"column":24},"end":{"line":10,"column":25}},"loc":{"start":{"line":11,"column":2},"end":{"line":13,"column":12}},"line":11},"2":{"name":"(anonymous_2)","decl":{"start":{"line":16,"column":25},"end":{"line":16,"column":26}},"loc":{"start":{"line":17,"column":2},"end":{"line":19,"column":12}},"line":17},"3":{"name":"(anonymous_3)","decl":{"start":{"line":22,"column":28},"end":{"line":22,"column":29}},"loc":{"start":{"line":23,"column":2},"end":{"line":25,"column":12}},"line":23},"4":{"name":"(anonymous_4)","decl":{"start":{"line":28,"column":25},"end":{"line":28,"column":26}},"loc":{"start":{"line":29,"column":2},"end":{"line":31,"column":12}},"line":29},"5":{"name":"(anonymous_5)","decl":{"start":{"line":34,"column":28},"end":{"line":34,"column":29}},"loc":{"start":{"line":35,"column":2},"end":{"line":37,"column":12}},"line":35},"6":{"name":"(anonymous_6)","decl":{"start":{"line":40,"column":27},"end":{"line":40,"column":28}},"loc":{"start":{"line":41,"column":2},"end":{"line":43,"column":12}},"line":41},"7":{"name":"(anonymous_7)","decl":{"start":{"line":46,"column":27},"end":{"line":46,"column":28}},"loc":{"start":{"line":47,"column":2},"end":{"line":49,"column":12}},"line":47},"8":{"name":"(anonymous_8)","decl":{"start":{"line":52,"column":29},"end":{"line":52,"column":30}},"loc":{"start":{"line":53,"column":2},"end":{"line":55,"column":12}},"line":53},"9":{"name":"(anonymous_9)","decl":{"start":{"line":58,"column":27},"end":{"line":58,"column":28}},"loc":{"start":{"line":59,"column":2},"end":{"line":62,"column":12}},"line":59},"10":{"name":"(anonymous_10)","decl":{"start":{"line":65,"column":28},"end":{"line":65,"column":29}},"loc":{"start":{"line":66,"column":2},"end":{"line":71,"column":12}},"line":66},"11":{"name":"(anonymous_11)","decl":{"start":{"line":74,"column":28},"end":{"line":74,"column":29}},"loc":{"start":{"line":75,"column":2},"end":{"line":78,"column":12}},"line":75},"12":{"name":"(anonymous_12)","decl":{"start":{"line":81,"column":26},"end":{"line":81,"column":27}},"loc":{"start":{"line":82,"column":2},"end":{"line":84,"column":12}},"line":82},"13":{"name":"(anonymous_13)","decl":{"start":{"line":87,"column":25},"end":{"line":87,"column":26}},"loc":{"start":{"line":88,"column":2},"end":{"line":90,"column":12}},"line":88}},"branchMap":{},"s":{"0":12,"1":6,"2":12,"3":3,"4":12,"5":3,"6":12,"7":3,"8":12,"9":3,"10":12,"11":1,"12":12,"13":1,"14":12,"15":1,"16":12,"17":1,"18":12,"19":3,"20":12,"21":0,"22":12,"23":17,"24":12,"25":17,"26":12,"27":15},"f":{"0":6,"1":3,"2":3,"3":3,"4":3,"5":1,"6":1,"7":1,"8":1,"9":3,"10":0,"11":17,"12":17,"13":15},"b":{},"_coverageSchema":"43e27e138ebf9cfc5966b082cf9a028302ed4184","hash":"3f0ac7e43aa18b39c375dd6bfed79f92ee4148bc"}
,"/Users/innocentlou/Documents/React/healthid-fe/src/assets/css/productCardStyles.js": {"path":"/Users/innocentlou/Documents/React/healthid-fe/src/assets/css/productCardStyles.js","statementMap":{"0":{"start":{"line":1,"column":26},"end":{"line":66,"column":1}}},"fnMap":{},"branchMap":{},"s":{"0":2},"f":{},"b":{},"_coverageSchema":"43e27e138ebf9cfc5966b082cf9a028302ed4184","hash":"785b2fb2b0a837853021d959bc25d9a7010ab848"}
,"/Users/innocentlou/Documents/React/healthid-fe/src/assets/css/salesDialogStyles.js": {"path":"/Users/innocentlou/Documents/React/healthid-fe/src/assets/css/salesDialogStyles.js","statementMap":{"0":{"start":{"line":1,"column":26},"end":{"line":428,"column":1}}},"fnMap":{},"branchMap":{},"s":{"0":15},"f":{},"b":{},"_coverageSchema":"43e27e138ebf9cfc5966b082cf9a028302ed4184","hash":"ded162228b6860c35dd40742268b813379bfbb55"}
,"/Users/innocentlou/Documents/React/healthid-fe/src/assets/css/searchListStyles.js": {"path":"/Users/innocentlou/Documents/React/healthid-fe/src/assets/css/searchListStyles.js","statementMap":{"0":{"start":{"line":1,"column":25},"end":{"line":21,"column":1}}},"fnMap":{},"branchMap":{},"s":{"0":2},"f":{},"b":{},"_coverageSchema":"43e27e138ebf9cfc5966b082cf9a028302ed4184","hash":"7f0873c91f6e1d3b7f88df10d0c11f12221f266b"}
,"/Users/innocentlou/Documents/React/healthid-fe/src/assets/css/sellScreenStyles.js": {"path":"/Users/innocentlou/Documents/React/healthid-fe/src/assets/css/sellScreenStyles.js","statementMap":{"0":{"start":{"line":3,"column":26},"end":{"line":107,"column":1}},"1":{"start":{"line":109,"column":27},"end":{"line":234,"column":1}},"2":{"start":{"line":236,"column":35},"end":{"line":283,"column":2}},"3":{"start":{"line":236,"column":45},"end":{"line":283,"column":1}},"4":{"start":{"line":285,"column":33},"end":{"line":356,"column":1}},"5":{"start":{"line":358,"column":33},"end":{"line":400,"column":1}},"6":{"start":{"line":402,"column":33},"end":{"line":431,"column":1}}},"fnMap":{"0":{"name":"(anonymous_0)","decl":{"start":{"line":236,"column":35},"end":{"line":236,"column":36}},"loc":{"start":{"line":236,"column":45},"end":{"line":283,"column":1}},"line":236}},"branchMap":{},"s":{"0":10,"1":10,"2":10,"3":0,"4":10,"5":10,"6":10},"f":{"0":0},"b":{},"_coverageSchema":"43e27e138ebf9cfc5966b082cf9a028302ed4184","hash":"4715fd79ad111ae7da9153c4692f5da646b5ff20"}
,"/Users/innocentlou/Documents/React/healthid-fe/src/assets/css/viewProductsStyles.js": {"path":"/Users/innocentlou/Documents/React/healthid-fe/src/assets/css/viewProductsStyles.js","statementMap":{"0":{"start":{"line":1,"column":27},"end":{"line":61,"column":1}}},"fnMap":{},"branchMap":{},"s":{"0":3},"f":{},"b":{},"_coverageSchema":"43e27e138ebf9cfc5966b082cf9a028302ed4184","hash":"b915377d83a6036ea199b22d94ade594197d2210"}
,"/Users/innocentlou/Documents/React/healthid-fe/src/assets/images/iconFactory/IconFactory.js": {"path":"/Users/innocentlou/Documents/React/healthid-fe/src/assets/images/iconFactory/IconFactory.js","statementMap":{"0":{"start":{"line":4,"column":20},"end":{"line":16,"column":1}},"1":{"start":{"line":7,"column":6},"end":{"line":7,"column":11}},"2":{"start":{"line":8,"column":2},"end":{"line":15,"column":4}},"3":{"start":{"line":18,"column":0},"end":{"line":23,"column":2}},"4":{"start":{"line":25,"column":0},"end":{"line":28,"column":2}}},"fnMap":{"0":{"name":"(anonymous_0)","decl":{"start":{"line":4,"column":20},"end":{"line":4,"column":21}},"loc":{"start":{"line":4,"column":31},"end":{"line":16,"column":1}},"line":4}},"branchMap":{},"s":{"0":5,"1":15,"2":15,"3":5,"4":5},"f":{"0":15},"b":{},"_coverageSchema":"43e27e138ebf9cfc5966b082cf9a028302ed4184","hash":"2b9c29f3c5308b1fe16ce72996251b64af2d8223"}
,"/Users/innocentlou/Documents/React/healthid-fe/src/assets/images/stock/StockIcons.js": {"path":"/Users/innocentlou/Documents/React/healthid-fe/src/assets/images/stock/StockIcons.js","statementMap":{"0":{"start":{"line":4,"column":26},"end":{"line":9,"column":1}},"1":{"start":{"line":5,"column":2},"end":{"line":8,"column":12}},"2":{"start":{"line":11,"column":39},"end":{"line":20,"column":1}},"3":{"start":{"line":12,"column":2},"end":{"line":19,"column":12}},"4":{"start":{"line":22,"column":22},"end":{"line":35,"column":1}},"5":{"start":{"line":23,"column":2},"end":{"line":34,"column":12}},"6":{"start":{"line":37,"column":32},"end":{"line":42,"column":1}},"7":{"start":{"line":38,"column":2},"end":{"line":41,"column":12}},"8":{"start":{"line":44,"column":25},"end":{"line":46,"column":1}},"9":{"start":{"line":45,"column":2},"end":{"line":45,"column":438}},"10":{"start":{"line":48,"column":28},"end":{"line":65,"column":1}},"11":{"start":{"line":49,"column":2},"end":{"line":64,"column":12}}},"fnMap":{"0":{"name":"(anonymous_0)","decl":{"start":{"line":4,"column":26},"end":{"line":4,"column":27}},"loc":{"start":{"line":5,"column":2},"end":{"line":8,"column":12}},"line":5},"1":{"name":"(anonymous_1)","decl":{"start":{"line":11,"column":39},"end":{"line":11,"column":40}},"loc":{"start":{"line":12,"column":2},"end":{"line":19,"column":12}},"line":12},"2":{"name":"(anonymous_2)","decl":{"start":{"line":22,"column":22},"end":{"line":22,"column":23}},"loc":{"start":{"line":23,"column":2},"end":{"line":34,"column":12}},"line":23},"3":{"name":"(anonymous_3)","decl":{"start":{"line":37,"column":32},"end":{"line":37,"column":33}},"loc":{"start":{"line":38,"column":2},"end":{"line":41,"column":12}},"line":38},"4":{"name":"(anonymous_4)","decl":{"start":{"line":44,"column":25},"end":{"line":44,"column":26}},"loc":{"start":{"line":45,"column":2},"end":{"line":45,"column":438}},"line":45},"5":{"name":"(anonymous_5)","decl":{"start":{"line":48,"column":28},"end":{"line":48,"column":29}},"loc":{"start":{"line":49,"column":2},"end":{"line":64,"column":12}},"line":49}},"branchMap":{},"s":{"0":10,"1":12,"2":10,"3":12,"4":10,"5":23,"6":10,"7":19,"8":10,"9":0,"10":10,"11":57},"f":{"0":12,"1":12,"2":23,"3":19,"4":0,"5":57},"b":{},"_coverageSchema":"43e27e138ebf9cfc5966b082cf9a028302ed4184","hash":"3d135e11464942cce190ecb351ef6b07d550ba08"}
,"/Users/innocentlou/Documents/React/healthid-fe/src/assets/styles/dataTable.js": {"path":"/Users/innocentlou/Documents/React/healthid-fe/src/assets/styles/dataTable.js","statementMap":{"0":{"start":{"line":4,"column":26},"end":{"line":78,"column":2}}},"fnMap":{},"branchMap":{},"s":{"0":2},"f":{},"b":{},"_coverageSchema":"43e27e138ebf9cfc5966b082cf9a028302ed4184","hash":"cb3857821df043a60767b0fe3ab3d04c4b872d42"}
,"/Users/innocentlou/Documents/React/healthid-fe/src/assets/styles/setup.js": {"path":"/Users/innocentlou/Documents/React/healthid-fe/src/assets/styles/setup.js","statementMap":{"0":{"start":{"line":1,"column":32},"end":{"line":81,"column":1}},"1":{"start":{"line":83,"column":29},"end":{"line":144,"column":2}},"2":{"start":{"line":83,"column":39},"end":{"line":144,"column":1}},"3":{"start":{"line":146,"column":35},"end":{"line":155,"column":1}},"4":{"start":{"line":157,"column":33},"end":{"line":242,"column":1}},"5":{"start":{"line":245,"column":39},"end":{"line":300,"column":1}},"6":{"start":{"line":302,"column":38},"end":{"line":306,"column":1}},"7":{"start":{"line":308,"column":37},"end":{"line":350,"column":1}},"8":{"start":{"line":352,"column":27},"end":{"line":380,"column":1}},"9":{"start":{"line":382,"column":31},"end":{"line":433,"column":1}},"10":{"start":{"line":435,"column":37},"end":{"line":596,"column":1}},"11":{"start":{"line":598,"column":33},"end":{"line":633,"column":1}},"12":{"start":{"line":635,"column":28},"end":{"line":642,"column":1}},"13":{"start":{"line":644,"column":32},"end":{"line":662,"column":1}},"14":{"start":{"line":664,"column":28},"end":{"line":679,"column":1}},"15":{"start":{"line":681,"column":28},"end":{"line":686,"column":2}},"16":{"start":{"line":681,"column":38},"end":{"line":686,"column":1}},"17":{"start":{"line":688,"column":34},"end":{"line":691,"column":1}},"18":{"start":{"line":693,"column":32},"end":{"line":697,"column":1}},"19":{"start":{"line":699,"column":30},"end":{"line":761,"column":1}},"20":{"start":{"line":763,"column":28},"end":{"line":805,"column":1}},"21":{"start":{"line":807,"column":29},"end":{"line":854,"column":1}}},"fnMap":{"0":{"name":"(anonymous_0)","decl":{"start":{"line":83,"column":29},"end":{"line":83,"column":30}},"loc":{"start":{"line":83,"column":39},"end":{"line":144,"column":1}},"line":83},"1":{"name":"(anonymous_1)","decl":{"start":{"line":681,"column":28},"end":{"line":681,"column":29}},"loc":{"start":{"line":681,"column":38},"end":{"line":686,"column":1}},"line":681}},"branchMap":{},"s":{"0":34,"1":34,"2":0,"3":34,"4":34,"5":34,"6":34,"7":34,"8":34,"9":34,"10":34,"11":34,"12":34,"13":34,"14":34,"15":34,"16":3,"17":34,"18":34,"19":34,"20":34,"21":34},"f":{"0":0,"1":3},"b":{},"_coverageSchema":"43e27e138ebf9cfc5966b082cf9a028302ed4184","hash":"6a47dab0f8fb0a2ba13f5bd1dc8d1a221b752b69"}
,"/Users/innocentlou/Documents/React/healthid-fe/src/assets/styles/authentication/AlertStyle.js": {"path":"/Users/innocentlou/Documents/React/healthid-fe/src/assets/styles/authentication/AlertStyle.js","statementMap":{"0":{"start":{"line":10,"column":22},"end":{"line":16,"column":14}},"1":{"start":{"line":10,"column":40},"end":{"line":16,"column":1}},"2":{"start":{"line":18,"column":27},"end":{"line":44,"column":2}},"3":{"start":{"line":18,"column":48},"end":{"line":32,"column":1}},"4":{"start":{"line":33,"column":41},"end":{"line":33,"column":46}},"5":{"start":{"line":34,"column":2},"end":{"line":43,"column":4}},"6":{"start":{"line":46,"column":29},"end":{"line":52,"column":21}},"7":{"start":{"line":46,"column":47},"end":{"line":52,"column":1}}},"fnMap":{"0":{"name":"(anonymous_0)","decl":{"start":{"line":10,"column":33},"end":{"line":10,"column":34}},"loc":{"start":{"line":10,"column":40},"end":{"line":16,"column":1}},"line":10},"1":{"name":"(anonymous_1)","decl":{"start":{"line":18,"column":38},"end":{"line":18,"column":39}},"loc":{"start":{"line":18,"column":48},"end":{"line":32,"column":1}},"line":18},"2":{"name":"(anonymous_2)","decl":{"start":{"line":32,"column":4},"end":{"line":32,"column":5}},"loc":{"start":{"line":32,"column":15},"end":{"line":44,"column":1}},"line":32},"3":{"name":"(anonymous_3)","decl":{"start":{"line":46,"column":40},"end":{"line":46,"column":41}},"loc":{"start":{"line":46,"column":47},"end":{"line":52,"column":1}},"line":46}},"branchMap":{"0":{"loc":{"start":{"line":37,"column":7},"end":{"line":41,"column":14}},"type":"cond-expr","locations":[{"start":{"line":38,"column":8},"end":{"line":40,"column":21}},{"start":{"line":41,"column":10},"end":{"line":41,"column":14}}],"line":37}},"s":{"0":25,"1":7,"2":25,"3":3,"4":21,"5":21,"6":25,"7":3},"f":{"0":7,"1":3,"2":21,"3":3},"b":{"0":[20,1]},"_coverageSchema":"43e27e138ebf9cfc5966b082cf9a028302ed4184","hash":"15abffeb2116e55e1c53f3642c44730df955cf53"}
,"/Users/innocentlou/Documents/React/healthid-fe/src/assets/styles/authentication/SwitchAccountStyles.js": {"path":"/Users/innocentlou/Documents/React/healthid-fe/src/assets/styles/authentication/SwitchAccountStyles.js","statementMap":{"0":{"start":{"line":1,"column":28},"end":{"line":24,"column":1}}},"fnMap":{},"branchMap":{},"s":{"0":18},"f":{},"b":{},"_coverageSchema":"43e27e138ebf9cfc5966b082cf9a028302ed4184","hash":"6e5e4e2a97961d13be7fe5673b824e6fd0a28509"}
,"/Users/innocentlou/Documents/React/healthid-fe/src/assets/styles/authentication/authLogin.js": {"path":"/Users/innocentlou/Documents/React/healthid-fe/src/assets/styles/authentication/authLogin.js","statementMap":{"0":{"start":{"line":1,"column":21},"end":{"line":39,"column":1}},"1":{"start":{"line":41,"column":24},"end":{"line":47,"column":1}}},"fnMap":{},"branchMap":{},"s":{"0":19,"1":19},"f":{},"b":{},"_coverageSchema":"43e27e138ebf9cfc5966b082cf9a028302ed4184","hash":"24132051aa42fb79cc0fe4e17526cf666519958c"}
,"/Users/innocentlou/Documents/React/healthid-fe/src/assets/styles/dashboard/dashboardStyles.js": {"path":"/Users/innocentlou/Documents/React/healthid-fe/src/assets/styles/dashboard/dashboardStyles.js","statementMap":{"0":{"start":{"line":1,"column":24},"end":{"line":76,"column":2}},"1":{"start":{"line":1,"column":31},"end":{"line":76,"column":1}}},"fnMap":{"0":{"name":"(anonymous_0)","decl":{"start":{"line":1,"column":24},"end":{"line":1,"column":25}},"loc":{"start":{"line":1,"column":31},"end":{"line":76,"column":1}},"line":1}},"branchMap":{},"s":{"0":17,"1":34},"f":{"0":34},"b":{},"_coverageSchema":"43e27e138ebf9cfc5966b082cf9a028302ed4184","hash":"6f5aa482584dbb78e81b49e4392bba71609e66ed"}
,"/Users/innocentlou/Documents/React/healthid-fe/src/assets/styles/dashboard/lowerDashboardStyles.js": {"path":"/Users/innocentlou/Documents/React/healthid-fe/src/assets/styles/dashboard/lowerDashboardStyles.js","statementMap":{"0":{"start":{"line":1,"column":29},"end":{"line":31,"column":1}}},"fnMap":{},"branchMap":{},"s":{"0":17},"f":{},"b":{},"_coverageSchema":"43e27e138ebf9cfc5966b082cf9a028302ed4184","hash":"858653d0c134f45bb09cb8cda288cedb86dbcdaf"}
,"/Users/innocentlou/Documents/React/healthid-fe/src/assets/styles/products/ImportProductStyles.js": {"path":"/Users/innocentlou/Documents/React/healthid-fe/src/assets/styles/products/ImportProductStyles.js","statementMap":{"0":{"start":{"line":1,"column":35},"end":{"line":48,"column":1}},"1":{"start":{"line":50,"column":30},"end":{"line":68,"column":1}},"2":{"start":{"line":70,"column":32},"end":{"line":82,"column":1}},"3":{"start":{"line":84,"column":31},"end":{"line":102,"column":1}}},"fnMap":{},"branchMap":{},"s":{"0":5,"1":5,"2":5,"3":5},"f":{},"b":{},"_coverageSchema":"43e27e138ebf9cfc5966b082cf9a028302ed4184","hash":"05f8128710f6ec74f62db398d428221640327f58"}
,"/Users/innocentlou/Documents/React/healthid-fe/src/assets/styles/products/addProductStyles.js": {"path":"/Users/innocentlou/Documents/React/healthid-fe/src/assets/styles/products/addProductStyles.js","statementMap":{"0":{"start":{"line":1,"column":33},"end":{"line":40,"column":1}},"1":{"start":{"line":42,"column":34},"end":{"line":54,"column":1}},"2":{"start":{"line":56,"column":25},"end":{"line":63,"column":1}},"3":{"start":{"line":65,"column":33},"end":{"line":98,"column":1}},"4":{"start":{"line":100,"column":32},"end":{"line":115,"column":1}}},"fnMap":{},"branchMap":{},"s":{"0":8,"1":8,"2":8,"3":8,"4":8},"f":{},"b":{},"_coverageSchema":"43e27e138ebf9cfc5966b082cf9a028302ed4184","hash":"eaa8ea26f9821f72f2491583122933dfd41b299d"}
,"/Users/innocentlou/Documents/React/healthid-fe/src/assets/styles/products/productDetailStyles.js": {"path":"/Users/innocentlou/Documents/React/healthid-fe/src/assets/styles/products/productDetailStyles.js","statementMap":{"0":{"start":{"line":1,"column":35},"end":{"line":112,"column":2}},"1":{"start":{"line":1,"column":45},"end":{"line":112,"column":1}},"2":{"start":{"line":114,"column":27},"end":{"line":146,"column":1}}},"fnMap":{"0":{"name":"(anonymous_0)","decl":{"start":{"line":1,"column":35},"end":{"line":1,"column":36}},"loc":{"start":{"line":1,"column":45},"end":{"line":112,"column":1}},"line":1}},"branchMap":{},"s":{"0":1,"1":1,"2":1},"f":{"0":1},"b":{},"_coverageSchema":"43e27e138ebf9cfc5966b082cf9a028302ed4184","hash":"d286871236a4811d9d2998e768b02d2bc189f0a6"}
,"/Users/innocentlou/Documents/React/healthid-fe/src/assets/styles/products/products.js": {"path":"/Users/innocentlou/Documents/React/healthid-fe/src/assets/styles/products/products.js","statementMap":{"0":{"start":{"line":1,"column":30},"end":{"line":7,"column":1}},"1":{"start":{"line":10,"column":40},"end":{"line":24,"column":1}},"2":{"start":{"line":27,"column":29},"end":{"line":52,"column":1}},"3":{"start":{"line":54,"column":37},"end":{"line":133,"column":2}},"4":{"start":{"line":54,"column":47},"end":{"line":133,"column":1}}},"fnMap":{"0":{"name":"(anonymous_0)","decl":{"start":{"line":54,"column":37},"end":{"line":54,"column":38}},"loc":{"start":{"line":54,"column":47},"end":{"line":133,"column":1}},"line":54}},"branchMap":{},"s":{"0":2,"1":2,"2":2,"3":2,"4":0},"f":{"0":0},"b":{},"_coverageSchema":"43e27e138ebf9cfc5966b082cf9a028302ed4184","hash":"01a6c68b7c2114497c36365d069010a12bde26af"}
,"/Users/innocentlou/Documents/React/healthid-fe/src/assets/styles/profile/profileStyles.js": {"path":"/Users/innocentlou/Documents/React/healthid-fe/src/assets/styles/profile/profileStyles.js","statementMap":{"0":{"start":{"line":1,"column":22},"end":{"line":173,"column":2}},"1":{"start":{"line":1,"column":32},"end":{"line":173,"column":1}}},"fnMap":{"0":{"name":"(anonymous_0)","decl":{"start":{"line":1,"column":22},"end":{"line":1,"column":23}},"loc":{"start":{"line":1,"column":32},"end":{"line":173,"column":1}},"line":1}},"branchMap":{},"s":{"0":6,"1":6},"f":{"0":6},"b":{},"_coverageSchema":"43e27e138ebf9cfc5966b082cf9a028302ed4184","hash":"fdd82f9963e38c1a89f6b9fbc047de0cbfa4b54e"}
,"/Users/innocentlou/Documents/React/healthid-fe/src/assets/styles/profile/resizeStyles.js": {"path":"/Users/innocentlou/Documents/React/healthid-fe/src/assets/styles/profile/resizeStyles.js","statementMap":{"0":{"start":{"line":1,"column":27},"end":{"line":4,"column":1}}},"fnMap":{},"branchMap":{},"s":{"0":6},"f":{},"b":{},"_coverageSchema":"43e27e138ebf9cfc5966b082cf9a028302ed4184","hash":"391984ce9164723294a46467e41dae23bde90e8e"}
,"/Users/innocentlou/Documents/React/healthid-fe/src/assets/styles/salesHistory/salesHistoryStyles.js": {"path":"/Users/innocentlou/Documents/React/healthid-fe/src/assets/styles/salesHistory/salesHistoryStyles.js","statementMap":{"0":{"start":{"line":1,"column":34},"end":{"line":19,"column":2}},"1":{"start":{"line":1,"column":44},"end":{"line":19,"column":1}},"2":{"start":{"line":21,"column":34},"end":{"line":110,"column":1}},"3":{"start":{"line":112,"column":29},"end":{"line":131,"column":1}},"4":{"start":{"line":133,"column":30},"end":{"line":159,"column":1}},"5":{"start":{"line":161,"column":28},"end":{"line":170,"column":2}},"6":{"start":{"line":161,"column":35},"end":{"line":170,"column":1}},"7":{"start":{"line":172,"column":32},"end":{"line":176,"column":1}}},"fnMap":{"0":{"name":"(anonymous_0)","decl":{"start":{"line":1,"column":34},"end":{"line":1,"column":35}},"loc":{"start":{"line":1,"column":44},"end":{"line":19,"column":1}},"line":1},"1":{"name":"(anonymous_1)","decl":{"start":{"line":161,"column":28},"end":{"line":161,"column":29}},"loc":{"start":{"line":161,"column":35},"end":{"line":170,"column":1}},"line":161}},"branchMap":{},"s":{"0":6,"1":0,"2":6,"3":6,"4":6,"5":6,"6":1,"7":6},"f":{"0":0,"1":1},"b":{},"_coverageSchema":"43e27e138ebf9cfc5966b082cf9a028302ed4184","hash":"d7ce1aab1397ddff0bd47d3df87c198208dc7ec4"}
,"/Users/innocentlou/Documents/React/healthid-fe/src/assets/styles/stock/stock.js": {"path":"/Users/innocentlou/Documents/React/healthid-fe/src/assets/styles/stock/stock.js","statementMap":{"0":{"start":{"line":1,"column":27},"end":{"line":22,"column":1}},"1":{"start":{"line":24,"column":29},"end":{"line":41,"column":1}},"2":{"start":{"line":43,"column":28},"end":{"line":58,"column":2}},"3":{"start":{"line":43,"column":38},"end":{"line":58,"column":1}},"4":{"start":{"line":60,"column":33},"end":{"line":70,"column":1}},"5":{"start":{"line":72,"column":27},"end":{"line":93,"column":1}},"6":{"start":{"line":95,"column":33},"end":{"line":119,"column":1}},"7":{"start":{"line":121,"column":37},"end":{"line":160,"column":1}},"8":{"start":{"line":162,"column":35},"end":{"line":191,"column":1}},"9":{"start":{"line":193,"column":31},"end":{"line":251,"column":1}},"10":{"start":{"line":253,"column":32},"end":{"line":330,"column":1}},"11":{"start":{"line":332,"column":35},"end":{"line":508,"column":1}}},"fnMap":{"0":{"name":"(anonymous_0)","decl":{"start":{"line":43,"column":28},"end":{"line":43,"column":29}},"loc":{"start":{"line":43,"column":38},"end":{"line":58,"column":1}},"line":43}},"branchMap":{},"s":{"0":14,"1":14,"2":14,"3":3,"4":14,"5":14,"6":14,"7":14,"8":14,"9":14,"10":14,"11":14},"f":{"0":3},"b":{},"_coverageSchema":"43e27e138ebf9cfc5966b082cf9a028302ed4184","hash":"ddce647ef085950f224dabc4274dc68ef658635a"}
,"/Users/innocentlou/Documents/React/healthid-fe/src/assets/styles/suppliers/suppliers.js": {"path":"/Users/innocentlou/Documents/React/healthid-fe/src/assets/styles/suppliers/suppliers.js","statementMap":{"0":{"start":{"line":1,"column":21},"end":{"line":20,"column":1}},"1":{"start":{"line":22,"column":26},"end":{"line":44,"column":1}},"2":{"start":{"line":46,"column":21},"end":{"line":79,"column":1}}},"fnMap":{},"branchMap":{},"s":{"0":6,"1":6,"2":6},"f":{},"b":{},"_coverageSchema":"43e27e138ebf9cfc5966b082cf9a028302ed4184","hash":"f0f460084699e4890ea5792b5bfbe5617ba9539e"}
,"/Users/innocentlou/Documents/React/healthid-fe/src/components/withAuth.js": {"path":"/Users/innocentlou/Documents/React/healthid-fe/src/components/withAuth.js","statementMap":{"0":{"start":{"line":6,"column":17},"end":{"line":23,"column":1}},"1":{"start":{"line":6,"column":30},"end":{"line":23,"column":1}},"2":{"start":{"line":7,"column":2},"end":{"line":22,"column":10}},"3":{"start":{"line":9,"column":6},"end":{"line":9,"column":31}},"4":{"start":{"line":9,"column":19},"end":{"line":9,"column":31}},"5":{"start":{"line":10,"column":6},"end":{"line":14,"column":7}},"6":{"start":{"line":11,"column":8},"end":{"line":13,"column":10}},"7":{"start":{"line":15,"column":6},"end":{"line":19,"column":7}},"8":{"start":{"line":16,"column":8},"end":{"line":18,"column":10}},"9":{"start":{"line":20,"column":6},"end":{"line":20,"column":18}}},"fnMap":{"0":{"name":"(anonymous_0)","decl":{"start":{"line":6,"column":17},"end":{"line":6,"column":18}},"loc":{"start":{"line":6,"column":30},"end":{"line":23,"column":1}},"line":6},"1":{"name":"(anonymous_1)","decl":{"start":{"line":6,"column":30},"end":{"line":6,"column":31}},"loc":{"start":{"line":7,"column":2},"end":{"line":22,"column":10}},"line":7},"2":{"name":"(anonymous_2)","decl":{"start":{"line":8,"column":5},"end":{"line":8,"column":6}},"loc":{"start":{"line":8,"column":35},"end":{"line":21,"column":5}},"line":8}},"branchMap":{"0":{"loc":{"start":{"line":9,"column":6},"end":{"line":9,"column":31}},"type":"if","locations":[{"start":{"line":9,"column":6},"end":{"line":9,"column":31}},{"start":{"line":9,"column":6},"end":{"line":9,"column":31}}],"line":9},"1":{"loc":{"start":{"line":10,"column":6},"end":{"line":14,"column":7}},"type":"if","locations":[{"start":{"line":10,"column":6},"end":{"line":14,"column":7}},{"start":{"line":10,"column":6},"end":{"line":14,"column":7}}],"line":10},"2":{"loc":{"start":{"line":15,"column":6},"end":{"line":19,"column":7}},"type":"if","locations":[{"start":{"line":15,"column":6},"end":{"line":19,"column":7}},{"start":{"line":15,"column":6},"end":{"line":19,"column":7}}],"line":15},"3":{"loc":{"start":{"line":15,"column":10},"end":{"line":15,"column":25}},"type":"binary-expr","locations":[{"start":{"line":15,"column":10},"end":{"line":15,"column":14}},{"start":{"line":15,"column":18},"end":{"line":15,"column":25}}],"line":15}},"s":{"0":16,"1":16,"2":6,"3":13,"4":5,"5":8,"6":7,"7":1,"8":0,"9":1},"f":{"0":16,"1":6,"2":13},"b":{"0":[5,8],"1":[7,1],"2":[0,1],"3":[1,1]},"_coverageSchema":"43e27e138ebf9cfc5966b082cf9a028302ed4184","hash":"7bd3744b999f5f0b5453877dc0745f6eb95d3a3e"}
,"/Users/innocentlou/Documents/React/healthid-fe/src/components/authentication/Container.js": {"path":"/Users/innocentlou/Documents/React/healthid-fe/src/components/authentication/Container.js","statementMap":{"0":{"start":{"line":23,"column":28},"end":{"line":44,"column":1}},"1":{"start":{"line":47,"column":10},"end":{"line":47,"column":29}},"2":{"start":{"line":49,"column":21},"end":{"line":63,"column":3}},"3":{"start":{"line":50,"column":4},"end":{"line":62,"column":7}},"4":{"start":{"line":65,"column":34},"end":{"line":79,"column":3}},"5":{"start":{"line":66,"column":4},"end":{"line":78,"column":7}},"6":{"start":{"line":81,"column":35},"end":{"line":88,"column":3}},"7":{"start":{"line":82,"column":4},"end":{"line":87,"column":7}},"8":{"start":{"line":90,"column":19},"end":{"line":93,"column":3}},"9":{"start":{"line":91,"column":24},"end":{"line":91,"column":36}},"10":{"start":{"line":92,"column":4},"end":{"line":92,"column":31}},"11":{"start":{"line":95,"column":22},"end":{"line":98,"column":3}},"12":{"start":{"line":96,"column":18},"end":{"line":96,"column":47}},"13":{"start":{"line":97,"column":4},"end":{"line":97,"column":40}},"14":{"start":{"line":100,"column":22},"end":{"line":108,"column":3}},"15":{"start":{"line":101,"column":22},"end":{"line":101,"column":34}},"16":{"start":{"line":102,"column":4},"end":{"line":102,"column":36}},"17":{"start":{"line":103,"column":18},"end":{"line":103,"column":38}},"18":{"start":{"line":104,"column":4},"end":{"line":107,"column":7}},"19":{"start":{"line":110,"column":22},"end":{"line":114,"column":3}},"20":{"start":{"line":111,"column":4},"end":{"line":113,"column":7}},"21":{"start":{"line":116,"column":25},"end":{"line":125,"column":3}},"22":{"start":{"line":117,"column":4},"end":{"line":117,"column":27}},"23":{"start":{"line":118,"column":22},"end":{"line":118,"column":34}},"24":{"start":{"line":119,"column":4},"end":{"line":119,"column":39}},"25":{"start":{"line":120,"column":18},"end":{"line":120,"column":47}},"26":{"start":{"line":121,"column":4},"end":{"line":124,"column":7}},"27":{"start":{"line":127,"column":29},"end":{"line":129,"column":3}},"28":{"start":{"line":128,"column":4},"end":{"line":128,"column":76}},"29":{"start":{"line":128,"column":32},"end":{"line":128,"column":73}},"30":{"start":{"line":131,"column":17},"end":{"line":149,"column":3}},"31":{"start":{"line":132,"column":4},"end":{"line":132,"column":27}},"32":{"start":{"line":133,"column":33},"end":{"line":133,"column":43}},"33":{"start":{"line":135,"column":4},"end":{"line":141,"column":5}},"34":{"start":{"line":136,"column":6},"end":{"line":139,"column":8}},"35":{"start":{"line":140,"column":6},"end":{"line":140,"column":36}},"36":{"start":{"line":142,"column":4},"end":{"line":148,"column":5}},"37":{"start":{"line":143,"column":6},"end":{"line":146,"column":8}},"38":{"start":{"line":147,"column":6},"end":{"line":147,"column":37}},"39":{"start":{"line":151,"column":17},"end":{"line":193,"column":3}},"40":{"start":{"line":152,"column":23},"end":{"line":152,"column":33}},"41":{"start":{"line":155,"column":8},"end":{"line":155,"column":18}},"42":{"start":{"line":156,"column":4},"end":{"line":156,"column":37}},"43":{"start":{"line":157,"column":4},"end":{"line":192,"column":9}},"44":{"start":{"line":165,"column":36},"end":{"line":165,"column":56}},"45":{"start":{"line":166,"column":8},"end":{"line":169,"column":11}},"46":{"start":{"line":171,"column":8},"end":{"line":184,"column":9}},"47":{"start":{"line":172,"column":10},"end":{"line":178,"column":13}},"48":{"start":{"line":179,"column":10},"end":{"line":179,"column":67}},"49":{"start":{"line":179,"column":27},"end":{"line":179,"column":59}},"50":{"start":{"line":180,"column":15},"end":{"line":184,"column":9}},"51":{"start":{"line":181,"column":10},"end":{"line":183,"column":13}},"52":{"start":{"line":187,"column":8},"end":{"line":191,"column":11}},"53":{"start":{"line":195,"column":21},"end":{"line":238,"column":3}},"54":{"start":{"line":196,"column":27},"end":{"line":196,"column":37}},"55":{"start":{"line":197,"column":4},"end":{"line":197,"column":37}},"56":{"start":{"line":198,"column":4},"end":{"line":237,"column":9}},"57":{"start":{"line":202,"column":8},"end":{"line":205,"column":11}},"58":{"start":{"line":206,"column":46},"end":{"line":206,"column":65}},"59":{"start":{"line":207,"column":39},"end":{"line":207,"column":63}},"60":{"start":{"line":209,"column":8},"end":{"line":228,"column":9}},"61":{"start":{"line":210,"column":10},"end":{"line":210,"column":52}},"62":{"start":{"line":211,"column":10},"end":{"line":211,"column":56}},"63":{"start":{"line":212,"column":10},"end":{"line":219,"column":13}},"64":{"start":{"line":221,"column":10},"end":{"line":227,"column":11}},"65":{"start":{"line":222,"column":12},"end":{"line":222,"column":67}},"66":{"start":{"line":222,"column":29},"end":{"line":222,"column":60}},"67":{"start":{"line":223,"column":17},"end":{"line":227,"column":11}},"68":{"start":{"line":224,"column":12},"end":{"line":224,"column":68}},"69":{"start":{"line":224,"column":29},"end":{"line":224,"column":61}},"70":{"start":{"line":226,"column":12},"end":{"line":226,"column":67}},"71":{"start":{"line":226,"column":29},"end":{"line":226,"column":60}},"72":{"start":{"line":231,"column":8},"end":{"line":236,"column":11}},"73":{"start":{"line":240,"column":22},"end":{"line":273,"column":3}},"74":{"start":{"line":241,"column":28},"end":{"line":241,"column":38}},"75":{"start":{"line":242,"column":4},"end":{"line":242,"column":37}},"76":{"start":{"line":243,"column":4},"end":{"line":272,"column":9}},"77":{"start":{"line":247,"column":8},"end":{"line":250,"column":11}},"78":{"start":{"line":251,"column":46},"end":{"line":251,"column":65}},"79":{"start":{"line":252,"column":8},"end":{"line":263,"column":9}},"80":{"start":{"line":253,"column":10},"end":{"line":253,"column":52}},"81":{"start":{"line":254,"column":10},"end":{"line":254,"column":56}},"82":{"start":{"line":255,"column":10},"end":{"line":261,"column":13}},"83":{"start":{"line":262,"column":10},"end":{"line":262,"column":66}},"84":{"start":{"line":262,"column":27},"end":{"line":262,"column":59}},"85":{"start":{"line":266,"column":8},"end":{"line":271,"column":11}},"86":{"start":{"line":275,"column":24},"end":{"line":307,"column":3}},"87":{"start":{"line":276,"column":30},"end":{"line":276,"column":40}},"88":{"start":{"line":277,"column":22},"end":{"line":277,"column":32}},"89":{"start":{"line":278,"column":4},"end":{"line":278,"column":37}},"90":{"start":{"line":279,"column":4},"end":{"line":306,"column":9}},"91":{"start":{"line":285,"column":39},"end":{"line":285,"column":62}},"92":{"start":{"line":286,"column":8},"end":{"line":286,"column":54}},"93":{"start":{"line":287,"column":8},"end":{"line":295,"column":11}},"94":{"start":{"line":298,"column":8},"end":{"line":305,"column":11}},"95":{"start":{"line":310,"column":24},"end":{"line":310,"column":34}},"96":{"start":{"line":313,"column":8},"end":{"line":313,"column":18}},"97":{"start":{"line":315,"column":4},"end":{"line":361,"column":6}},"98":{"start":{"line":365,"column":0},"end":{"line":372,"column":2}}},"fnMap":{"0":{"name":"(anonymous_0)","decl":{"start":{"line":49,"column":21},"end":{"line":49,"column":22}},"loc":{"start":{"line":49,"column":27},"end":{"line":63,"column":3}},"line":49},"1":{"name":"(anonymous_1)","decl":{"start":{"line":65,"column":34},"end":{"line":65,"column":35}},"loc":{"start":{"line":65,"column":40},"end":{"line":79,"column":3}},"line":65},"2":{"name":"(anonymous_2)","decl":{"start":{"line":81,"column":35},"end":{"line":81,"column":36}},"loc":{"start":{"line":81,"column":41},"end":{"line":88,"column":3}},"line":81},"3":{"name":"(anonymous_3)","decl":{"start":{"line":90,"column":19},"end":{"line":90,"column":20}},"loc":{"start":{"line":90,"column":30},"end":{"line":93,"column":3}},"line":90},"4":{"name":"(anonymous_4)","decl":{"start":{"line":95,"column":22},"end":{"line":95,"column":23}},"loc":{"start":{"line":95,"column":33},"end":{"line":98,"column":3}},"line":95},"5":{"name":"(anonymous_5)","decl":{"start":{"line":100,"column":22},"end":{"line":100,"column":23}},"loc":{"start":{"line":100,"column":33},"end":{"line":108,"column":3}},"line":100},"6":{"name":"(anonymous_6)","decl":{"start":{"line":110,"column":22},"end":{"line":110,"column":23}},"loc":{"start":{"line":110,"column":33},"end":{"line":114,"column":3}},"line":110},"7":{"name":"(anonymous_7)","decl":{"start":{"line":116,"column":25},"end":{"line":116,"column":26}},"loc":{"start":{"line":116,"column":36},"end":{"line":125,"column":3}},"line":116},"8":{"name":"(anonymous_8)","decl":{"start":{"line":127,"column":29},"end":{"line":127,"column":30}},"loc":{"start":{"line":127,"column":35},"end":{"line":129,"column":3}},"line":127},"9":{"name":"(anonymous_9)","decl":{"start":{"line":128,"column":18},"end":{"line":128,"column":19}},"loc":{"start":{"line":128,"column":32},"end":{"line":128,"column":73}},"line":128},"10":{"name":"(anonymous_10)","decl":{"start":{"line":131,"column":17},"end":{"line":131,"column":18}},"loc":{"start":{"line":131,"column":28},"end":{"line":149,"column":3}},"line":131},"11":{"name":"(anonymous_11)","decl":{"start":{"line":151,"column":17},"end":{"line":151,"column":18}},"loc":{"start":{"line":151,"column":23},"end":{"line":193,"column":3}},"line":151},"12":{"name":"(anonymous_12)","decl":{"start":{"line":164,"column":12},"end":{"line":164,"column":13}},"loc":{"start":{"line":164,"column":22},"end":{"line":185,"column":7}},"line":164},"13":{"name":"(anonymous_13)","decl":{"start":{"line":179,"column":21},"end":{"line":179,"column":22}},"loc":{"start":{"line":179,"column":27},"end":{"line":179,"column":59}},"line":179},"14":{"name":"(anonymous_14)","decl":{"start":{"line":186,"column":13},"end":{"line":186,"column":14}},"loc":{"start":{"line":186,"column":22},"end":{"line":192,"column":7}},"line":186},"15":{"name":"(anonymous_15)","decl":{"start":{"line":195,"column":21},"end":{"line":195,"column":22}},"loc":{"start":{"line":195,"column":33},"end":{"line":238,"column":3}},"line":195},"16":{"name":"(anonymous_16)","decl":{"start":{"line":201,"column":12},"end":{"line":201,"column":13}},"loc":{"start":{"line":201,"column":22},"end":{"line":229,"column":7}},"line":201},"17":{"name":"(anonymous_17)","decl":{"start":{"line":222,"column":23},"end":{"line":222,"column":24}},"loc":{"start":{"line":222,"column":29},"end":{"line":222,"column":60}},"line":222},"18":{"name":"(anonymous_18)","decl":{"start":{"line":224,"column":23},"end":{"line":224,"column":24}},"loc":{"start":{"line":224,"column":29},"end":{"line":224,"column":61}},"line":224},"19":{"name":"(anonymous_19)","decl":{"start":{"line":226,"column":23},"end":{"line":226,"column":24}},"loc":{"start":{"line":226,"column":29},"end":{"line":226,"column":60}},"line":226},"20":{"name":"(anonymous_20)","decl":{"start":{"line":230,"column":13},"end":{"line":230,"column":14}},"loc":{"start":{"line":230,"column":22},"end":{"line":237,"column":7}},"line":230},"21":{"name":"(anonymous_21)","decl":{"start":{"line":240,"column":22},"end":{"line":240,"column":23}},"loc":{"start":{"line":240,"column":34},"end":{"line":273,"column":3}},"line":240},"22":{"name":"(anonymous_22)","decl":{"start":{"line":246,"column":12},"end":{"line":246,"column":13}},"loc":{"start":{"line":246,"column":22},"end":{"line":264,"column":7}},"line":246},"23":{"name":"(anonymous_23)","decl":{"start":{"line":262,"column":21},"end":{"line":262,"column":22}},"loc":{"start":{"line":262,"column":27},"end":{"line":262,"column":59}},"line":262},"24":{"name":"(anonymous_24)","decl":{"start":{"line":265,"column":13},"end":{"line":265,"column":14}},"loc":{"start":{"line":265,"column":22},"end":{"line":272,"column":7}},"line":265},"25":{"name":"(anonymous_25)","decl":{"start":{"line":275,"column":24},"end":{"line":275,"column":25}},"loc":{"start":{"line":275,"column":30},"end":{"line":307,"column":3}},"line":275},"26":{"name":"(anonymous_26)","decl":{"start":{"line":284,"column":12},"end":{"line":284,"column":13}},"loc":{"start":{"line":284,"column":22},"end":{"line":296,"column":7}},"line":284},"27":{"name":"(anonymous_27)","decl":{"start":{"line":297,"column":13},"end":{"line":297,"column":14}},"loc":{"start":{"line":297,"column":22},"end":{"line":306,"column":7}},"line":297},"28":{"name":"(anonymous_28)","decl":{"start":{"line":309,"column":2},"end":{"line":309,"column":3}},"loc":{"start":{"line":309,"column":11},"end":{"line":362,"column":3}},"line":309}},"branchMap":{"0":{"loc":{"start":{"line":135,"column":4},"end":{"line":141,"column":5}},"type":"if","locations":[{"start":{"line":135,"column":4},"end":{"line":141,"column":5}},{"start":{"line":135,"column":4},"end":{"line":141,"column":5}}],"line":135},"1":{"loc":{"start":{"line":142,"column":4},"end":{"line":148,"column":5}},"type":"if","locations":[{"start":{"line":142,"column":4},"end":{"line":148,"column":5}},{"start":{"line":142,"column":4},"end":{"line":148,"column":5}}],"line":142},"2":{"loc":{"start":{"line":171,"column":8},"end":{"line":184,"column":9}},"type":"if","locations":[{"start":{"line":171,"column":8},"end":{"line":184,"column":9}},{"start":{"line":171,"column":8},"end":{"line":184,"column":9}}],"line":171},"3":{"loc":{"start":{"line":180,"column":15},"end":{"line":184,"column":9}},"type":"if","locations":[{"start":{"line":180,"column":15},"end":{"line":184,"column":9}},{"start":{"line":180,"column":15},"end":{"line":184,"column":9}}],"line":180},"4":{"loc":{"start":{"line":209,"column":8},"end":{"line":228,"column":9}},"type":"if","locations":[{"start":{"line":209,"column":8},"end":{"line":228,"column":9}},{"start":{"line":209,"column":8},"end":{"line":228,"column":9}}],"line":209},"5":{"loc":{"start":{"line":221,"column":10},"end":{"line":227,"column":11}},"type":"if","locations":[{"start":{"line":221,"column":10},"end":{"line":227,"column":11}},{"start":{"line":221,"column":10},"end":{"line":227,"column":11}}],"line":221},"6":{"loc":{"start":{"line":223,"column":17},"end":{"line":227,"column":11}},"type":"if","locations":[{"start":{"line":223,"column":17},"end":{"line":227,"column":11}},{"start":{"line":223,"column":17},"end":{"line":227,"column":11}}],"line":223},"7":{"loc":{"start":{"line":252,"column":8},"end":{"line":263,"column":9}},"type":"if","locations":[{"start":{"line":252,"column":8},"end":{"line":263,"column":9}},{"start":{"line":252,"column":8},"end":{"line":263,"column":9}}],"line":252},"8":{"loc":{"start":{"line":327,"column":15},"end":{"line":356,"column":17}},"type":"cond-expr","locations":[{"start":{"line":329,"column":18},"end":{"line":338,"column":20}},{"start":{"line":341,"column":18},"end":{"line":355,"column":20}}],"line":327}},"s":{"0":19,"1":26,"2":26,"3":1,"4":26,"5":1,"6":26,"7":1,"8":26,"9":3,"10":3,"11":26,"12":1,"13":1,"14":26,"15":1,"16":1,"17":1,"18":1,"19":26,"20":1,"21":26,"22":1,"23":1,"24":1,"25":1,"26":1,"27":26,"28":1,"29":1,"30":26,"31":6,"32":6,"33":6,"34":3,"35":3,"36":6,"37":3,"38":3,"39":26,"40":2,"41":2,"42":2,"43":2,"44":2,"45":2,"46":2,"47":1,"48":1,"49":0,"50":1,"51":1,"52":0,"53":26,"54":3,"55":3,"56":3,"57":3,"58":3,"59":2,"60":2,"61":1,"62":1,"63":1,"64":1,"65":0,"66":0,"67":0,"68":0,"69":0,"70":0,"71":0,"72":2,"73":26,"74":3,"75":3,"76":3,"77":3,"78":3,"79":2,"80":1,"81":1,"82":1,"83":1,"84":0,"85":1,"86":26,"87":2,"88":2,"89":2,"90":2,"91":2,"92":1,"93":1,"94":1,"95":94,"96":94,"97":94,"98":19},"f":{"0":1,"1":1,"2":1,"3":3,"4":1,"5":1,"6":1,"7":1,"8":1,"9":1,"10":6,"11":2,"12":2,"13":0,"14":0,"15":3,"16":3,"17":0,"18":0,"19":0,"20":2,"21":3,"22":3,"23":0,"24":1,"25":2,"26":2,"27":1,"28":94},"b":{"0":[3,3],"1":[3,3],"2":[1,1],"3":[1,0],"4":[1,1],"5":[0,0],"6":[0,0],"7":[1,1],"8":[0,94]},"_coverageSchema":"43e27e138ebf9cfc5966b082cf9a028302ed4184","hash":"562c3b4af1a549147c84797c395d9238a14d642a"}
,"/Users/innocentlou/Documents/React/healthid-fe/src/components/authentication/Login.js": {"path":"/Users/innocentlou/Documents/React/healthid-fe/src/components/authentication/Login.js","statementMap":{"0":{"start":{"line":15,"column":22},"end":{"line":41,"column":3}},"1":{"start":{"line":19,"column":8},"end":{"line":19,"column":18}},"2":{"start":{"line":20,"column":26},"end":{"line":20,"column":61}},"3":{"start":{"line":21,"column":23},"end":{"line":21,"column":56}},"4":{"start":{"line":22,"column":4},"end":{"line":40,"column":6}},"5":{"start":{"line":43,"column":22},"end":{"line":51,"column":3}},"6":{"start":{"line":47,"column":8},"end":{"line":47,"column":18}},"7":{"start":{"line":48,"column":4},"end":{"line":50,"column":6}},"8":{"start":{"line":71,"column":8},"end":{"line":71,"column":18}},"9":{"start":{"line":73,"column":19},"end":{"line":73,"column":71}},"10":{"start":{"line":75,"column":24},"end":{"line":75,"column":63}},"11":{"start":{"line":76,"column":24},"end":{"line":76,"column":63}},"12":{"start":{"line":77,"column":23},"end":{"line":77,"column":66}},"13":{"start":{"line":78,"column":23},"end":{"line":78,"column":104}},"14":{"start":{"line":79,"column":23},"end":{"line":79,"column":104}},"15":{"start":{"line":80,"column":4},"end":{"line":193,"column":6}},"16":{"start":{"line":197,"column":0},"end":{"line":211,"column":2}},"17":{"start":{"line":213,"column":0},"end":{"line":218,"column":2}}},"fnMap":{"0":{"name":"(anonymous_0)","decl":{"start":{"line":15,"column":22},"end":{"line":15,"column":23}},"loc":{"start":{"line":15,"column":32},"end":{"line":41,"column":3}},"line":15},"1":{"name":"(anonymous_1)","decl":{"start":{"line":43,"column":22},"end":{"line":43,"column":23}},"loc":{"start":{"line":43,"column":41},"end":{"line":51,"column":3}},"line":43},"2":{"name":"(anonymous_2)","decl":{"start":{"line":53,"column":2},"end":{"line":53,"column":3}},"loc":{"start":{"line":53,"column":11},"end":{"line":194,"column":3}},"line":53},"3":{"name":"(anonymous_3)","decl":{"start":{"line":214,"column":23},"end":{"line":214,"column":24}},"loc":{"start":{"line":214,"column":29},"end":{"line":214,"column":32}},"line":214},"4":{"name":"(anonymous_4)","decl":{"start":{"line":215,"column":25},"end":{"line":215,"column":26}},"loc":{"start":{"line":215,"column":31},"end":{"line":215,"column":34}},"line":215},"5":{"name":"(anonymous_5)","decl":{"start":{"line":216,"column":34},"end":{"line":216,"column":35}},"loc":{"start":{"line":216,"column":40},"end":{"line":216,"column":43}},"line":216},"6":{"name":"(anonymous_6)","decl":{"start":{"line":217,"column":33},"end":{"line":217,"column":34}},"loc":{"start":{"line":217,"column":39},"end":{"line":217,"column":42}},"line":217}},"branchMap":{"0":{"loc":{"start":{"line":20,"column":26},"end":{"line":20,"column":61}},"type":"cond-expr","locations":[{"start":{"line":20,"column":45},"end":{"line":20,"column":54}},{"start":{"line":20,"column":57},"end":{"line":20,"column":61}}],"line":20},"1":{"loc":{"start":{"line":21,"column":23},"end":{"line":21,"column":56}},"type":"cond-expr","locations":[{"start":{"line":21,"column":42},"end":{"line":21,"column":49}},{"start":{"line":21,"column":52},"end":{"line":21,"column":56}}],"line":21},"2":{"loc":{"start":{"line":24,"column":9},"end":{"line":38,"column":9}},"type":"cond-expr","locations":[{"start":{"line":25,"column":10},"end":{"line":35,"column":24}},{"start":{"line":37,"column":10},"end":{"line":37,"column":47}}],"line":24},"3":{"loc":{"start":{"line":30,"column":21},"end":{"line":30,"column":47}},"type":"cond-expr","locations":[{"start":{"line":30,"column":29},"end":{"line":30,"column":39}},{"start":{"line":30,"column":42},"end":{"line":30,"column":47}}],"line":30},"4":{"loc":{"start":{"line":34,"column":13},"end":{"line":34,"column":55}},"type":"cond-expr","locations":[{"start":{"line":34,"column":35},"end":{"line":34,"column":50}},{"start":{"line":34,"column":53},"end":{"line":34,"column":55}}],"line":34},"5":{"loc":{"start":{"line":34,"column":13},"end":{"line":34,"column":32}},"type":"binary-expr","locations":[{"start":{"line":34,"column":13},"end":{"line":34,"column":18}},{"start":{"line":34,"column":22},"end":{"line":34,"column":32}}],"line":34},"6":{"loc":{"start":{"line":73,"column":19},"end":{"line":73,"column":71}},"type":"cond-expr","locations":[{"start":{"line":73,"column":29},"end":{"line":73,"column":48}},{"start":{"line":73,"column":51},"end":{"line":73,"column":71}}],"line":73},"7":{"loc":{"start":{"line":75,"column":24},"end":{"line":75,"column":63}},"type":"cond-expr","locations":[{"start":{"line":75,"column":48},"end":{"line":75,"column":58}},{"start":{"line":75,"column":61},"end":{"line":75,"column":63}}],"line":75},"8":{"loc":{"start":{"line":76,"column":24},"end":{"line":76,"column":63}},"type":"cond-expr","locations":[{"start":{"line":76,"column":48},"end":{"line":76,"column":58}},{"start":{"line":76,"column":61},"end":{"line":76,"column":63}}],"line":76},"9":{"loc":{"start":{"line":77,"column":23},"end":{"line":77,"column":66}},"type":"cond-expr","locations":[{"start":{"line":77,"column":40},"end":{"line":77,"column":47}},{"start":{"line":77,"column":50},"end":{"line":77,"column":66}}],"line":77},"10":{"loc":{"start":{"line":78,"column":23},"end":{"line":78,"column":104}},"type":"cond-expr","locations":[{"start":{"line":78,"column":40},"end":{"line":78,"column":67}},{"start":{"line":78,"column":70},"end":{"line":78,"column":104}}],"line":78},"11":{"loc":{"start":{"line":79,"column":23},"end":{"line":79,"column":104}},"type":"cond-expr","locations":[{"start":{"line":79,"column":40},"end":{"line":79,"column":67}},{"start":{"line":79,"column":70},"end":{"line":79,"column":104}}],"line":79},"12":{"loc":{"start":{"line":85,"column":30},"end":{"line":85,"column":77}},"type":"cond-expr","locations":[{"start":{"line":85,"column":47},"end":{"line":85,"column":60}},{"start":{"line":85,"column":63},"end":{"line":85,"column":77}}],"line":85},"13":{"loc":{"start":{"line":86,"column":17},"end":{"line":86,"column":64}},"type":"cond-expr","locations":[{"start":{"line":86,"column":34},"end":{"line":86,"column":47}},{"start":{"line":86,"column":50},"end":{"line":86,"column":64}}],"line":86},"14":{"loc":{"start":{"line":98,"column":30},"end":{"line":98,"column":79}},"type":"cond-expr","locations":[{"start":{"line":98,"column":47},"end":{"line":98,"column":58}},{"start":{"line":98,"column":61},"end":{"line":98,"column":79}}],"line":98},"15":{"loc":{"start":{"line":122,"column":11},"end":{"line":146,"column":11}},"type":"binary-expr","locations":[{"start":{"line":122,"column":11},"end":{"line":122,"column":25}},{"start":{"line":123,"column":12},"end":{"line":145,"column":18}}],"line":122},"16":{"loc":{"start":{"line":147,"column":11},"end":{"line":158,"column":11}},"type":"binary-expr","locations":[{"start":{"line":147,"column":11},"end":{"line":147,"column":25}},{"start":{"line":148,"column":12},"end":{"line":157,"column":14}}],"line":147},"17":{"loc":{"start":{"line":159,"column":11},"end":{"line":159,"column":81}},"type":"cond-expr","locations":[{"start":{"line":159,"column":21},"end":{"line":159,"column":76}},{"start":{"line":159,"column":79},"end":{"line":159,"column":81}}],"line":159},"18":{"loc":{"start":{"line":160,"column":11},"end":{"line":176,"column":11}},"type":"cond-expr","locations":[{"start":{"line":161,"column":12},"end":{"line":167,"column":21}},{"start":{"line":169,"column":12},"end":{"line":175,"column":21}}],"line":160},"19":{"loc":{"start":{"line":162,"column":25},"end":{"line":162,"column":80}},"type":"cond-expr","locations":[{"start":{"line":162,"column":42},"end":{"line":162,"column":61}},{"start":{"line":162,"column":64},"end":{"line":162,"column":80}}],"line":162},"20":{"loc":{"start":{"line":170,"column":25},"end":{"line":170,"column":70}},"type":"cond-expr","locations":[{"start":{"line":170,"column":42},"end":{"line":170,"column":56}},{"start":{"line":170,"column":59},"end":{"line":170,"column":70}}],"line":170},"21":{"loc":{"start":{"line":184,"column":11},"end":{"line":190,"column":11}},"type":"binary-expr","locations":[{"start":{"line":184,"column":11},"end":{"line":184,"column":25}},{"start":{"line":185,"column":12},"end":{"line":189,"column":16}}],"line":184}},"s":{"0":8,"1":8,"2":8,"3":8,"4":8,"5":8,"6":3,"7":3,"8":8,"9":8,"10":8,"11":8,"12":8,"13":8,"14":8,"15":8,"16":20,"17":20},"f":{"0":8,"1":3,"2":8,"3":0,"4":0,"5":0,"6":0},"b":{"0":[2,6],"1":[5,3],"2":[5,3],"3":[1,4],"4":[1,4],"5":[5,1],"6":[1,7],"7":[5,3],"8":[2,6],"9":[8,0],"10":[8,0],"11":[8,0],"12":[8,0],"13":[8,0],"14":[8,0],"15":[8,8],"16":[8,8],"17":[1,7],"18":[1,7],"19":[1,0],"20":[7,0],"21":[8,8]},"_coverageSchema":"43e27e138ebf9cfc5966b082cf9a028302ed4184","hash":"6bf3e5bd04213834c5919ea43e10f7bf9913bb15"}
,"/Users/innocentlou/Documents/React/healthid-fe/src/components/authentication/PasswordReset.js": {"path":"/Users/innocentlou/Documents/React/healthid-fe/src/components/authentication/PasswordReset.js","statementMap":{"0":{"start":{"line":16,"column":10},"end":{"line":26,"column":3}},"1":{"start":{"line":28,"column":25},"end":{"line":45,"column":3}},"2":{"start":{"line":29,"column":4},"end":{"line":29,"column":27}},"3":{"start":{"line":30,"column":28},"end":{"line":30,"column":40}},"4":{"start":{"line":31,"column":4},"end":{"line":31,"column":37}},"5":{"start":{"line":32,"column":18},"end":{"line":32,"column":47}},"6":{"start":{"line":33,"column":4},"end":{"line":37,"column":7}},"7":{"start":{"line":38,"column":4},"end":{"line":44,"column":12}},"8":{"start":{"line":39,"column":6},"end":{"line":43,"column":9}},"9":{"start":{"line":47,"column":26},"end":{"line":83,"column":3}},"10":{"start":{"line":48,"column":4},"end":{"line":48,"column":27}},"11":{"start":{"line":49,"column":28},"end":{"line":49,"column":38}},"12":{"start":{"line":50,"column":4},"end":{"line":82,"column":5}},"13":{"start":{"line":51,"column":6},"end":{"line":59,"column":9}},"14":{"start":{"line":61,"column":6},"end":{"line":65,"column":9}},"15":{"start":{"line":66,"column":30},"end":{"line":66,"column":42}},"16":{"start":{"line":67,"column":6},"end":{"line":67,"column":39}},"17":{"start":{"line":68,"column":20},"end":{"line":68,"column":56}},"18":{"start":{"line":69,"column":6},"end":{"line":74,"column":9}},"19":{"start":{"line":75,"column":6},"end":{"line":81,"column":14}},"20":{"start":{"line":76,"column":8},"end":{"line":80,"column":11}},"21":{"start":{"line":85,"column":29},"end":{"line":87,"column":3}},"22":{"start":{"line":86,"column":4},"end":{"line":86,"column":76}},"23":{"start":{"line":86,"column":32},"end":{"line":86,"column":73}},"24":{"start":{"line":89,"column":17},"end":{"line":138,"column":3}},"25":{"start":{"line":90,"column":4},"end":{"line":90,"column":27}},"26":{"start":{"line":91,"column":28},"end":{"line":91,"column":38}},"27":{"start":{"line":92,"column":4},"end":{"line":94,"column":7}},"28":{"start":{"line":96,"column":14},"end":{"line":96,"column":34}},"29":{"start":{"line":97,"column":4},"end":{"line":97,"column":25}},"30":{"start":{"line":98,"column":19},"end":{"line":98,"column":25}},"31":{"start":{"line":99,"column":18},"end":{"line":99,"column":24}},"32":{"start":{"line":101,"column":21},"end":{"line":101,"column":64}},"33":{"start":{"line":103,"column":17},"end":{"line":105,"column":5}},"34":{"start":{"line":107,"column":4},"end":{"line":137,"column":9}},"35":{"start":{"line":109,"column":8},"end":{"line":111,"column":11}},"36":{"start":{"line":112,"column":8},"end":{"line":123,"column":9}},"37":{"start":{"line":113,"column":10},"end":{"line":121,"column":13}},"38":{"start":{"line":122,"column":10},"end":{"line":122,"column":67}},"39":{"start":{"line":122,"column":27},"end":{"line":122,"column":59}},"40":{"start":{"line":126,"column":8},"end":{"line":135,"column":11}},"41":{"start":{"line":136,"column":8},"end":{"line":136,"column":21}},"42":{"start":{"line":145,"column":8},"end":{"line":145,"column":18}},"43":{"start":{"line":147,"column":17},"end":{"line":147,"column":51}},"44":{"start":{"line":148,"column":25},"end":{"line":148,"column":74}},"45":{"start":{"line":150,"column":18},"end":{"line":150,"column":51}},"46":{"start":{"line":152,"column":23},"end":{"line":152,"column":57}},"47":{"start":{"line":153,"column":26},"end":{"line":153,"column":63}},"48":{"start":{"line":155,"column":23},"end":{"line":155,"column":75}},"49":{"start":{"line":157,"column":23},"end":{"line":157,"column":44}},"50":{"start":{"line":160,"column":4},"end":{"line":243,"column":6}}},"fnMap":{"0":{"name":"(anonymous_0)","decl":{"start":{"line":28,"column":25},"end":{"line":28,"column":26}},"loc":{"start":{"line":28,"column":36},"end":{"line":45,"column":3}},"line":28},"1":{"name":"(anonymous_1)","decl":{"start":{"line":38,"column":15},"end":{"line":38,"column":16}},"loc":{"start":{"line":38,"column":21},"end":{"line":44,"column":5}},"line":38},"2":{"name":"(anonymous_2)","decl":{"start":{"line":47,"column":26},"end":{"line":47,"column":27}},"loc":{"start":{"line":47,"column":37},"end":{"line":83,"column":3}},"line":47},"3":{"name":"(anonymous_3)","decl":{"start":{"line":75,"column":17},"end":{"line":75,"column":18}},"loc":{"start":{"line":75,"column":23},"end":{"line":81,"column":7}},"line":75},"4":{"name":"(anonymous_4)","decl":{"start":{"line":85,"column":29},"end":{"line":85,"column":30}},"loc":{"start":{"line":85,"column":35},"end":{"line":87,"column":3}},"line":85},"5":{"name":"(anonymous_5)","decl":{"start":{"line":86,"column":18},"end":{"line":86,"column":19}},"loc":{"start":{"line":86,"column":32},"end":{"line":86,"column":73}},"line":86},"6":{"name":"(anonymous_6)","decl":{"start":{"line":89,"column":17},"end":{"line":89,"column":18}},"loc":{"start":{"line":89,"column":28},"end":{"line":138,"column":3}},"line":89},"7":{"name":"(anonymous_7)","decl":{"start":{"line":108,"column":12},"end":{"line":108,"column":13}},"loc":{"start":{"line":108,"column":21},"end":{"line":124,"column":7}},"line":108},"8":{"name":"(anonymous_8)","decl":{"start":{"line":122,"column":21},"end":{"line":122,"column":22}},"loc":{"start":{"line":122,"column":27},"end":{"line":122,"column":59}},"line":122},"9":{"name":"(anonymous_9)","decl":{"start":{"line":125,"column":13},"end":{"line":125,"column":14}},"loc":{"start":{"line":125,"column":24},"end":{"line":137,"column":7}},"line":125},"10":{"name":"(anonymous_10)","decl":{"start":{"line":140,"column":2},"end":{"line":140,"column":3}},"loc":{"start":{"line":140,"column":11},"end":{"line":244,"column":3}},"line":140}},"branchMap":{"0":{"loc":{"start":{"line":50,"column":4},"end":{"line":82,"column":5}},"type":"if","locations":[{"start":{"line":50,"column":4},"end":{"line":82,"column":5}},{"start":{"line":50,"column":4},"end":{"line":82,"column":5}}],"line":50},"1":{"loc":{"start":{"line":112,"column":8},"end":{"line":123,"column":9}},"type":"if","locations":[{"start":{"line":112,"column":8},"end":{"line":123,"column":9}},{"start":{"line":112,"column":8},"end":{"line":123,"column":9}}],"line":112},"2":{"loc":{"start":{"line":147,"column":17},"end":{"line":147,"column":51}},"type":"cond-expr","locations":[{"start":{"line":147,"column":32},"end":{"line":147,"column":38}},{"start":{"line":147,"column":41},"end":{"line":147,"column":51}}],"line":147},"3":{"loc":{"start":{"line":148,"column":25},"end":{"line":148,"column":74}},"type":"cond-expr","locations":[{"start":{"line":148,"column":40},"end":{"line":148,"column":54}},{"start":{"line":148,"column":57},"end":{"line":148,"column":74}}],"line":148},"4":{"loc":{"start":{"line":152,"column":23},"end":{"line":152,"column":57}},"type":"binary-expr","locations":[{"start":{"line":152,"column":23},"end":{"line":152,"column":35}},{"start":{"line":152,"column":39},"end":{"line":152,"column":57}}],"line":152},"5":{"loc":{"start":{"line":153,"column":26},"end":{"line":153,"column":63}},"type":"binary-expr","locations":[{"start":{"line":153,"column":26},"end":{"line":153,"column":39}},{"start":{"line":153,"column":43},"end":{"line":153,"column":53}},{"start":{"line":153,"column":57},"end":{"line":153,"column":63}}],"line":153},"6":{"loc":{"start":{"line":155,"column":23},"end":{"line":155,"column":75}},"type":"cond-expr","locations":[{"start":{"line":155,"column":33},"end":{"line":155,"column":52}},{"start":{"line":155,"column":55},"end":{"line":155,"column":75}}],"line":155},"7":{"loc":{"start":{"line":157,"column":23},"end":{"line":157,"column":44}},"type":"binary-expr","locations":[{"start":{"line":157,"column":23},"end":{"line":157,"column":34}},{"start":{"line":157,"column":38},"end":{"line":157,"column":44}}],"line":157},"8":{"loc":{"start":{"line":172,"column":23},"end":{"line":172,"column":58}},"type":"cond-expr","locations":[{"start":{"line":172,"column":37},"end":{"line":172,"column":50}},{"start":{"line":172,"column":53},"end":{"line":172,"column":58}}],"line":172},"9":{"loc":{"start":{"line":194,"column":17},"end":{"line":198,"column":22}},"type":"cond-expr","locations":[{"start":{"line":195,"column":18},"end":{"line":197,"column":35}},{"start":{"line":198,"column":20},"end":{"line":198,"column":22}}],"line":194},"10":{"loc":{"start":{"line":201,"column":23},"end":{"line":201,"column":64}},"type":"cond-expr","locations":[{"start":{"line":201,"column":43},"end":{"line":201,"column":56}},{"start":{"line":201,"column":59},"end":{"line":201,"column":64}}],"line":201},"11":{"loc":{"start":{"line":228,"column":15},"end":{"line":228,"column":85}},"type":"cond-expr","locations":[{"start":{"line":228,"column":25},"end":{"line":228,"column":80}},{"start":{"line":228,"column":83},"end":{"line":228,"column":85}}],"line":228},"12":{"loc":{"start":{"line":229,"column":15},"end":{"line":234,"column":17}},"type":"cond-expr","locations":[{"start":{"line":231,"column":18},"end":{"line":231,"column":90}},{"start":{"line":233,"column":18},"end":{"line":233,"column":91}}],"line":229}},"s":{"0":8,"1":8,"2":1,"3":1,"4":1,"5":1,"6":1,"7":1,"8":0,"9":8,"10":2,"11":2,"12":2,"13":1,"14":1,"15":1,"16":1,"17":1,"18":1,"19":1,"20":0,"21":8,"22":1,"23":1,"24":8,"25":1,"26":1,"27":1,"28":1,"29":1,"30":1,"31":1,"32":1,"33":1,"34":1,"35":0,"36":0,"37":0,"38":0,"39":0,"40":0,"41":0,"42":18,"43":18,"44":18,"45":18,"46":18,"47":18,"48":18,"49":18,"50":18},"f":{"0":1,"1":0,"2":2,"3":0,"4":1,"5":1,"6":1,"7":0,"8":0,"9":0,"10":18},"b":{"0":[1,1],"1":[0,0],"2":[2,16],"3":[2,16],"4":[18,6],"5":[18,17,2],"6":[1,17],"7":[18,2],"8":[6,12],"9":[0,18],"10":[2,16],"11":[1,17],"12":[16,2]},"_coverageSchema":"43e27e138ebf9cfc5966b082cf9a028302ed4184","hash":"1a82fcfec8b651c7f666a93b8b1e95c4f403bcfa"}
,"/Users/innocentlou/Documents/React/healthid-fe/src/components/authentication/Register.js": {"path":"/Users/innocentlou/Documents/React/healthid-fe/src/components/authentication/Register.js","statementMap":{"0":{"start":{"line":12,"column":17},"end":{"line":97,"column":1}},"1":{"start":{"line":22,"column":6},"end":{"line":22,"column":11}},"2":{"start":{"line":24,"column":17},"end":{"line":24,"column":69}},"3":{"start":{"line":26,"column":20},"end":{"line":26,"column":61}},"4":{"start":{"line":28,"column":22},"end":{"line":28,"column":51}},"5":{"start":{"line":30,"column":26},"end":{"line":30,"column":49}},"6":{"start":{"line":32,"column":2},"end":{"line":96,"column":4}},"7":{"start":{"line":99,"column":0},"end":{"line":108,"column":2}}},"fnMap":{"0":{"name":"(anonymous_0)","decl":{"start":{"line":12,"column":17},"end":{"line":12,"column":18}},"loc":{"start":{"line":12,"column":28},"end":{"line":97,"column":1}},"line":12}},"branchMap":{"0":{"loc":{"start":{"line":24,"column":17},"end":{"line":24,"column":69}},"type":"cond-expr","locations":[{"start":{"line":24,"column":27},"end":{"line":24,"column":46}},{"start":{"line":24,"column":49},"end":{"line":24,"column":69}}],"line":24},"1":{"loc":{"start":{"line":26,"column":20},"end":{"line":26,"column":61}},"type":"binary-expr","locations":[{"start":{"line":26,"column":20},"end":{"line":26,"column":33}},{"start":{"line":26,"column":37},"end":{"line":26,"column":47}},{"start":{"line":26,"column":51},"end":{"line":26,"column":61}}],"line":26},"2":{"loc":{"start":{"line":28,"column":22},"end":{"line":28,"column":51}},"type":"binary-expr","locations":[{"start":{"line":28,"column":22},"end":{"line":28,"column":28}},{"start":{"line":28,"column":32},"end":{"line":28,"column":38}},{"start":{"line":28,"column":42},"end":{"line":28,"column":51}}],"line":28},"3":{"loc":{"start":{"line":30,"column":26},"end":{"line":30,"column":49}},"type":"binary-expr","locations":[{"start":{"line":30,"column":26},"end":{"line":30,"column":36}},{"start":{"line":30,"column":40},"end":{"line":30,"column":49}}],"line":30},"4":{"loc":{"start":{"line":37,"column":15},"end":{"line":37,"column":41}},"type":"cond-expr","locations":[{"start":{"line":37,"column":23},"end":{"line":37,"column":33}},{"start":{"line":37,"column":36},"end":{"line":37,"column":41}}],"line":37},"5":{"loc":{"start":{"line":44,"column":7},"end":{"line":44,"column":49}},"type":"cond-expr","locations":[{"start":{"line":44,"column":29},"end":{"line":44,"column":44}},{"start":{"line":44,"column":47},"end":{"line":44,"column":49}}],"line":44},"6":{"loc":{"start":{"line":44,"column":7},"end":{"line":44,"column":26}},"type":"binary-expr","locations":[{"start":{"line":44,"column":7},"end":{"line":44,"column":12}},{"start":{"line":44,"column":16},"end":{"line":44,"column":26}}],"line":44},"7":{"loc":{"start":{"line":78,"column":9},"end":{"line":78,"column":79}},"type":"cond-expr","locations":[{"start":{"line":78,"column":19},"end":{"line":78,"column":74}},{"start":{"line":78,"column":77},"end":{"line":78,"column":79}}],"line":78},"8":{"loc":{"start":{"line":79,"column":9},"end":{"line":81,"column":107}},"type":"cond-expr","locations":[{"start":{"line":80,"column":12},"end":{"line":80,"column":114}},{"start":{"line":81,"column":12},"end":{"line":81,"column":107}}],"line":79},"9":{"loc":{"start":{"line":79,"column":9},"end":{"line":79,"column":36}},"type":"binary-expr","locations":[{"start":{"line":79,"column":9},"end":{"line":79,"column":25}},{"start":{"line":79,"column":29},"end":{"line":79,"column":36}}],"line":79}},"s":{"0":21,"1":4,"2":4,"3":4,"4":4,"5":4,"6":4,"7":21},"f":{"0":4},"b":{"0":[3,1],"1":[4,4,4],"2":[4,1,1],"3":[4,1],"4":[1,3],"5":[0,4],"6":[4,1],"7":[3,1],"8":[1,3],"9":[4,1]},"_coverageSchema":"43e27e138ebf9cfc5966b082cf9a028302ed4184","hash":"ad938b40e43b1f98e1418cded9d93c0cdee2b59f"}
,"/Users/innocentlou/Documents/React/healthid-fe/src/components/authentication/SwitchAcount.js": {"path":"/Users/innocentlou/Documents/React/healthid-fe/src/components/authentication/SwitchAcount.js","statementMap":{"0":{"start":{"line":18,"column":10},"end":{"line":18,"column":29}},"1":{"start":{"line":20,"column":25},"end":{"line":29,"column":3}},"2":{"start":{"line":21,"column":4},"end":{"line":21,"column":27}},"3":{"start":{"line":22,"column":22},"end":{"line":22,"column":34}},"4":{"start":{"line":23,"column":4},"end":{"line":23,"column":39}},"5":{"start":{"line":24,"column":18},"end":{"line":24,"column":47}},"6":{"start":{"line":25,"column":4},"end":{"line":28,"column":7}},"7":{"start":{"line":31,"column":29},"end":{"line":33,"column":3}},"8":{"start":{"line":32,"column":4},"end":{"line":32,"column":76}},"9":{"start":{"line":32,"column":32},"end":{"line":32,"column":73}},"10":{"start":{"line":35,"column":22},"end":{"line":43,"column":3}},"11":{"start":{"line":36,"column":22},"end":{"line":36,"column":34}},"12":{"start":{"line":37,"column":4},"end":{"line":37,"column":36}},"13":{"start":{"line":38,"column":18},"end":{"line":38,"column":38}},"14":{"start":{"line":39,"column":4},"end":{"line":42,"column":7}},"15":{"start":{"line":45,"column":22},"end":{"line":49,"column":3}},"16":{"start":{"line":46,"column":4},"end":{"line":48,"column":7}},"17":{"start":{"line":51,"column":19},"end":{"line":54,"column":3}},"18":{"start":{"line":52,"column":24},"end":{"line":52,"column":36}},"19":{"start":{"line":53,"column":4},"end":{"line":53,"column":31}},"20":{"start":{"line":56,"column":17},"end":{"line":106,"column":3}},"21":{"start":{"line":57,"column":4},"end":{"line":57,"column":27}},"22":{"start":{"line":58,"column":33},"end":{"line":58,"column":43}},"23":{"start":{"line":59,"column":24},"end":{"line":59,"column":34}},"24":{"start":{"line":60,"column":4},"end":{"line":60,"column":37}},"25":{"start":{"line":62,"column":4},"end":{"line":83,"column":5}},"26":{"start":{"line":63,"column":6},"end":{"line":66,"column":8}},"27":{"start":{"line":67,"column":6},"end":{"line":82,"column":11}},"28":{"start":{"line":71,"column":48},"end":{"line":71,"column":70}},"29":{"start":{"line":72,"column":10},"end":{"line":77,"column":11}},"30":{"start":{"line":73,"column":12},"end":{"line":73,"column":54}},"31":{"start":{"line":74,"column":12},"end":{"line":74,"column":58}},"32":{"start":{"line":75,"column":12},"end":{"line":75,"column":26}},"33":{"start":{"line":76,"column":12},"end":{"line":76,"column":46}},"34":{"start":{"line":80,"column":10},"end":{"line":80,"column":46}},"35":{"start":{"line":81,"column":10},"end":{"line":81,"column":44}},"36":{"start":{"line":84,"column":4},"end":{"line":105,"column":5}},"37":{"start":{"line":85,"column":6},"end":{"line":88,"column":8}},"38":{"start":{"line":89,"column":6},"end":{"line":104,"column":11}},"39":{"start":{"line":93,"column":48},"end":{"line":93,"column":70}},"40":{"start":{"line":94,"column":10},"end":{"line":99,"column":11}},"41":{"start":{"line":95,"column":12},"end":{"line":95,"column":54}},"42":{"start":{"line":96,"column":12},"end":{"line":96,"column":58}},"43":{"start":{"line":97,"column":12},"end":{"line":97,"column":26}},"44":{"start":{"line":98,"column":12},"end":{"line":98,"column":46}},"45":{"start":{"line":102,"column":10},"end":{"line":102,"column":46}},"46":{"start":{"line":103,"column":10},"end":{"line":103,"column":44}},"47":{"start":{"line":108,"column":22},"end":{"line":111,"column":3}},"48":{"start":{"line":109,"column":18},"end":{"line":109,"column":47}},"49":{"start":{"line":110,"column":4},"end":{"line":110,"column":40}},"50":{"start":{"line":116,"column":8},"end":{"line":116,"column":18}},"51":{"start":{"line":117,"column":4},"end":{"line":160,"column":6}},"52":{"start":{"line":126,"column":10},"end":{"line":157,"column":17}},"53":{"start":{"line":129,"column":16},"end":{"line":154,"column":27}},"54":{"start":{"line":131,"column":20},"end":{"line":152,"column":28}},"55":{"start":{"line":133,"column":77},"end":{"line":133,"column":90}},"56":{"start":{"line":144,"column":49},"end":{"line":148,"column":27}},"57":{"start":{"line":164,"column":0},"end":{"line":170,"column":2}},"58":{"start":{"line":172,"column":0},"end":{"line":176,"column":2}}},"fnMap":{"0":{"name":"(anonymous_0)","decl":{"start":{"line":20,"column":25},"end":{"line":20,"column":26}},"loc":{"start":{"line":20,"column":36},"end":{"line":29,"column":3}},"line":20},"1":{"name":"(anonymous_1)","decl":{"start":{"line":31,"column":29},"end":{"line":31,"column":30}},"loc":{"start":{"line":31,"column":35},"end":{"line":33,"column":3}},"line":31},"2":{"name":"(anonymous_2)","decl":{"start":{"line":32,"column":18},"end":{"line":32,"column":19}},"loc":{"start":{"line":32,"column":32},"end":{"line":32,"column":73}},"line":32},"3":{"name":"(anonymous_3)","decl":{"start":{"line":35,"column":22},"end":{"line":35,"column":23}},"loc":{"start":{"line":35,"column":33},"end":{"line":43,"column":3}},"line":35},"4":{"name":"(anonymous_4)","decl":{"start":{"line":45,"column":22},"end":{"line":45,"column":23}},"loc":{"start":{"line":45,"column":33},"end":{"line":49,"column":3}},"line":45},"5":{"name":"(anonymous_5)","decl":{"start":{"line":51,"column":19},"end":{"line":51,"column":20}},"loc":{"start":{"line":51,"column":30},"end":{"line":54,"column":3}},"line":51},"6":{"name":"(anonymous_6)","decl":{"start":{"line":56,"column":17},"end":{"line":56,"column":18}},"loc":{"start":{"line":56,"column":60},"end":{"line":106,"column":3}},"line":56},"7":{"name":"(anonymous_7)","decl":{"start":{"line":70,"column":14},"end":{"line":70,"column":15}},"loc":{"start":{"line":70,"column":27},"end":{"line":78,"column":9}},"line":70},"8":{"name":"(anonymous_8)","decl":{"start":{"line":79,"column":15},"end":{"line":79,"column":16}},"loc":{"start":{"line":79,"column":26},"end":{"line":82,"column":9}},"line":79},"9":{"name":"(anonymous_9)","decl":{"start":{"line":92,"column":14},"end":{"line":92,"column":15}},"loc":{"start":{"line":92,"column":27},"end":{"line":100,"column":9}},"line":92},"10":{"name":"(anonymous_10)","decl":{"start":{"line":101,"column":15},"end":{"line":101,"column":16}},"loc":{"start":{"line":101,"column":26},"end":{"line":104,"column":9}},"line":101},"11":{"name":"(anonymous_11)","decl":{"start":{"line":108,"column":22},"end":{"line":108,"column":23}},"loc":{"start":{"line":108,"column":33},"end":{"line":111,"column":3}},"line":108},"12":{"name":"(anonymous_12)","decl":{"start":{"line":113,"column":2},"end":{"line":113,"column":3}},"loc":{"start":{"line":113,"column":11},"end":{"line":161,"column":3}},"line":113},"13":{"name":"(anonymous_13)","decl":{"start":{"line":125,"column":9},"end":{"line":125,"column":10}},"loc":{"start":{"line":126,"column":10},"end":{"line":157,"column":17}},"line":126},"14":{"name":"(anonymous_14)","decl":{"start":{"line":128,"column":15},"end":{"line":128,"column":16}},"loc":{"start":{"line":129,"column":16},"end":{"line":154,"column":27}},"line":129},"15":{"name":"(anonymous_15)","decl":{"start":{"line":130,"column":19},"end":{"line":130,"column":20}},"loc":{"start":{"line":131,"column":20},"end":{"line":152,"column":28}},"line":131},"16":{"name":"(anonymous_16)","decl":{"start":{"line":133,"column":71},"end":{"line":133,"column":72}},"loc":{"start":{"line":133,"column":77},"end":{"line":133,"column":90}},"line":133},"17":{"name":"(anonymous_17)","decl":{"start":{"line":144,"column":40},"end":{"line":144,"column":41}},"loc":{"start":{"line":144,"column":49},"end":{"line":148,"column":27}},"line":144}},"branchMap":{"0":{"loc":{"start":{"line":62,"column":4},"end":{"line":83,"column":5}},"type":"if","locations":[{"start":{"line":62,"column":4},"end":{"line":83,"column":5}},{"start":{"line":62,"column":4},"end":{"line":83,"column":5}}],"line":62},"1":{"loc":{"start":{"line":72,"column":10},"end":{"line":77,"column":11}},"type":"if","locations":[{"start":{"line":72,"column":10},"end":{"line":77,"column":11}},{"start":{"line":72,"column":10},"end":{"line":77,"column":11}}],"line":72},"2":{"loc":{"start":{"line":84,"column":4},"end":{"line":105,"column":5}},"type":"if","locations":[{"start":{"line":84,"column":4},"end":{"line":105,"column":5}},{"start":{"line":84,"column":4},"end":{"line":105,"column":5}}],"line":84},"3":{"loc":{"start":{"line":94,"column":10},"end":{"line":99,"column":11}},"type":"if","locations":[{"start":{"line":94,"column":10},"end":{"line":99,"column":11}},{"start":{"line":94,"column":10},"end":{"line":99,"column":11}}],"line":94}},"s":{"0":13,"1":13,"2":1,"3":1,"4":1,"5":1,"6":1,"7":13,"8":1,"9":1,"10":13,"11":1,"12":1,"13":1,"14":1,"15":13,"16":1,"17":13,"18":1,"19":1,"20":13,"21":2,"22":2,"23":2,"24":2,"25":2,"26":1,"27":1,"28":1,"29":1,"30":1,"31":1,"32":1,"33":0,"34":1,"35":1,"36":2,"37":1,"38":1,"39":1,"40":1,"41":1,"42":1,"43":1,"44":0,"45":1,"46":1,"47":13,"48":2,"49":2,"50":49,"51":49,"52":0,"53":0,"54":0,"55":0,"56":0,"57":18,"58":18},"f":{"0":1,"1":1,"2":1,"3":1,"4":1,"5":1,"6":2,"7":1,"8":1,"9":1,"10":1,"11":2,"12":49,"13":0,"14":0,"15":0,"16":0,"17":0},"b":{"0":[1,1],"1":[1,0],"2":[1,1],"3":[1,0]},"_coverageSchema":"43e27e138ebf9cfc5966b082cf9a028302ed4184","hash":"c353748a3f1e5947a5eb225d61e8556841ef1bb3"}
,"/Users/innocentlou/Documents/React/healthid-fe/src/components/authentication/Alerts/ForgotPasswordAlert.js": {"path":"/Users/innocentlou/Documents/React/healthid-fe/src/components/authentication/Alerts/ForgotPasswordAlert.js","statementMap":{"0":{"start":{"line":13,"column":28},"end":{"line":92,"column":1}},"1":{"start":{"line":17,"column":6},"end":{"line":17,"column":11}},"2":{"start":{"line":19,"column":17},"end":{"line":36,"column":5}},"3":{"start":{"line":37,"column":2},"end":{"line":91,"column":4}},"4":{"start":{"line":94,"column":0},"end":{"line":104,"column":2}},"5":{"start":{"line":106,"column":0},"end":{"line":113,"column":2}}},"fnMap":{"0":{"name":"(anonymous_0)","decl":{"start":{"line":13,"column":28},"end":{"line":13,"column":29}},"loc":{"start":{"line":13,"column":39},"end":{"line":92,"column":1}},"line":13}},"branchMap":{"0":{"loc":{"start":{"line":19,"column":17},"end":{"line":36,"column":5}},"type":"cond-expr","locations":[{"start":{"line":20,"column":4},"end":{"line":24,"column":6}},{"start":{"line":27,"column":6},"end":{"line":35,"column":15}}],"line":19}},"s":{"0":21,"1":11,"2":11,"3":11,"4":21,"5":21},"f":{"0":11},"b":{"0":[2,9]},"_coverageSchema":"43e27e138ebf9cfc5966b082cf9a028302ed4184","hash":"23947c17aaca95d4af8858d91afb2be51117d319"}
,"/Users/innocentlou/Documents/React/healthid-fe/src/components/authentication/Alerts/LoginAlert.js": {"path":"/Users/innocentlou/Documents/React/healthid-fe/src/components/authentication/Alerts/LoginAlert.js","statementMap":{"0":{"start":{"line":12,"column":19},"end":{"line":73,"column":1}},"1":{"start":{"line":15,"column":6},"end":{"line":15,"column":11}},"2":{"start":{"line":17,"column":14},"end":{"line":17,"column":45}},"3":{"start":{"line":19,"column":16},"end":{"line":19,"column":56}},"4":{"start":{"line":21,"column":21},"end":{"line":21,"column":56}},"5":{"start":{"line":23,"column":15},"end":{"line":44,"column":3}},"6":{"start":{"line":45,"column":2},"end":{"line":72,"column":4}},"7":{"start":{"line":75,"column":0},"end":{"line":80,"column":2}},"8":{"start":{"line":82,"column":0},"end":{"line":86,"column":2}}},"fnMap":{"0":{"name":"(anonymous_0)","decl":{"start":{"line":12,"column":19},"end":{"line":12,"column":20}},"loc":{"start":{"line":12,"column":30},"end":{"line":73,"column":1}},"line":12}},"branchMap":{"0":{"loc":{"start":{"line":17,"column":14},"end":{"line":17,"column":45}},"type":"cond-expr","locations":[{"start":{"line":17,"column":24},"end":{"line":17,"column":34}},{"start":{"line":17,"column":37},"end":{"line":17,"column":45}}],"line":17},"1":{"loc":{"start":{"line":19,"column":16},"end":{"line":19,"column":56}},"type":"cond-expr","locations":[{"start":{"line":19,"column":26},"end":{"line":19,"column":45}},{"start":{"line":19,"column":48},"end":{"line":19,"column":56}}],"line":19},"2":{"loc":{"start":{"line":21,"column":21},"end":{"line":21,"column":56}},"type":"cond-expr","locations":[{"start":{"line":21,"column":31},"end":{"line":21,"column":43}},{"start":{"line":21,"column":46},"end":{"line":21,"column":56}}],"line":21},"3":{"loc":{"start":{"line":23,"column":15},"end":{"line":44,"column":3}},"type":"cond-expr","locations":[{"start":{"line":24,"column":4},"end":{"line":28,"column":10}},{"start":{"line":30,"column":4},"end":{"line":43,"column":10}}],"line":23}},"s":{"0":21,"1":11,"2":11,"3":11,"4":11,"5":11,"6":11,"7":21,"8":21},"f":{"0":11},"b":{"0":[1,10],"1":[1,10],"2":[1,10],"3":[1,10]},"_coverageSchema":"43e27e138ebf9cfc5966b082cf9a028302ed4184","hash":"8f5e6e6853fe077e025eebd0223b1b8c322e46ec"}
[...]
,"/Users/innocentlou/Documents/React/healthid-fe/src/mutations/updateReceiptTempMutation.js": {"path":"/Users/innocentlou/Documents/React/healthid-fe/src/mutations/updateReceiptTempMutation.js","statementMap":{"0":{"start":{"line":3,"column":28},"end":{"line":43,"column":1}}},"fnMap":{},"branchMap":{},"s":{"0":1},"f":{},"b":{},"_coverageSchema":"43e27e138ebf9cfc5966b082cf9a028302ed4184","hash":"c6098010aad2fef11c78508c322dea0ddf99031f"}
,"/Users/innocentlou/Documents/React/healthid-fe/src/mutations/updateRegisterMutation.js": {"path":"/Users/innocentlou/Documents/React/healthid-fe/src/mutations/updateRegisterMutation.js","statementMap":{"0":{"start":{"line":3,"column":24},"end":{"line":55,"column":1}}},"fnMap":{},"branchMap":{},"s":{"0":1},"f":{},"b":{},"_coverageSchema":"43e27e138ebf9cfc5966b082cf9a028302ed4184","hash":"f3c7298a65d36f4419427d15bd38f92d923eedd6"}
,"/Users/innocentlou/Documents/React/healthid-fe/src/mutations/updateUserMutation.js": {"path":"/Users/innocentlou/Documents/React/healthid-fe/src/mutations/updateUserMutation.js","statementMap":{"0":{"start":{"line":3,"column":20},"end":{"line":34,"column":1}}},"fnMap":{},"branchMap":{},"s":{"0":2},"f":{},"b":{},"_coverageSchema":"43e27e138ebf9cfc5966b082cf9a028302ed4184","hash":"c252e22317b1a397d485cc26a6a27e49081789af"}
,"/Users/innocentlou/Documents/React/healthid-fe/src/mutations/updateUserPassword.js": {"path":"/Users/innocentlou/Documents/React/healthid-fe/src/mutations/updateUserPassword.js","statementMap":{"0":{"start":{"line":3,"column":29},"end":{"line":16,"column":6}}},"fnMap":{},"branchMap":{},"s":{"0":1},"f":{},"b":{},"_coverageSchema":"43e27e138ebf9cfc5966b082cf9a028302ed4184","hash":"d9d380f8601f7c5c5767320b3c8fe4c48412246d"}
,"/Users/innocentlou/Documents/React/healthid-fe/src/mutations/sellScreen/createCustomerMutation.js": {"path":"/Users/innocentlou/Documents/React/healthid-fe/src/mutations/sellScreen/createCustomerMutation.js","statementMap":{"0":{"start":{"line":3,"column":24},"end":{"line":59,"column":1}}},"fnMap":{},"branchMap":{},"s":{"0":3},"f":{},"b":{},"_coverageSchema":"43e27e138ebf9cfc5966b082cf9a028302ed4184","hash":"f99e8dc4be70a76a5e044c7211894e4b3fcf745c"}
,"/Users/innocentlou/Documents/React/healthid-fe/src/mutations/sellScreen/createSaleMutation.js": {"path":"/Users/innocentlou/Documents/React/healthid-fe/src/mutations/sellScreen/createSaleMutation.js","statementMap":{"0":{"start":{"line":3,"column":29},"end":{"line":67,"column":1}}},"fnMap":{},"branchMap":{},"s":{"0":2},"f":{},"b":{},"_coverageSchema":"43e27e138ebf9cfc5966b082cf9a028302ed4184","hash":"7ee9d028d6adb984059fea7921f7281cb95a8df7"}
,"/Users/innocentlou/Documents/React/healthid-fe/src/mutations/sellScreen/editCustomerMutation.js": {"path":"/Users/innocentlou/Documents/React/healthid-fe/src/mutations/sellScreen/editCustomerMutation.js","statementMap":{"0":{"start":{"line":3,"column":22},"end":{"line":61,"column":1}}},"fnMap":{},"branchMap":{},"s":{"0":3},"f":{},"b":{},"_coverageSchema":"43e27e138ebf9cfc5966b082cf9a028302ed4184","hash":"ded0cca94aaac6c8607c05e37e020e7bbf9a51f1"}
,"/Users/innocentlou/Documents/React/healthid-fe/src/mutations/setup/updateOutletPreferences.js": {"path":"/Users/innocentlou/Documents/React/healthid-fe/src/mutations/setup/updateOutletPreferences.js","statementMap":{"0":{"start":{"line":3,"column":34},"end":{"line":53,"column":1}}},"fnMap":{},"branchMap":{},"s":{"0":1},"f":{},"b":{},"_coverageSchema":"43e27e138ebf9cfc5966b082cf9a028302ed4184","hash":"c3679d488b43fe84aece04d2fbfc20ad418a6c4a"}
,"/Users/innocentlou/Documents/React/healthid-fe/src/queries/addUsersSetupQuery.js": {"path":"/Users/innocentlou/Documents/React/healthid-fe/src/queries/addUsersSetupQuery.js","statementMap":{"0":{"start":{"line":3,"column":25},"end":{"line":9,"column":4}},"1":{"start":{"line":11,"column":27},"end":{"line":41,"column":1}}},"fnMap":{},"branchMap":{},"s":{"0":1,"1":1},"f":{},"b":{},"_coverageSchema":"43e27e138ebf9cfc5966b082cf9a028302ed4184","hash":"25670071ac602292f5ceb8acba4644ba2daf18e9"}
,"/Users/innocentlou/Documents/React/healthid-fe/src/queries/countryProductsCustomerQuery.js": {"path":"/Users/innocentlou/Documents/React/healthid-fe/src/queries/countryProductsCustomerQuery.js","statementMap":{"0":{"start":{"line":3,"column":41},"end":{"line":63,"column":1}}},"fnMap":{},"branchMap":{},"s":{"0":2},"f":{},"b":{},"_coverageSchema":"43e27e138ebf9cfc5966b082cf9a028302ed4184","hash":"75bbeb100020cecded574314755dd821efeac54b"}
,"/Users/innocentlou/Documents/React/healthid-fe/src/queries/countryQuery.js": {"path":"/Users/innocentlou/Documents/React/healthid-fe/src/queries/countryQuery.js","statementMap":{"0":{"start":{"line":3,"column":26},"end":{"line":14,"column":1}}},"fnMap":{},"branchMap":{},"s":{"0":1},"f":{},"b":{},"_coverageSchema":"43e27e138ebf9cfc5966b082cf9a028302ed4184","hash":"e0d932822ef37da67260d480cb3b508a07d401aa"}
,"/Users/innocentlou/Documents/React/healthid-fe/src/queries/filteredProductsQuery.js": {"path":"/Users/innocentlou/Documents/React/healthid-fe/src/queries/filteredProductsQuery.js","statementMap":{"0":{"start":{"line":3,"column":30},"end":{"line":39,"column":3}}},"fnMap":{},"branchMap":{},"s":{"0":1},"f":{},"b":{},"_coverageSchema":"43e27e138ebf9cfc5966b082cf9a028302ed4184","hash":"3ff364e8ae2d4ef157f93a03bfc1f6c20bf3e50e"}
,"/Users/innocentlou/Documents/React/healthid-fe/src/queries/getCurrencies.js": {"path":"/Users/innocentlou/Documents/React/healthid-fe/src/queries/getCurrencies.js","statementMap":{"0":{"start":{"line":3,"column":27},"end":{"line":10,"column":1}}},"fnMap":{},"branchMap":{},"s":{"0":1},"f":{},"b":{},"_coverageSchema":"43e27e138ebf9cfc5966b082cf9a028302ed4184","hash":"cb3633c151855d03c6694285a4cef76e954baf27"}
,"/Users/innocentlou/Documents/React/healthid-fe/src/queries/getSuppliers.js": {"path":"/Users/innocentlou/Documents/React/healthid-fe/src/queries/getSuppliers.js","statementMap":{"0":{"start":{"line":3,"column":26},"end":{"line":18,"column":1}}},"fnMap":{},"branchMap":{},"s":{"0":1},"f":{},"b":{},"_coverageSchema":"43e27e138ebf9cfc5966b082cf9a028302ed4184","hash":"c5b282e1f9661a58848a0b8df794b17616eecde7"}
,"/Users/innocentlou/Documents/React/healthid-fe/src/queries/getTimezones.js": {"path":"/Users/innocentlou/Documents/React/healthid-fe/src/queries/getTimezones.js","statementMap":{"0":{"start":{"line":3,"column":26},"end":{"line":11,"column":1}}},"fnMap":{},"branchMap":{},"s":{"0":1},"f":{},"b":{},"_coverageSchema":"43e27e138ebf9cfc5966b082cf9a028302ed4184","hash":"14d2ab2c56eed53d0e52d469e4598ea9579863fc"}
,"/Users/innocentlou/Documents/React/healthid-fe/src/queries/outletPreferences.js": {"path":"/Users/innocentlou/Documents/React/healthid-fe/src/queries/outletPreferences.js","statementMap":{"0":{"start":{"line":3,"column":31},"end":{"line":33,"column":1}}},"fnMap":{},"branchMap":{},"s":{"0":1},"f":{},"b":{},"_coverageSchema":"43e27e138ebf9cfc5966b082cf9a028302ed4184","hash":"aa78872a3a02733a0f77f469dae95e84931dbd44"}
,"/Users/innocentlou/Documents/React/healthid-fe/src/queries/productCategoryQuery.js": {"path":"/Users/innocentlou/Documents/React/healthid-fe/src/queries/productCategoryQuery.js","statementMap":{"0":{"start":{"line":3,"column":31},"end":{"line":17,"column":1}}},"fnMap":{},"branchMap":{},"s":{"0":2},"f":{},"b":{},"_coverageSchema":"43e27e138ebf9cfc5966b082cf9a028302ed4184","hash":"d8a63e843b86595fe8bd8a52f8ca564680c27627"}
,"/Users/innocentlou/Documents/React/healthid-fe/src/queries/productDetailQuery.js": {"path":"/Users/innocentlou/Documents/React/healthid-fe/src/queries/productDetailQuery.js","statementMap":{"0":{"start":{"line":3,"column":29},"end":{"line":61,"column":1}}},"fnMap":{},"branchMap":{},"s":{"0":1},"f":{},"b":{},"_coverageSchema":"43e27e138ebf9cfc5966b082cf9a028302ed4184","hash":"297aae68b928d848087b07cc58fca0b69c659bf4"}
,"/Users/innocentlou/Documents/React/healthid-fe/src/queries/productsSuppliersCategoriesQuery.js": {"path":"/Users/innocentlou/Documents/React/healthid-fe/src/queries/productsSuppliersCategoriesQuery.js","statementMap":{"0":{"start":{"line":3,"column":42},"end":{"line":28,"column":1}}},"fnMap":{},"branchMap":{},"s":{"0":1},"f":{},"b":{},"_coverageSchema":"43e27e138ebf9cfc5966b082cf9a028302ed4184","hash":"fa798c8604f2d5d29c2edb82b53e66234a58d1cb"}
,"/Users/innocentlou/Documents/React/healthid-fe/src/queries/salesHistoryQuery.js": {"path":"/Users/innocentlou/Documents/React/healthid-fe/src/queries/salesHistoryQuery.js","statementMap":{"0":{"start":{"line":3,"column":26},"end":{"line":30,"column":1}}},"fnMap":{},"branchMap":{},"s":{"0":1},"f":{},"b":{},"_coverageSchema":"43e27e138ebf9cfc5966b082cf9a028302ed4184","hash":"66f82b4aee0ff84e0119d5c3e2a34bd33170255a"}
,"/Users/innocentlou/Documents/React/healthid-fe/src/queries/stockProducts.js": {"path":"/Users/innocentlou/Documents/React/healthid-fe/src/queries/stockProducts.js","statementMap":{"0":{"start":{"line":3,"column":41},"end":{"line":25,"column":1}},"1":{"start":{"line":27,"column":38},"end":{"line":47,"column":1}},"2":{"start":{"line":49,"column":39},"end":{"line":67,"column":1}}},"fnMap":{},"branchMap":{},"s":{"0":8,"1":8,"2":8},"f":{},"b":{},"_coverageSchema":"43e27e138ebf9cfc5966b082cf9a028302ed4184","hash":"3515def303f5e0dabc5f122019896f54e3e31c6f"}
,"/Users/innocentlou/Documents/React/healthid-fe/src/queries/updateUserQuery.js": {"path":"/Users/innocentlou/Documents/React/healthid-fe/src/queries/updateUserQuery.js","statementMap":{"0":{"start":{"line":3,"column":25},"end":{"line":25,"column":1}}},"fnMap":{},"branchMap":{},"s":{"0":2},"f":{},"b":{},"_coverageSchema":"43e27e138ebf9cfc5966b082cf9a028302ed4184","hash":"1fa8e4d9e645c045016db45b12d28878eda9230f"}
,"/Users/innocentlou/Documents/React/healthid-fe/src/queries/userDataQuery.js": {"path":"/Users/innocentlou/Documents/React/healthid-fe/src/queries/userDataQuery.js","statementMap":{"0":{"start":{"line":3,"column":22},"end":{"line":63,"column":1}}},"fnMap":{},"branchMap":{},"s":{"0":17},"f":{},"b":{},"_coverageSchema":"43e27e138ebf9cfc5966b082cf9a028302ed4184","hash":"602b653cdabedd9a06edbad398a39173e9ccbd62"}
,"/Users/innocentlou/Documents/React/healthid-fe/src/utils/authentication/Validation.js": {"path":"/Users/innocentlou/Documents/React/healthid-fe/src/utils/authentication/Validation.js","statementMap":{"0":{"start":{"line":4,"column":38},"end":{"line":31,"column":1}},"1":{"start":{"line":5,"column":19},"end":{"line":5,"column":21}},"2":{"start":{"line":6,"column":14},"end":{"line":6,"column":19}},"3":{"start":{"line":7,"column":16},"end":{"line":7,"column":50}},"4":{"start":{"line":8,"column":2},"end":{"line":29,"column":3}},"5":{"start":{"line":9,"column":4},"end":{"line":13,"column":6}},"6":{"start":{"line":14,"column":4},"end":{"line":14,"column":17}},"7":{"start":{"line":15,"column":9},"end":{"line":29,"column":3}},"8":{"start":{"line":16,"column":4},"end":{"line":20,"column":6}},"9":{"start":{"line":21,"column":4},"end":{"line":21,"column":17}},"10":{"start":{"line":23,"column":4},"end":{"line":27,"column":6}},"11":{"start":{"line":28,"column":4},"end":{"line":28,"column":18}},"12":{"start":{"line":30,"column":2},"end":{"line":30,"column":29}},"13":{"start":{"line":33,"column":29},"end":{"line":54,"column":1}},"14":{"start":{"line":35,"column":14},"end":{"line":35,"column":19}},"15":{"start":{"line":36,"column":16},"end":{"line":36,"column":60}},"16":{"start":{"line":37,"column":21},"end":{"line":37,"column":38}},"17":{"start":{"line":38,"column":2},"end":{"line":52,"column":3}},"18":{"start":{"line":39,"column":4},"end":{"line":43,"column":6}},"19":{"start":{"line":44,"column":4},"end":{"line":44,"column":18}},"20":{"start":{"line":46,"column":4},"end":{"line":50,"column":6}},"21":{"start":{"line":51,"column":4},"end":{"line":51,"column":17}},"22":{"start":{"line":53,"column":2},"end":{"line":53,"column":29}},"23":{"start":{"line":57,"column":35},"end":{"line":78,"column":1}},"24":{"start":{"line":60,"column":16},"end":{"line":60,"column":28}},"25":{"start":{"line":61,"column":21},"end":{"line":61,"column":38}},"26":{"start":{"line":62,"column":2},"end":{"line":76,"column":3}},"27":{"start":{"line":63,"column":4},"end":{"line":67,"column":6}},"28":{"start":{"line":68,"column":4},"end":{"line":68,"column":18}},"29":{"start":{"line":70,"column":4},"end":{"line":74,"column":6}},"30":{"start":{"line":75,"column":4},"end":{"line":75,"column":17}},"31":{"start":{"line":77,"column":2},"end":{"line":77,"column":29}},"32":{"start":{"line":80,"column":32},"end":{"line":99,"column":1}},"33":{"start":{"line":83,"column":2},"end":{"line":97,"column":3}},"34":{"start":{"line":84,"column":4},"end":{"line":88,"column":6}},"35":{"start":{"line":89,"column":4},"end":{"line":89,"column":18}},"36":{"start":{"line":91,"column":4},"end":{"line":95,"column":6}},"37":{"start":{"line":96,"column":4},"end":{"line":96,"column":17}},"38":{"start":{"line":98,"column":2},"end":{"line":98,"column":29}}},"fnMap":{"0":{"name":"(anonymous_0)","decl":{"start":{"line":4,"column":38},"end":{"line":4,"column":39}},"loc":{"start":{"line":4,"column":52},"end":{"line":31,"column":1}},"line":4},"1":{"name":"(anonymous_1)","decl":{"start":{"line":33,"column":29},"end":{"line":33,"column":30}},"loc":{"start":{"line":33,"column":40},"end":{"line":54,"column":1}},"line":33},"2":{"name":"(anonymous_2)","decl":{"start":{"line":57,"column":35},"end":{"line":57,"column":36}},"loc":{"start":{"line":57,"column":46},"end":{"line":78,"column":1}},"line":57},"3":{"name":"(anonymous_3)","decl":{"start":{"line":80,"column":32},"end":{"line":80,"column":33}},"loc":{"start":{"line":80,"column":52},"end":{"line":99,"column":1}},"line":80}},"branchMap":{"0":{"loc":{"start":{"line":8,"column":2},"end":{"line":29,"column":3}},"type":"if","locations":[{"start":{"line":8,"column":2},"end":{"line":29,"column":3}},{"start":{"line":8,"column":2},"end":{"line":29,"column":3}}],"line":8},"1":{"loc":{"start":{"line":15,"column":9},"end":{"line":29,"column":3}},"type":"if","locations":[{"start":{"line":15,"column":9},"end":{"line":29,"column":3}},{"start":{"line":15,"column":9},"end":{"line":29,"column":3}}],"line":15},"2":{"loc":{"start":{"line":38,"column":2},"end":{"line":52,"column":3}},"type":"if","locations":[{"start":{"line":38,"column":2},"end":{"line":52,"column":3}},{"start":{"line":38,"column":2},"end":{"line":52,"column":3}}],"line":38},"3":{"loc":{"start":{"line":62,"column":2},"end":{"line":76,"column":3}},"type":"if","locations":[{"start":{"line":62,"column":2},"end":{"line":76,"column":3}},{"start":{"line":62,"column":2},"end":{"line":76,"column":3}}],"line":62},"4":{"loc":{"start":{"line":83,"column":2},"end":{"line":97,"column":3}},"type":"if","locations":[{"start":{"line":83,"column":2},"end":{"line":97,"column":3}},{"start":{"line":83,"column":2},"end":{"line":97,"column":3}}],"line":83}},"s":{"0":21,"1":6,"2":6,"3":6,"4":6,"5":2,"6":2,"7":4,"8":1,"9":1,"10":3,"11":3,"12":6,"13":21,"14":4,"15":4,"16":4,"17":4,"18":2,"19":2,"20":2,"21":2,"22":4,"23":21,"24":2,"25":2,"26":2,"27":1,"28":1,"29":1,"30":1,"31":2,"32":21,"33":3,"34":2,"35":2,"36":1,"37":1,"38":3},"f":{"0":6,"1":4,"2":2,"3":3},"b":{"0":[2,4],"1":[1,3],"2":[2,2],"3":[1,1],"4":[2,1]},"_coverageSchema":"43e27e138ebf9cfc5966b082cf9a028302ed4184","hash":"4f487b6c865861f6cf9309262047992bbb9d5784"}
,"/Users/innocentlou/Documents/React/healthid-fe/src/utils/products/ProductNameValidation.js": {"path":"/Users/innocentlou/Documents/React/healthid-fe/src/utils/products/ProductNameValidation.js","statementMap":{"0":{"start":{"line":1,"column":28},"end":{"line":14,"column":1}},"1":{"start":{"line":2,"column":16},"end":{"line":2,"column":18}},"2":{"start":{"line":3,"column":17},"end":{"line":4,"column":26}},"3":{"start":{"line":3,"column":44},"end":{"line":4,"column":25}},"4":{"start":{"line":5,"column":2},"end":{"line":12,"column":3}},"5":{"start":{"line":6,"column":4},"end":{"line":9,"column":5}},"6":{"start":{"line":7,"column":6},"end":{"line":7,"column":80}},"7":{"start":{"line":8,"column":6},"end":{"line":8,"column":21}},"8":{"start":{"line":10,"column":4},"end":{"line":10,"column":80}},"9":{"start":{"line":11,"column":4},"end":{"line":11,"column":19}},"10":{"start":{"line":13,"column":2},"end":{"line":13,"column":17}}},"fnMap":{"0":{"name":"(anonymous_0)","decl":{"start":{"line":1,"column":28},"end":{"line":1,"column":29}},"loc":{"start":{"line":1,"column":49},"end":{"line":14,"column":1}},"line":1},"1":{"name":"(anonymous_1)","decl":{"start":{"line":3,"column":33},"end":{"line":3,"column":34}},"loc":{"start":{"line":3,"column":44},"end":{"line":4,"column":25}},"line":3}},"branchMap":{"0":{"loc":{"start":{"line":5,"column":2},"end":{"line":12,"column":3}},"type":"if","locations":[{"start":{"line":5,"column":2},"end":{"line":12,"column":3}},{"start":{"line":5,"column":2},"end":{"line":12,"column":3}}],"line":5},"1":{"loc":{"start":{"line":6,"column":4},"end":{"line":9,"column":5}},"type":"if","locations":[{"start":{"line":6,"column":4},"end":{"line":9,"column":5}},{"start":{"line":6,"column":4},"end":{"line":9,"column":5}}],"line":6}},"s":{"0":2,"1":4,"2":4,"3":7,"4":4,"5":3,"6":1,"7":1,"8":2,"9":2,"10":1},"f":{"0":4,"1":7},"b":{"0":[3,1],"1":[1,2]},"_coverageSchema":"43e27e138ebf9cfc5966b082cf9a028302ed4184","hash":"cd941bbf9e1b0048f77f349fcb77c46f47863b83"}
,"/Users/innocentlou/Documents/React/healthid-fe/src/utils/products/verifyFile.js": {"path":"/Users/innocentlou/Documents/React/healthid-fe/src/utils/products/verifyFile.js","statementMap":{"0":{"start":{"line":4,"column":19},"end":{"line":21,"column":1}},"1":{"start":{"line":5,"column":22},"end":{"line":5,"column":30}},"2":{"start":{"line":6,"column":27},"end":{"line":6,"column":35}},"3":{"start":{"line":7,"column":32},"end":{"line":7,"column":84}},"4":{"start":{"line":7,"column":72},"end":{"line":7,"column":83}},"5":{"start":{"line":9,"column":22},"end":{"line":9,"column":30}},"6":{"start":{"line":10,"column":26},"end":{"line":10,"column":42}},"7":{"start":{"line":11,"column":26},"end":{"line":11,"column":42}},"8":{"start":{"line":12,"column":2},"end":{"line":15,"column":3}},"9":{"start":{"line":13,"column":4},"end":{"line":13,"column":68}},"10":{"start":{"line":14,"column":4},"end":{"line":14,"column":17}},"11":{"start":{"line":16,"column":2},"end":{"line":19,"column":3}},"12":{"start":{"line":17,"column":4},"end":{"line":17,"column":44}},"13":{"start":{"line":18,"column":4},"end":{"line":18,"column":17}},"14":{"start":{"line":20,"column":2},"end":{"line":20,"column":14}}},"fnMap":{"0":{"name":"(anonymous_0)","decl":{"start":{"line":4,"column":19},"end":{"line":4,"column":20}},"loc":{"start":{"line":4,"column":50},"end":{"line":21,"column":1}},"line":4},"1":{"name":"(anonymous_1)","decl":{"start":{"line":7,"column":64},"end":{"line":7,"column":65}},"loc":{"start":{"line":7,"column":72},"end":{"line":7,"column":83}},"line":7}},"branchMap":{"0":{"loc":{"start":{"line":12,"column":2},"end":{"line":15,"column":3}},"type":"if","locations":[{"start":{"line":12,"column":2},"end":{"line":15,"column":3}},{"start":{"line":12,"column":2},"end":{"line":15,"column":3}}],"line":12},"1":{"loc":{"start":{"line":16,"column":2},"end":{"line":19,"column":3}},"type":"if","locations":[{"start":{"line":16,"column":2},"end":{"line":19,"column":3}},{"start":{"line":16,"column":2},"end":{"line":19,"column":3}}],"line":16}},"s":{"0":2,"1":3,"2":3,"3":3,"4":11,"5":3,"6":3,"7":3,"8":3,"9":1,"10":1,"11":2,"12":1,"13":1,"14":1},"f":{"0":3,"1":11},"b":{"0":[1,2],"1":[1,1]},"_coverageSchema":"43e27e138ebf9cfc5966b082cf9a028302ed4184","hash":"0b4e4e66997814701c15a3ef83f0d29b12b1812c"}
}
