TN:
SF:/Users/innocentlou/Documents/React/healthid-fe/src/assets/SvgIcons/sellScreenSvgs.js
FN:4,(anonymous_0)
FN:10,(anonymous_1)
FN:16,(anonymous_2)
FN:22,(anonymous_3)
FN:28,(anonymous_4)
FN:34,(anonymous_5)
FN:40,(anonymous_6)
FN:46,(anonymous_7)
FN:52,(anonymous_8)
FN:58,(anonymous_9)
FN:65,(anonymous_10)
FN:74,(anonymous_11)
FN:81,(anonymous_12)
FN:87,(anonymous_13)
FNF:14
FNH:13
FNDA:6,(anonymous_0)
FNDA:3,(anonymous_1)
FNDA:3,(anonymous_2)
FNDA:3,(anonymous_3)
FNDA:3,(anonymous_4)
FNDA:1,(anonymous_5)
FNDA:1,(anonymous_6)
FNDA:1,(anonymous_7)
FNDA:1,(anonymous_8)
FNDA:3,(anonymous_9)
FNDA:0,(anonymous_10)
FNDA:17,(anonymous_11)
FNDA:17,(anonymous_12)
FNDA:15,(anonymous_13)
DA:4,12
DA:5,6
DA:10,12
DA:11,3
DA:16,12
DA:17,3
DA:22,12
DA:23,3
DA:28,12
DA:29,3
DA:34,12
DA:35,1
DA:40,12
DA:41,1
DA:46,12
DA:47,1
DA:52,12
DA:53,1
DA:58,12
DA:59,3
DA:65,12
DA:66,0
DA:74,12
DA:75,17
DA:81,12
DA:82,17
DA:87,12
DA:88,15
LF:28
LH:27
BRF:0
BRH:0
end_of_record
TN:
SF:/Users/innocentlou/Documents/React/healthid-fe/src/assets/css/productCardStyles.js
FNF:0
FNH:0
DA:1,2
LF:1
LH:1
BRF:0
BRH:0
end_of_record
TN:
SF:/Users/innocentlou/Documents/React/healthid-fe/src/assets/css/salesDialogStyles.js
FNF:0
FNH:0
DA:1,15
LF:1
LH:1
BRF:0
BRH:0
end_of_record
TN:
SF:/Users/innocentlou/Documents/React/healthid-fe/src/assets/css/searchListStyles.js
FNF:0
FNH:0
DA:1,2
LF:1
LH:1
BRF:0
BRH:0
end_of_record
TN:
SF:/Users/innocentlou/Documents/React/healthid-fe/src/assets/css/sellScreenStyles.js
FN:236,(anonymous_0)
FNF:1
FNH:0
FNDA:0,(anonymous_0)
DA:3,10
DA:109,10
DA:236,10
DA:285,10
DA:358,10
DA:402,10
LF:6
LH:6
BRF:0
BRH:0
end_of_record
TN:
SF:/Users/innocentlou/Documents/React/healthid-fe/src/assets/css/viewProductsStyles.js
FNF:0
FNH:0
DA:1,3
LF:1
LH:1
BRF:0
BRH:0
end_of_record
TN:
SF:/Users/innocentlou/Documents/React/healthid-fe/src/assets/images/iconFactory/IconFactory.js
FN:4,(anonymous_0)
FNF:1
FNH:1
FNDA:15,(anonymous_0)
DA:4,5
DA:7,15
DA:8,15
DA:18,5
DA:25,5
LF:5
LH:5
BRF:0
BRH:0
end_of_record
TN:
SF:/Users/innocentlou/Documents/React/healthid-fe/src/assets/images/stock/StockIcons.js
FN:4,(anonymous_0)
FN:11,(anonymous_1)
FN:22,(anonymous_2)
FN:37,(anonymous_3)
FN:44,(anonymous_4)
FN:48,(anonymous_5)
FNF:6
FNH:5
FNDA:12,(anonymous_0)
FNDA:12,(anonymous_1)
FNDA:23,(anonymous_2)
FNDA:19,(anonymous_3)
FNDA:0,(anonymous_4)
FNDA:57,(anonymous_5)
DA:4,10
DA:5,12
DA:11,10
DA:12,12
DA:22,10
DA:23,23
DA:37,10
DA:38,19
DA:44,10
DA:45,0
DA:48,10
DA:49,57
LF:12
LH:11
BRF:0
BRH:0
end_of_record
TN:
SF:/Users/innocentlou/Documents/React/healthid-fe/src/assets/styles/dataTable.js
FNF:0
FNH:0
DA:4,2
LF:1
LH:1
BRF:0
BRH:0
end_of_record
TN:
SF:/Users/innocentlou/Documents/React/healthid-fe/src/assets/styles/setup.js
FN:83,(anonymous_0)
FN:681,(anonymous_1)
FNF:2
FNH:1
FNDA:0,(anonymous_0)
FNDA:3,(anonymous_1)
DA:1,34
DA:83,34
DA:146,34
DA:157,34
DA:245,34
DA:302,34
DA:308,34
DA:352,34
DA:382,34
DA:435,34
DA:598,34
DA:635,34
DA:644,34
DA:664,34
DA:681,34
DA:688,34
DA:693,34
DA:699,34
DA:763,34
DA:807,34
LF:20
LH:20
BRF:0
BRH:0
end_of_record
TN:
SF:/Users/innocentlou/Documents/React/healthid-fe/src/assets/styles/authentication/AlertStyle.js
FN:10,(anonymous_0)
FN:18,(anonymous_1)
FN:32,(anonymous_2)
FN:46,(anonymous_3)
FNF:4
FNH:4
FNDA:7,(anonymous_0)
FNDA:3,(anonymous_1)
FNDA:21,(anonymous_2)
FNDA:3,(anonymous_3)
DA:10,25
DA:18,25
DA:33,21
DA:34,21
DA:46,25
LF:5
LH:5
BRDA:37,0,0,20
BRDA:37,0,1,1
BRF:2
BRH:2
end_of_record
TN:
SF:/Users/innocentlou/Documents/React/healthid-fe/src/assets/styles/authentication/SwitchAccountStyles.js
FNF:0
FNH:0
DA:1,18
LF:1
LH:1
BRF:0
BRH:0
end_of_record
TN:
SF:/Users/innocentlou/Documents/React/healthid-fe/src/assets/styles/authentication/authLogin.js
FNF:0
FNH:0
DA:1,19
DA:41,19
LF:2
LH:2
BRF:0
BRH:0
end_of_record
TN:
SF:/Users/innocentlou/Documents/React/healthid-fe/src/assets/styles/dashboard/dashboardStyles.js
FN:1,(anonymous_0)
FNF:1
FNH:1
FNDA:34,(anonymous_0)
DA:1,34
LF:1
LH:1
BRF:0
BRH:0
end_of_record
TN:
SF:/Users/innocentlou/Documents/React/healthid-fe/src/assets/styles/dashboard/lowerDashboardStyles.js
FNF:0
FNH:0
DA:1,17
LF:1
LH:1
BRF:0
BRH:0
end_of_record
TN:
SF:/Users/innocentlou/Documents/React/healthid-fe/src/assets/styles/products/ImportProductStyles.js
FNF:0
FNH:0
DA:1,5
DA:50,5
DA:70,5
DA:84,5
LF:4
LH:4
BRF:0
BRH:0
end_of_record
TN:
SF:/Users/innocentlou/Documents/React/healthid-fe/src/assets/styles/products/addProductStyles.js
FNF:0
FNH:0
DA:1,8
DA:42,8
DA:56,8
DA:65,8
DA:100,8
LF:5
LH:5
BRF:0
BRH:0
end_of_record
TN:
SF:/Users/innocentlou/Documents/React/healthid-fe/src/assets/styles/products/productDetailStyles.js
FN:1,(anonymous_0)
FNF:1
FNH:1
FNDA:1,(anonymous_0)
DA:1,1
DA:114,1
LF:2
LH:2
BRF:0
BRH:0
end_of_record
TN:
SF:/Users/innocentlou/Documents/React/healthid-fe/src/assets/styles/products/products.js
FN:54,(anonymous_0)
FNF:1
FNH:0
FNDA:0,(anonymous_0)
DA:1,2
DA:10,2
DA:27,2
DA:54,2
LF:4
LH:4
BRF:0
BRH:0
end_of_record
TN:
SF:/Users/innocentlou/Documents/React/healthid-fe/src/assets/styles/profile/profileStyles.js
FN:1,(anonymous_0)
FNF:1
FNH:1
FNDA:6,(anonymous_0)
DA:1,6
LF:1
LH:1
BRF:0
BRH:0
end_of_record
TN:
SF:/Users/innocentlou/Documents/React/healthid-fe/src/assets/styles/profile/resizeStyles.js
FNF:0
FNH:0
DA:1,6
LF:1
LH:1
BRF:0
BRH:0
end_of_record
TN:
SF:/Users/innocentlou/Documents/React/healthid-fe/src/assets/styles/salesHistory/salesHistoryStyles.js
FN:1,(anonymous_0)
FN:161,(anonymous_1)
FNF:2
FNH:1
FNDA:0,(anonymous_0)
FNDA:1,(anonymous_1)
DA:1,6
DA:21,6
DA:112,6
DA:133,6
DA:161,6
DA:172,6
LF:6
LH:6
BRF:0
BRH:0
end_of_record
TN:
SF:/Users/innocentlou/Documents/React/healthid-fe/src/assets/styles/stock/stock.js
FN:43,(anonymous_0)
FNF:1
FNH:1
FNDA:3,(anonymous_0)
DA:1,14
DA:24,14
DA:43,14
DA:60,14
DA:72,14
DA:95,14
DA:121,14
DA:162,14
DA:193,14
DA:253,14
DA:332,14
LF:11
LH:11
BRF:0
BRH:0
end_of_record
TN:
SF:/Users/innocentlou/Documents/React/healthid-fe/src/assets/styles/suppliers/suppliers.js
FNF:0
FNH:0
DA:1,6
DA:22,6
DA:46,6
LF:3
LH:3
BRF:0
BRH:0
end_of_record
TN:
SF:/Users/innocentlou/Documents/React/healthid-fe/src/components/withAuth.js
FN:6,(anonymous_0)
FN:6,(anonymous_1)
FN:8,(anonymous_2)
FNF:3
FNH:3
FNDA:16,(anonymous_0)
FNDA:6,(anonymous_1)
FNDA:13,(anonymous_2)
DA:6,16
DA:7,6
DA:9,13
DA:10,8
DA:11,7
DA:15,1
DA:16,0
DA:20,1
LF:8
LH:7
BRDA:9,0,0,5
BRDA:9,0,1,8
BRDA:10,1,0,7
BRDA:10,1,1,1
BRDA:15,2,0,0
BRDA:15,2,1,1
BRDA:15,3,0,1
BRDA:15,3,1,1
BRF:8
BRH:7
end_of_record
TN:
SF:/Users/innocentlou/Documents/React/healthid-fe/src/components/authentication/Container.js
FN:49,(anonymous_0)
FN:65,(anonymous_1)
FN:81,(anonymous_2)
FN:90,(anonymous_3)
FN:95,(anonymous_4)
FN:100,(anonymous_5)
FN:110,(anonymous_6)
FN:116,(anonymous_7)
FN:127,(anonymous_8)
FN:128,(anonymous_9)
FN:131,(anonymous_10)
FN:151,(anonymous_11)
FN:164,(anonymous_12)
FN:179,(anonymous_13)
FN:186,(anonymous_14)
FN:195,(anonymous_15)
FN:201,(anonymous_16)
FN:222,(anonymous_17)
FN:224,(anonymous_18)
FN:226,(anonymous_19)
FN:230,(anonymous_20)
FN:240,(anonymous_21)
FN:246,(anonymous_22)
FN:262,(anonymous_23)
FN:265,(anonymous_24)
FN:275,(anonymous_25)
FN:284,(anonymous_26)
FN:297,(anonymous_27)
FN:309,(anonymous_28)
FNF:29
FNH:23
FNDA:1,(anonymous_0)
FNDA:1,(anonymous_1)
FNDA:1,(anonymous_2)
FNDA:3,(anonymous_3)
FNDA:1,(anonymous_4)
FNDA:1,(anonymous_5)
FNDA:1,(anonymous_6)
FNDA:1,(anonymous_7)
FNDA:1,(anonymous_8)
FNDA:1,(anonymous_9)
FNDA:6,(anonymous_10)
FNDA:2,(anonymous_11)
FNDA:2,(anonymous_12)
FNDA:0,(anonymous_13)
FNDA:0,(anonymous_14)
FNDA:3,(anonymous_15)
FNDA:3,(anonymous_16)
FNDA:0,(anonymous_17)
FNDA:0,(anonymous_18)
FNDA:0,(anonymous_19)
FNDA:2,(anonymous_20)
FNDA:3,(anonymous_21)
FNDA:3,(anonymous_22)
FNDA:0,(anonymous_23)
FNDA:1,(anonymous_24)
FNDA:2,(anonymous_25)
FNDA:2,(anonymous_26)
FNDA:1,(anonymous_27)
FNDA:94,(anonymous_28)
DA:23,19
DA:47,26
DA:49,26
DA:50,1
DA:65,26
DA:66,1
DA:81,26
DA:82,1
DA:90,26
DA:91,3
DA:92,3
DA:95,26
DA:96,1
DA:97,1
DA:100,26
DA:101,1
DA:102,1
DA:103,1
DA:104,1
DA:110,26
DA:111,1
DA:116,26
DA:117,1
DA:118,1
DA:119,1
DA:120,1
DA:121,1
DA:127,26
DA:128,1
DA:131,26
DA:132,6
DA:133,6
DA:135,6
DA:136,3
DA:140,3
DA:142,6
DA:143,3
DA:147,3
DA:151,26
DA:152,2
DA:155,2
DA:156,2
DA:157,2
DA:165,2
DA:166,2
DA:171,2
DA:172,1
DA:179,1
DA:180,1
DA:181,1
DA:187,0
DA:195,26
DA:196,3
DA:197,3
DA:198,3
DA:202,3
DA:206,3
DA:207,2
DA:209,2
DA:210,1
DA:211,1
DA:212,1
DA:221,1
DA:222,0
DA:223,0
DA:224,0
DA:226,0
DA:231,2
DA:240,26
DA:241,3
DA:242,3
DA:243,3
DA:247,3
DA:251,3
DA:252,2
DA:253,1
DA:254,1
DA:255,1
DA:262,1
DA:266,1
DA:275,26
DA:276,2
DA:277,2
DA:278,2
DA:279,2
DA:285,2
DA:286,1
DA:287,1
DA:298,1
DA:310,94
DA:313,94
DA:315,94
DA:365,19
LF:93
LH:88
BRDA:135,0,0,3
BRDA:135,0,1,3
BRDA:142,1,0,3
BRDA:142,1,1,3
BRDA:171,2,0,1
BRDA:171,2,1,1
BRDA:180,3,0,1
BRDA:180,3,1,0
BRDA:209,4,0,1
BRDA:209,4,1,1
BRDA:221,5,0,0
BRDA:221,5,1,0
BRDA:223,6,0,0
BRDA:223,6,1,0
BRDA:252,7,0,1
BRDA:252,7,1,1
BRDA:327,8,0,0
BRDA:327,8,1,94
BRF:18
BRH:12
end_of_record
TN:
SF:/Users/innocentlou/Documents/React/healthid-fe/src/components/authentication/Login.js
FN:15,(anonymous_0)
FN:43,(anonymous_1)
FN:53,(anonymous_2)
FN:214,(anonymous_3)
FN:215,(anonymous_4)
FN:216,(anonymous_5)
FN:217,(anonymous_6)
FNF:7
FNH:3
FNDA:8,(anonymous_0)
FNDA:3,(anonymous_1)
FNDA:8,(anonymous_2)
FNDA:0,(anonymous_3)
FNDA:0,(anonymous_4)
FNDA:0,(anonymous_5)
FNDA:0,(anonymous_6)
DA:15,8
DA:19,8
DA:20,8
DA:21,8
DA:22,8
DA:43,8
DA:47,3
DA:48,3
DA:71,8
DA:73,8
DA:75,8
DA:76,8
DA:77,8
DA:78,8
DA:79,8
DA:80,8
DA:197,20
DA:213,20
LF:18
LH:18
BRDA:20,0,0,2
BRDA:20,0,1,6
BRDA:21,1,0,5
BRDA:21,1,1,3
BRDA:24,2,0,5
BRDA:24,2,1,3
BRDA:30,3,0,1
BRDA:30,3,1,4
BRDA:34,4,0,1
BRDA:34,4,1,4
BRDA:34,5,0,5
BRDA:34,5,1,1
BRDA:73,6,0,1
BRDA:73,6,1,7
BRDA:75,7,0,5
BRDA:75,7,1,3
BRDA:76,8,0,2
BRDA:76,8,1,6
BRDA:77,9,0,8
BRDA:77,9,1,0
BRDA:78,10,0,8
BRDA:78,10,1,0
BRDA:79,11,0,8
BRDA:79,11,1,0
BRDA:85,12,0,8
BRDA:85,12,1,0
BRDA:86,13,0,8
BRDA:86,13,1,0
BRDA:98,14,0,8
BRDA:98,14,1,0
BRDA:122,15,0,8
BRDA:122,15,1,8
BRDA:147,16,0,8
BRDA:147,16,1,8
BRDA:159,17,0,1
BRDA:159,17,1,7
BRDA:160,18,0,1
BRDA:160,18,1,7
BRDA:162,19,0,1
BRDA:162,19,1,0
BRDA:170,20,0,7
BRDA:170,20,1,0
BRDA:184,21,0,8
BRDA:184,21,1,8
BRF:44
BRH:36
end_of_record
TN:
SF:/Users/innocentlou/Documents/React/healthid-fe/src/components/authentication/PasswordReset.js
FN:28,(anonymous_0)
FN:38,(anonymous_1)
FN:47,(anonymous_2)
FN:75,(anonymous_3)
FN:85,(anonymous_4)
FN:86,(anonymous_5)
FN:89,(anonymous_6)
FN:108,(anonymous_7)
FN:122,(anonymous_8)
FN:125,(anonymous_9)
FN:140,(anonymous_10)
FNF:11
FNH:6
FNDA:1,(anonymous_0)
FNDA:0,(anonymous_1)
FNDA:2,(anonymous_2)
FNDA:0,(anonymous_3)
FNDA:1,(anonymous_4)
FNDA:1,(anonymous_5)
FNDA:1,(anonymous_6)
FNDA:0,(anonymous_7)
FNDA:0,(anonymous_8)
FNDA:0,(anonymous_9)
FNDA:18,(anonymous_10)
DA:16,8
DA:28,8
DA:29,1
DA:30,1
DA:31,1
DA:32,1
DA:33,1
DA:38,1
DA:39,0
DA:47,8
DA:48,2
DA:49,2
DA:50,2
DA:51,1
DA:61,1
DA:66,1
DA:67,1
DA:68,1
DA:69,1
DA:75,1
DA:76,0
DA:85,8
DA:86,1
DA:89,8
DA:90,1
DA:91,1
DA:92,1
DA:96,1
DA:97,1
DA:98,1
DA:99,1
DA:101,1
DA:103,1
DA:107,1
DA:109,0
DA:112,0
DA:113,0
DA:122,0
DA:126,0
DA:136,0
DA:145,18
DA:147,18
DA:148,18
DA:150,18
DA:152,18
DA:153,18
DA:155,18
DA:157,18
DA:160,18
LF:49
LH:41
BRDA:50,0,0,1
BRDA:50,0,1,1
BRDA:112,1,0,0
BRDA:112,1,1,0
BRDA:147,2,0,2
BRDA:147,2,1,16
BRDA:148,3,0,2
BRDA:148,3,1,16
BRDA:152,4,0,18
BRDA:152,4,1,6
BRDA:153,5,0,18
BRDA:153,5,1,17
BRDA:153,5,2,2
BRDA:155,6,0,1
BRDA:155,6,1,17
BRDA:157,7,0,18
BRDA:157,7,1,2
BRDA:172,8,0,6
BRDA:172,8,1,12
BRDA:194,9,0,0
BRDA:194,9,1,18
BRDA:201,10,0,2
BRDA:201,10,1,16
BRDA:228,11,0,1
BRDA:228,11,1,17
BRDA:229,12,0,16
BRDA:229,12,1,2
BRF:27
BRH:24
end_of_record
TN:
SF:/Users/innocentlou/Documents/React/healthid-fe/src/components/authentication/Register.js
FN:12,(anonymous_0)
FNF:1
FNH:1
FNDA:4,(anonymous_0)
DA:12,21
DA:22,4
DA:24,4
DA:26,4
DA:28,4
DA:30,4
DA:32,4
DA:99,21
LF:8
LH:8
BRDA:24,0,0,3
BRDA:24,0,1,1
BRDA:26,1,0,4
BRDA:26,1,1,4
BRDA:26,1,2,4
BRDA:28,2,0,4
BRDA:28,2,1,1
BRDA:28,2,2,1
BRDA:30,3,0,4
BRDA:30,3,1,1
BRDA:37,4,0,1
BRDA:37,4,1,3
BRDA:44,5,0,0
BRDA:44,5,1,4
BRDA:44,6,0,4
BRDA:44,6,1,1
BRDA:78,7,0,3
BRDA:78,7,1,1
BRDA:79,8,0,1
BRDA:79,8,1,3
BRDA:79,9,0,4
BRDA:79,9,1,1
BRF:22
BRH:21
end_of_record
TN:
SF:/Users/innocentlou/Documents/React/healthid-fe/src/components/authentication/SwitchAcount.js
FN:20,(anonymous_0)
FN:31,(anonymous_1)
FN:32,(anonymous_2)
FN:35,(anonymous_3)
FN:45,(anonymous_4)
FN:51,(anonymous_5)
FN:56,(anonymous_6)
FN:70,(anonymous_7)
FN:79,(anonymous_8)
FN:92,(anonymous_9)
FN:101,(anonymous_10)
FN:108,(anonymous_11)
FN:113,(anonymous_12)
FN:125,(anonymous_13)
FN:128,(anonymous_14)
FN:130,(anonymous_15)
FN:133,(anonymous_16)
FN:144,(anonymous_17)
FNF:18
FNH:13
FNDA:1,(anonymous_0)
FNDA:1,(anonymous_1)
FNDA:1,(anonymous_2)
FNDA:1,(anonymous_3)
FNDA:1,(anonymous_4)
FNDA:1,(anonymous_5)
FNDA:2,(anonymous_6)
FNDA:1,(anonymous_7)
FNDA:1,(anonymous_8)
FNDA:1,(anonymous_9)
FNDA:1,(anonymous_10)
FNDA:2,(anonymous_11)
FNDA:49,(anonymous_12)
FNDA:0,(anonymous_13)
FNDA:0,(anonymous_14)
FNDA:0,(anonymous_15)
FNDA:0,(anonymous_16)
FNDA:0,(anonymous_17)
DA:18,13
DA:20,13
DA:21,1
DA:22,1
DA:23,1
DA:24,1
DA:25,1
DA:31,13
DA:32,1
DA:35,13
DA:36,1
DA:37,1
DA:38,1
DA:39,1
DA:45,13
DA:46,1
DA:51,13
DA:52,1
DA:53,1
DA:56,13
DA:57,2
DA:58,2
DA:59,2
DA:60,2
DA:62,2
DA:63,1
DA:67,1
DA:71,1
DA:72,1
DA:73,1
DA:74,1
DA:75,1
DA:76,0
DA:80,1
DA:81,1
DA:84,2
DA:85,1
DA:89,1
DA:93,1
DA:94,1
DA:95,1
DA:96,1
DA:97,1
DA:98,0
DA:102,1
DA:103,1
DA:108,13
DA:109,2
DA:110,2
DA:116,49
DA:117,49
DA:126,0
DA:129,0
DA:131,0
DA:133,0
DA:144,0
DA:164,18
DA:172,18
LF:58
LH:51
BRDA:62,0,0,1
BRDA:62,0,1,1
BRDA:72,1,0,1
BRDA:72,1,1,0
BRDA:84,2,0,1
BRDA:84,2,1,1
BRDA:94,3,0,1
BRDA:94,3,1,0
BRF:8
BRH:6
end_of_record
TN:
SF:/Users/innocentlou/Documents/React/healthid-fe/src/components/authentication/Alerts/ForgotPasswordAlert.js
FN:13,(anonymous_0)
FNF:1
FNH:1
FNDA:11,(anonymous_0)
DA:13,21
DA:17,11
DA:19,11
DA:37,11
DA:94,21
DA:106,21
LF:6
LH:6
BRDA:19,0,0,2
BRDA:19,0,1,9
BRF:2
BRH:2
end_of_record
TN:
SF:/Users/innocentlou/Documents/React/healthid-fe/src/components/authentication/Alerts/LoginAlert.js
FN:12,(anonymous_0)
FNF:1
FNH:1
FNDA:11,(anonymous_0)
DA:12,21
DA:15,11
DA:17,11
DA:19,11
DA:21,11
DA:23,11
DA:45,11
DA:75,21
DA:82,21
LF:9
LH:9
BRDA:17,0,0,1
BRDA:17,0,1,10
BRDA:19,1,0,1
BRDA:19,1,1,10
BRDA:21,2,0,1
BRDA:21,2,1,10
BRDA:23,3,0,1
BRDA:23,3,1,10
BRF:8
BRH:8
end_of_record
TN:
SF:/Users/innocentlou/Documents/React/healthid-fe/src/components/authentication/Alerts/RegisterAlert.js
FN:10,(anonymous_0)
FNF:1
FNH:1
FNDA:7,(anonymous_0)
DA:10,22
DA:13,7
DA:15,7
DA:17,7
DA:19,7
DA:21,7
DA:56,7
DA:84,22
DA:92,22
LF:9
LH:9
BRDA:15,0,0,5
BRDA:15,0,1,2
BRDA:17,1,0,5
BRDA:17,1,1,2
BRDA:19,2,0,5
BRDA:19,2,1,2
BRDA:21,3,0,5
BRDA:21,3,1,2
BRF:8
BRH:8
end_of_record
TN:
SF:/Users/innocentlou/Documents/React/healthid-fe/src/components/authentication/Inputs/PasswordField.js
FN:10,(anonymous_0)
FNF:1
FNH:1
FNDA:15,(anonymous_0)
DA:10,23
DA:14,15
DA:16,15
DA:17,15
DA:19,15
DA:48,23
DA:57,23
LF:7
LH:7
BRDA:16,0,0,1
BRDA:16,0,1,14
BRDA:17,1,0,1
BRDA:17,1,1,14
BRDA:21,2,0,4
BRDA:21,2,1,11
BRDA:43,3,0,0
BRDA:43,3,1,15
BRDA:43,4,0,15
BRDA:43,4,1,4
BRF:10
BRH:9
end_of_record
TN:
SF:/Users/innocentlou/Documents/React/healthid-fe/src/components/authentication/Inputs/SelectCountryCode.js
FN:6,(anonymous_0)
FNF:1
FNH:1
FNDA:8,(anonymous_0)
DA:6,23
DA:7,8
DA:9,8
DA:11,8
DA:36,23
DA:41,23
LF:6
LH:6
BRF:0
BRH:0
end_of_record
TN:
SF:/Users/innocentlou/Documents/React/healthid-fe/src/components/authentication/mutations/mutations.js
FNF:0
FNH:0
DA:3,19
DA:16,19
DA:38,19
DA:47,19
LF:4
LH:4
BRF:0
BRH:0
end_of_record
TN:
SF:/Users/innocentlou/Documents/React/healthid-fe/src/components/dataTable/dataTable.js
FN:7,(anonymous_0)
FNF:1
FNH:1
FNDA:11,(anonymous_0)
DA:7,2
DA:10,11
DA:12,11
DA:24,2
LF:4
LH:4
BRF:0
BRH:0
end_of_record
TN:
SF:/Users/innocentlou/Documents/React/healthid-fe/src/components/dataTable/dataTableLoader.js
FN:4,(anonymous_0)
FNF:1
FNH:1
FNDA:18,(anonymous_0)
DA:4,7
DA:5,18
LF:2
LH:2
BRF:0
BRH:0
end_of_record
TN:
SF:/Users/innocentlou/Documents/React/healthid-fe/src/components/main_setup/autoSuggestPopper.js
FN:12,(anonymous_0)
FN:33,(anonymous_1)
FN:39,(anonymous_2)
FN:81,(anonymous_3)
FN:114,(anonymous_4)
FN:136,(anonymous_5)
FN:161,(anonymous_6)
FN:167,(anonymous_7)
FN:201,(anonymous_8)
FNF:9
FNH:0
FNDA:0,(anonymous_0)
FNDA:0,(anonymous_1)
FNDA:0,(anonymous_2)
FNDA:0,(anonymous_3)
FNDA:0,(anonymous_4)
FNDA:0,(anonymous_5)
FNDA:0,(anonymous_6)
FNDA:0,(anonymous_7)
FNDA:0,(anonymous_8)
DA:12,1
DA:13,0
DA:22,1
DA:27,1
DA:33,1
DA:34,1
DA:39,1
DA:51,0
DA:52,0
DA:73,1
DA:81,1
DA:84,0
DA:97,1
DA:105,1
DA:114,1
DA:115,0
DA:124,1
DA:130,1
DA:136,1
DA:137,0
DA:142,1
DA:148,1
DA:154,1
DA:161,1
DA:165,0
DA:167,0
DA:182,1
DA:199,1
DA:201,0
LF:29
LH:20
BRDA:57,0,0,0
BRDA:57,0,1,0
BRDA:88,1,0,0
BRDA:88,1,1,0
BRF:4
BRH:0
end_of_record
TN:
SF:/Users/innocentlou/Documents/React/healthid-fe/src/components/main_setup/categoryInput.js
FN:10,(anonymous_0)
FNF:1
FNH:1
FNDA:2,(anonymous_0)
DA:10,3
DA:11,2
DA:12,2
DA:13,2
DA:15,2
DA:69,3
DA:78,3
LF:7
LH:7
BRDA:46,0,0,2
BRDA:46,0,1,1
BRF:2
BRH:2
end_of_record
TN:
SF:/Users/innocentlou/Documents/React/healthid-fe/src/components/main_setup/categoryModal.js
FN:18,(anonymous_0)
FN:29,handleClick
FN:33,handleCloseBoth
FN:84,(anonymous_3)
FNF:4
FNH:1
FNDA:1,(anonymous_0)
FNDA:0,handleClick
FNDA:0,handleCloseBoth
FNDA:0,(anonymous_3)
DA:18,3
DA:26,1
DA:27,1
DA:30,0
DA:34,0
DA:35,0
DA:38,1
DA:40,1
DA:85,0
DA:86,0
DA:147,3
DA:157,3
LF:12
LH:7
BRDA:30,0,0,0
BRDA:30,0,1,0
BRDA:120,1,0,1
BRDA:120,1,1,1
BRF:4
BRH:2
end_of_record
TN:
SF:/Users/innocentlou/Documents/React/healthid-fe/src/components/main_setup/mainBusinessList.js
FN:14,(anonymous_0)
FN:23,(anonymous_1)
FNF:2
FNH:2
FNDA:2,(anonymous_0)
FNDA:2,(anonymous_1)
DA:14,2
DA:15,2
DA:17,2
DA:18,1
DA:24,2
DA:43,1
DA:46,2
LF:7
LH:7
BRDA:17,0,0,1
BRDA:17,0,1,1
BRF:2
BRH:2
end_of_record
TN:
SF:/Users/innocentlou/Documents/React/healthid-fe/src/components/main_setup/mainBusinessSetup.js
FN:17,(anonymous_0)
FNF:1
FNH:1
FNDA:1,(anonymous_0)
DA:17,1
DA:18,1
DA:19,1
DA:20,1
DA:53,1
LF:5
LH:5
BRF:0
BRH:0
end_of_record
TN:
SF:/Users/innocentlou/Documents/React/healthid-fe/src/components/main_setup/mainPreferences.js
FN:60,(anonymous_0)
FN:112,(anonymous_1)
FN:112,(anonymous_2)
FN:116,(anonymous_3)
FN:116,(anonymous_4)
FN:118,(anonymous_5)
FN:118,(anonymous_6)
FN:120,(anonymous_7)
FN:120,(anonymous_8)
FN:122,(anonymous_9)
FN:122,(anonymous_10)
FN:132,(anonymous_11)
FN:171,(anonymous_12)
FN:174,(anonymous_13)
FN:179,(anonymous_14)
FN:237,(anonymous_15)
FN:255,(anonymous_16)
FN:712,(anonymous_17)
FN:737,(anonymous_18)
FNF:19
FNH:16
FNDA:6,(anonymous_0)
FNDA:25,(anonymous_1)
FNDA:1,(anonymous_2)
FNDA:43,(anonymous_3)
FNDA:1,(anonymous_4)
FNDA:19,(anonymous_5)
FNDA:1,(anonymous_6)
FNDA:7,(anonymous_7)
FNDA:1,(anonymous_8)
FNDA:7,(anonymous_9)
FNDA:1,(anonymous_10)
FNDA:1,(anonymous_11)
FNDA:1,(anonymous_12)
FNDA:0,(anonymous_13)
FNDA:6,(anonymous_14)
FNDA:6,(anonymous_15)
FNDA:6,(anonymous_16)
FNDA:0,(anonymous_17)
FNDA:0,(anonymous_18)
DA:28,1
DA:65,6
DA:66,6
DA:67,6
DA:68,6
DA:70,6
DA:74,6
DA:79,1
DA:80,1
DA:81,1
DA:84,1
DA:112,25
DA:116,43
DA:118,19
DA:120,7
DA:122,7
DA:132,1
DA:133,1
DA:150,1
DA:151,1
DA:153,1
DA:172,1
DA:173,1
DA:175,0
DA:180,6
DA:200,6
DA:202,6
DA:238,6
DA:256,6
DA:704,1
DA:715,1
DA:737,0
LF:32
LH:30
BRDA:70,0,0,6
BRDA:70,0,1,6
BRDA:70,0,2,6
BRDA:74,1,0,1
BRDA:74,1,1,5
BRDA:75,2,0,6
BRDA:75,2,1,6
BRDA:75,2,2,1
BRDA:84,3,0,1
BRDA:84,3,1,0
BRDA:224,4,0,6
BRDA:224,4,1,0
BRDA:642,5,0,3
BRDA:642,5,1,3
BRDA:649,6,0,0
BRDA:649,6,1,6
BRDA:656,7,0,0
BRDA:656,7,1,6
BRF:18
BRH:14
end_of_record
TN:
SF:/Users/innocentlou/Documents/React/healthid-fe/src/components/main_setup/mainProfileAdminUser.js
FN:22,(anonymous_0)
FNF:1
FNH:1
FNDA:1,(anonymous_0)
DA:22,2
DA:23,1
DA:24,1
DA:122,2
LF:4
LH:4
BRDA:47,0,0,1
BRDA:47,0,1,0
BRDA:47,1,0,1
BRDA:47,1,1,1
BRDA:55,2,0,1
BRDA:55,2,1,0
BRDA:55,3,0,1
BRDA:55,3,1,1
BRDA:63,4,0,1
BRDA:63,4,1,0
BRDA:63,5,0,1
BRDA:63,5,1,1
BRDA:71,6,0,1
BRDA:71,6,1,0
BRDA:71,7,0,1
BRDA:71,7,1,1
BRDA:81,8,0,1
BRDA:81,8,1,0
BRDA:81,9,0,1
BRDA:81,9,1,1
BRDA:89,10,0,1
BRDA:89,10,1,0
BRDA:89,11,0,1
BRDA:89,11,1,1
BRDA:97,12,0,1
BRDA:97,12,1,0
BRDA:97,13,0,1
BRDA:97,13,1,1
BRDA:105,14,0,1
BRDA:105,14,1,0
BRDA:105,15,0,1
BRDA:105,15,1,1
BRF:32
BRH:24
end_of_record
TN:
SF:/Users/innocentlou/Documents/React/healthid-fe/src/components/main_setup/mainProfileNormalUser.js
FN:22,(anonymous_0)
FNF:1
FNH:1
FNDA:2,(anonymous_0)
DA:22,2
DA:23,2
DA:24,2
DA:25,2
DA:160,2
DA:172,2
LF:6
LH:6
BRDA:56,0,0,2
BRDA:56,0,1,0
BRDA:56,1,0,2
BRDA:56,1,1,2
BRDA:64,2,0,2
BRDA:64,2,1,0
BRDA:64,3,0,2
BRDA:64,3,1,2
BRDA:72,4,0,2
BRDA:72,4,1,0
BRDA:72,5,0,2
BRDA:72,5,1,2
BRDA:82,6,0,2
BRDA:82,6,1,0
BRDA:82,7,0,2
BRDA:82,7,1,2
BRDA:90,8,0,2
BRDA:90,8,1,0
BRDA:90,9,0,2
BRDA:90,9,1,2
BRDA:98,10,0,2
BRDA:98,10,1,0
BRDA:98,11,0,2
BRDA:98,11,1,2
BRDA:116,12,0,2
BRDA:116,12,1,0
BRDA:116,13,0,2
BRDA:116,13,1,2
BRDA:126,14,0,2
BRDA:126,14,1,0
BRDA:126,15,0,2
BRDA:126,15,1,2
BRDA:136,16,0,2
BRDA:136,16,1,0
BRDA:136,17,0,2
BRDA:136,17,1,2
BRDA:146,18,0,2
BRDA:146,18,1,0
BRDA:146,19,0,2
BRDA:146,19,1,2
BRF:40
BRH:30
end_of_record
TN:
SF:/Users/innocentlou/Documents/React/healthid-fe/src/components/main_setup/mainProfileSetup.js
FN:8,(anonymous_0)
FNF:1
FNH:1
FNDA:2,(anonymous_0)
DA:8,1
DA:9,2
DA:10,2
DA:15,1
LF:4
LH:4
BRDA:10,0,0,1
BRDA:10,0,1,1
BRF:2
BRH:2
end_of_record
TN:
SF:/Users/innocentlou/Documents/React/healthid-fe/src/components/main_setup/mainSetup.js
FN:24,(anonymous_0)
FNF:1
FNH:1
FNDA:2,(anonymous_0)
DA:24,2
DA:25,2
DA:86,2
LF:3
LH:3
BRDA:49,0,0,2
BRDA:49,0,1,2
BRF:2
BRH:2
end_of_record
TN:
SF:/Users/innocentlou/Documents/React/healthid-fe/src/components/main_setup/manageProfileSetup.js
FN:35,(anonymous_0)
FN:66,(anonymous_1)
FN:81,(anonymous_2)
FN:88,(anonymous_3)
FN:128,(anonymous_4)
FN:142,(anonymous_5)
FN:163,(anonymous_6)
FN:332,(anonymous_7)
FN:354,(anonymous_8)
FN:376,(anonymous_9)
FNF:10
FNH:7
FNDA:8,(anonymous_0)
FNDA:3,(anonymous_1)
FNDA:3,(anonymous_2)
FNDA:4,(anonymous_3)
FNDA:1,(anonymous_4)
FNDA:1,(anonymous_5)
FNDA:21,(anonymous_6)
FNDA:0,(anonymous_7)
FNDA:0,(anonymous_8)
FNDA:0,(anonymous_9)
DA:36,8
DA:37,8
DA:38,8
DA:66,8
DA:67,3
DA:68,3
DA:81,8
DA:82,3
DA:83,3
DA:88,8
DA:89,4
DA:90,4
DA:92,4
DA:93,1
DA:98,1
DA:100,3
DA:101,1
DA:107,1
DA:112,1
DA:115,2
DA:129,1
DA:130,1
DA:131,1
DA:138,1
DA:143,1
DA:144,1
DA:145,1
DA:150,1
DA:160,2
DA:164,21
DA:184,21
DA:186,21
DA:332,0
DA:354,0
DA:376,0
DA:397,1
DA:401,1
LF:37
LH:34
BRDA:39,0,0,7
BRDA:39,0,1,1
BRDA:39,1,0,8
BRDA:39,1,1,7
BRDA:40,2,0,7
BRDA:40,2,1,1
BRDA:40,3,0,8
BRDA:40,3,1,7
BRDA:41,4,0,7
BRDA:41,4,1,1
BRDA:41,5,0,8
BRDA:41,5,1,7
BRDA:42,6,0,7
BRDA:42,6,1,1
BRDA:42,7,0,8
BRDA:42,7,1,7
BRDA:43,8,0,7
BRDA:43,8,1,1
BRDA:43,9,0,8
BRDA:43,9,1,7
BRDA:44,10,0,7
BRDA:44,10,1,1
BRDA:44,11,0,8
BRDA:44,11,1,7
BRDA:45,12,0,7
BRDA:45,12,1,1
BRDA:45,13,0,8
BRDA:45,13,1,7
BRDA:46,14,0,7
BRDA:46,14,1,1
BRDA:46,15,0,8
BRDA:46,15,1,7
BRDA:47,16,0,7
BRDA:47,16,1,1
BRDA:47,17,0,8
BRDA:47,17,1,7
BRDA:48,18,0,7
BRDA:48,18,1,1
BRDA:48,19,0,8
BRDA:48,19,1,7
BRDA:92,20,0,1
BRDA:92,20,1,3
BRDA:100,21,0,1
BRDA:100,21,1,2
BRDA:325,22,0,3
BRDA:325,22,1,18
BRDA:333,23,0,3
BRDA:333,23,1,18
BRDA:340,24,0,21
BRDA:340,24,1,1
BRDA:347,25,0,2
BRDA:347,25,1,19
BRDA:355,26,0,2
BRDA:355,26,1,19
BRDA:362,27,0,21
BRDA:362,27,1,1
BRDA:369,28,0,1
BRDA:369,28,1,20
BRDA:377,29,0,1
BRDA:377,29,1,20
BRDA:384,30,0,21
BRDA:384,30,1,2
BRF:62
BRH:62
end_of_record
TN:
SF:/Users/innocentlou/Documents/React/healthid-fe/src/components/main_setup/preferencesLoader.js
FN:4,(anonymous_0)
FNF:1
FNH:1
FNDA:1,(anonymous_0)
DA:4,2
DA:5,1
LF:2
LH:2
BRF:0
BRH:0
end_of_record
TN:
SF:/Users/innocentlou/Documents/React/healthid-fe/src/components/main_setup/productCategories.js
FN:47,(anonymous_0)
FN:66,(anonymous_1)
FN:66,(anonymous_2)
FN:68,(anonymous_3)
FN:76,(anonymous_4)
FN:80,(anonymous_5)
FN:80,(anonymous_6)
FN:88,(anonymous_7)
FN:100,(anonymous_8)
FN:114,(anonymous_9)
FN:114,(anonymous_10)
FN:125,(anonymous_11)
FN:129,(anonymous_12)
FN:133,(anonymous_13)
FN:141,(anonymous_14)
FN:145,(anonymous_15)
FN:147,(anonymous_16)
FN:152,(anonymous_17)
FN:158,(anonymous_18)
FN:164,(anonymous_19)
FN:179,(anonymous_20)
FN:194,(anonymous_21)
FN:196,(anonymous_22)
FN:203,(anonymous_23)
FN:216,(anonymous_24)
FN:221,(anonymous_25)
FN:223,(anonymous_26)
FN:230,(anonymous_27)
FN:231,(anonymous_28)
FN:234,(anonymous_29)
FN:243,(anonymous_30)
FN:259,(anonymous_31)
FN:261,(anonymous_32)
FN:268,(anonymous_33)
FN:362,(anonymous_34)
FN:363,(anonymous_35)
FN:438,(anonymous_36)
FN:439,(anonymous_37)
FN:440,(anonymous_38)
FN:443,(anonymous_39)
FN:460,(anonymous_40)
FNF:41
FNH:36
FNDA:23,(anonymous_0)
FNDA:70,(anonymous_1)
FNDA:1,(anonymous_2)
FNDA:1,(anonymous_3)
FNDA:2,(anonymous_4)
FNDA:4,(anonymous_5)
FNDA:4,(anonymous_6)
FNDA:2,(anonymous_7)
FNDA:2,(anonymous_8)
FNDA:211,(anonymous_9)
FNDA:4,(anonymous_10)
FNDA:12,(anonymous_11)
FNDA:12,(anonymous_12)
FNDA:4,(anonymous_13)
FNDA:2,(anonymous_14)
FNDA:7,(anonymous_15)
FNDA:3,(anonymous_16)
FNDA:6,(anonymous_17)
FNDA:3,(anonymous_18)
FNDA:2,(anonymous_19)
FNDA:1,(anonymous_20)
FNDA:1,(anonymous_21)
FNDA:2,(anonymous_22)
FNDA:3,(anonymous_23)
FNDA:1,(anonymous_24)
FNDA:2,(anonymous_25)
FNDA:4,(anonymous_26)
FNDA:1,(anonymous_27)
FNDA:1,(anonymous_28)
FNDA:2,(anonymous_29)
FNDA:1,(anonymous_30)
FNDA:1,(anonymous_31)
FNDA:2,(anonymous_32)
FNDA:23,(anonymous_33)
FNDA:46,(anonymous_34)
FNDA:69,(anonymous_35)
FNDA:0,(anonymous_36)
FNDA:0,(anonymous_37)
FNDA:0,(anonymous_38)
FNDA:0,(anonymous_39)
FNDA:0,(anonymous_40)
DA:26,2
DA:48,23
DA:49,23
DA:51,23
DA:52,23
DA:57,23
DA:63,0
DA:66,70
DA:67,1
DA:68,1
DA:76,2
DA:77,2
DA:80,4
DA:81,4
DA:82,4
DA:83,2
DA:85,2
DA:86,2
DA:87,2
DA:88,2
DA:98,2
DA:99,2
DA:100,2
DA:111,4
DA:114,211
DA:115,4
DA:116,4
DA:117,4
DA:119,4
DA:120,2
DA:121,2
DA:124,4
DA:125,12
DA:128,4
DA:129,12
DA:131,4
DA:133,4
DA:134,4
DA:141,2
DA:142,2
DA:144,2
DA:145,7
DA:147,3
DA:151,2
DA:152,6
DA:155,2
DA:157,2
DA:158,3
DA:161,2
DA:164,2
DA:165,2
DA:166,2
DA:167,2
DA:168,2
DA:170,2
DA:180,1
DA:181,1
DA:191,1
DA:194,1
DA:196,2
DA:203,2
DA:204,3
DA:205,3
DA:207,3
DA:217,1
DA:218,1
DA:221,2
DA:223,4
DA:230,2
DA:231,1
DA:234,2
DA:235,2
DA:236,2
DA:238,2
DA:244,1
DA:245,1
DA:246,1
DA:256,1
DA:259,1
DA:261,2
DA:276,23
DA:278,23
DA:362,46
DA:364,69
DA:437,2
DA:447,2
DA:460,0
LF:87
LH:85
BRDA:52,0,0,23
BRDA:52,0,1,0
BRDA:53,1,0,23
BRDA:53,1,1,23
BRDA:53,1,2,23
BRDA:82,2,0,2
BRDA:82,2,1,2
BRDA:82,3,0,4
BRDA:82,3,1,3
BRDA:85,4,0,0
BRDA:85,4,1,2
BRDA:85,5,0,2
BRDA:85,5,1,1
BRDA:85,5,2,1
BRDA:86,6,0,0
BRDA:86,6,1,2
BRDA:86,7,0,2
BRDA:86,7,1,1
BRDA:86,7,2,1
BRDA:119,8,0,2
BRDA:119,8,1,2
BRDA:119,9,0,4
BRDA:119,9,1,3
BRDA:120,10,0,0
BRDA:120,10,1,2
BRDA:120,11,0,2
BRDA:120,11,1,1
BRDA:120,11,2,1
BRDA:121,12,0,0
BRDA:121,12,1,2
BRDA:121,13,0,2
BRDA:121,13,1,1
BRDA:121,13,2,1
BRDA:155,14,0,2
BRDA:155,14,1,2
BRDA:194,15,0,1
BRDA:194,15,1,0
BRDA:221,16,0,2
BRDA:221,16,1,0
BRDA:259,17,0,1
BRDA:259,17,1,0
BRDA:287,18,0,16
BRDA:287,18,1,7
BRDA:287,19,0,23
BRDA:287,19,1,7
BRDA:300,20,0,16
BRDA:300,20,1,7
BRDA:396,21,0,69
BRDA:396,21,1,61
BRDA:421,22,0,16
BRDA:421,22,1,7
BRF:51
BRH:43
end_of_record
TN:
SF:/Users/innocentlou/Documents/React/healthid-fe/src/components/payment/confirmClosePopOver.js
FN:8,(anonymous_0)
FNF:1
FNH:1
FNDA:1,(anonymous_0)
DA:8,5
DA:15,1
DA:58,5
LF:3
LH:3
BRF:0
BRH:0
end_of_record
TN:
SF:/Users/innocentlou/Documents/React/healthid-fe/src/components/payment/customTableHeaderCell.js
FN:5,(anonymous_0)
FNF:1
FNH:1
FNDA:11,(anonymous_0)
DA:5,5
DA:6,11
DA:16,5
DA:21,5
LF:4
LH:4
BRF:0
BRH:0
end_of_record
TN:
SF:/Users/innocentlou/Documents/React/healthid-fe/src/components/payment/dialogTitle.js
FN:10,(anonymous_0)
FNF:1
FNH:1
FNDA:4,(anonymous_0)
DA:10,4
DA:16,4
DA:18,4
DA:54,4
LF:4
LH:4
BRDA:20,0,0,1
BRDA:20,0,1,3
BRDA:21,1,0,1
BRDA:21,1,1,3
BRDA:25,2,0,1
BRDA:25,2,1,3
BRDA:26,3,0,1
BRDA:26,3,1,3
BRDA:30,4,0,1
BRDA:30,4,1,3
BRDA:35,5,0,4
BRDA:35,5,1,3
BRF:12
BRH:12
end_of_record
TN:
SF:/Users/innocentlou/Documents/React/healthid-fe/src/components/payment/notesList.js
FN:7,(anonymous_0)
FN:10,(anonymous_1)
FN:13,(anonymous_2)
FNF:3
FNH:3
FNDA:3,(anonymous_0)
FNDA:3,(anonymous_1)
FNDA:1,(anonymous_2)
DA:7,5
DA:9,3
DA:10,3
DA:12,3
DA:13,1
DA:14,1
DA:28,2
DA:29,1
DA:32,1
DA:35,5
LF:10
LH:10
BRDA:9,0,0,3
BRDA:9,0,1,0
BRDA:12,1,0,1
BRDA:12,1,1,2
BRDA:28,2,0,1
BRDA:28,2,1,1
BRDA:28,3,0,2
BRDA:28,3,1,2
BRF:8
BRH:7
end_of_record
TN:
SF:/Users/innocentlou/Documents/React/healthid-fe/src/components/payment/notesPopOver.js
FN:10,(anonymous_0)
FNF:1
FNH:1
FNDA:1,(anonymous_0)
DA:10,4
DA:18,1
DA:58,4
LF:3
LH:3
BRDA:37,0,0,1
BRDA:37,0,1,1
BRF:2
BRH:2
end_of_record
TN:
SF:/Users/innocentlou/Documents/React/healthid-fe/src/components/payment/paymentButton.js
FN:10,(anonymous_0)
FNF:1
FNH:1
FNDA:3,(anonymous_0)
DA:8,4
DA:10,4
DA:20,3
DA:22,3
DA:44,4
LF:5
LH:5
BRDA:25,0,0,0
BRDA:25,0,1,3
BRDA:27,1,0,3
BRDA:27,1,1,3
BRDA:29,2,0,0
BRDA:29,2,1,3
BRDA:32,3,0,0
BRDA:32,3,1,3
BRDA:33,4,0,3
BRDA:33,4,1,0
BRDA:33,5,0,3
BRDA:33,5,1,0
BRDA:36,6,0,0
BRDA:36,6,1,3
BRF:14
BRH:8
end_of_record
TN:
SF:/Users/innocentlou/Documents/React/healthid-fe/src/components/payment/paymentSummary.js
FN:12,(anonymous_0)
FNF:1
FNH:1
FNDA:1,(anonymous_0)
DA:10,4
DA:12,4
DA:22,1
DA:24,1
DA:26,1
DA:90,4
LF:6
LH:6
BRDA:46,0,0,1
BRDA:46,0,1,0
BRDA:54,1,0,0
BRDA:54,1,1,1
BRDA:79,2,0,1
BRDA:79,2,1,1
BRF:6
BRH:4
end_of_record
TN:
SF:/Users/innocentlou/Documents/React/healthid-fe/src/components/payment/productTotalsSection.js
FN:13,(anonymous_0)
FNF:1
FNH:1
FNDA:3,(anonymous_0)
DA:10,4
DA:13,4
DA:25,3
DA:27,3
DA:28,3
DA:29,3
DA:31,3
DA:133,4
LF:8
LH:8
BRDA:28,0,0,3
BRDA:28,0,1,3
BRDA:29,1,0,3
BRDA:29,1,1,3
BRDA:106,2,0,3
BRDA:106,2,1,3
BRDA:116,3,0,3
BRDA:116,3,1,3
BRF:8
BRH:8
end_of_record
TN:
SF:/Users/innocentlou/Documents/React/healthid-fe/src/components/payment/productsToSaleList.js
FN:7,(anonymous_0)
FNF:1
FNH:1
FNDA:5,(anonymous_0)
DA:7,4
DA:10,5
DA:11,5
DA:25,4
LF:4
LH:4
BRF:0
BRH:0
end_of_record
TN:
SF:/Users/innocentlou/Documents/React/healthid-fe/src/components/payment/recieptProductList.js
FN:7,(anonymous_0)
FNF:1
FNH:1
FNDA:3,(anonymous_0)
DA:7,6
DA:10,3
DA:11,3
DA:23,6
LF:4
LH:4
BRF:0
BRH:0
end_of_record
TN:
SF:/Users/innocentlou/Documents/React/healthid-fe/src/components/payment/recieptScreen.js
FN:14,(anonymous_0)
FN:82,(anonymous_1)
FN:88,(anonymous_2)
FNF:3
FNH:3
FNDA:2,(anonymous_0)
FNDA:1,(anonymous_1)
FNDA:1,(anonymous_2)
DA:14,4
DA:37,2
DA:39,2
DA:41,2
DA:83,1
DA:88,1
DA:118,4
DA:142,4
LF:8
LH:8
BRDA:44,0,0,2
BRDA:44,0,1,1
BRF:2
BRH:2
end_of_record
TN:
SF:/Users/innocentlou/Documents/React/healthid-fe/src/components/payment/recieptTemplate.js
FN:12,(anonymous_0)
FN:17,(anonymous_1)
FN:79,(anonymous_2)
FNF:3
FNH:3
FNDA:2,(anonymous_0)
FNDA:2,(anonymous_1)
FNDA:4,(anonymous_2)
DA:13,2
DA:14,2
DA:34,2
DA:36,2
DA:80,4
DA:176,5
DA:194,5
LF:7
LH:7
BRDA:148,0,0,2
BRDA:148,0,1,0
BRDA:148,1,0,2
BRDA:148,1,1,0
BRDA:153,2,0,2
BRDA:153,2,1,0
BRF:6
BRH:3
end_of_record
TN:
SF:/Users/innocentlou/Documents/React/healthid-fe/src/components/payment/salesSummary.js
FN:21,(anonymous_0)
FN:158,(anonymous_1)
FNF:2
FNH:2
FNDA:1,(anonymous_0)
FNDA:2,(anonymous_1)
DA:19,3
DA:21,3
DA:67,1
DA:69,1
DA:71,1
DA:159,2
DA:205,3
DA:252,3
LF:8
LH:8
BRDA:80,0,0,1
BRDA:80,0,1,0
BRDA:92,1,0,1
BRDA:92,1,1,0
BRDA:120,2,0,1
BRDA:120,2,1,1
BRDA:130,3,0,1
BRDA:130,3,1,0
BRDA:133,4,0,0
BRDA:133,4,1,1
BRDA:143,5,0,1
BRDA:143,5,1,1
BRDA:173,6,0,1
BRDA:173,6,1,1
BRDA:175,7,0,1
BRDA:175,7,1,1
BRDA:175,7,2,1
BRF:17
BRH:13
end_of_record
TN:
SF:/Users/innocentlou/Documents/React/healthid-fe/src/components/payment/tableHeader.js
FN:8,(anonymous_0)
FNF:1
FNH:1
FNDA:3,(anonymous_0)
DA:8,4
DA:9,3
LF:2
LH:2
BRF:0
BRH:0
end_of_record
TN:
SF:/Users/innocentlou/Documents/React/healthid-fe/src/components/payment/container/paymentContainer.js
FN:35,(anonymous_0)
FN:43,(anonymous_1)
FN:47,(anonymous_2)
FN:59,(anonymous_3)
FN:64,(anonymous_4)
FN:69,(anonymous_5)
FN:70,(anonymous_6)
FN:75,(anonymous_7)
FN:85,(anonymous_8)
FN:93,(anonymous_9)
FN:102,(anonymous_10)
FN:111,(anonymous_11)
FN:111,(anonymous_12)
FN:117,(anonymous_13)
FN:124,(anonymous_14)
FN:154,(anonymous_15)
FN:184,(anonymous_16)
FN:187,(anonymous_17)
FN:193,(anonymous_18)
FN:197,(anonymous_19)
FNF:20
FNH:20
FNDA:2,(anonymous_0)
FNDA:1,(anonymous_1)
FNDA:2,(anonymous_2)
FNDA:2,(anonymous_3)
FNDA:2,(anonymous_4)
FNDA:1,(anonymous_5)
FNDA:1,(anonymous_6)
FNDA:1,(anonymous_7)
FNDA:1,(anonymous_8)
FNDA:1,(anonymous_9)
FNDA:1,(anonymous_10)
FNDA:2,(anonymous_11)
FNDA:3,(anonymous_12)
FNDA:56,(anonymous_13)
FNDA:1,(anonymous_14)
FNDA:1,(anonymous_15)
FNDA:1,(anonymous_16)
FNDA:1,(anonymous_17)
FNDA:1,(anonymous_18)
FNDA:27,(anonymous_19)
DA:10,12
DA:35,12
DA:36,2
DA:37,1
DA:39,1
DA:43,12
DA:44,1
DA:47,12
DA:48,2
DA:49,2
DA:51,2
DA:52,1
DA:53,1
DA:55,1
DA:59,12
DA:60,2
DA:61,2
DA:64,12
DA:65,2
DA:66,2
DA:69,12
DA:70,1
DA:75,12
DA:76,1
DA:78,1
DA:85,12
DA:86,1
DA:93,12
DA:94,1
DA:95,1
DA:102,12
DA:103,1
DA:111,12
DA:113,3
DA:117,12
DA:118,56
DA:119,56
DA:120,56
DA:121,56
DA:124,12
DA:125,1
DA:126,1
DA:127,1
DA:128,1
DA:129,1
DA:130,1
DA:137,1
DA:139,1
DA:154,12
DA:159,1
DA:164,1
DA:166,1
DA:167,1
DA:169,1
DA:182,1
DA:185,1
DA:186,0
DA:188,1
DA:189,1
DA:193,12
DA:194,1
DA:205,27
DA:220,27
DA:222,27
DA:276,2
DA:294,2
LF:66
LH:65
BRDA:36,0,0,1
BRDA:36,0,1,1
BRDA:51,1,0,1
BRDA:51,1,1,1
BRDA:172,2,0,1
BRDA:172,2,1,0
BRDA:176,3,0,1
BRDA:176,3,1,1
BRDA:177,4,0,1
BRDA:177,4,1,0
BRF:10
BRH:8
end_of_record
TN:
SF:/Users/innocentlou/Documents/React/healthid-fe/src/components/payment/utils/dateFormatter.js
FN:1,(anonymous_0)
FNF:1
FNH:1
FNDA:3,(anonymous_0)
DA:1,5
DA:2,3
DA:3,3
DA:4,3
DA:5,3
DA:6,3
DA:7,3
DA:8,3
DA:9,3
LF:9
LH:9
BRDA:7,0,0,2
BRDA:7,0,1,1
BRDA:8,1,0,1
BRDA:8,1,1,2
BRF:4
BRH:4
end_of_record
TN:
SF:/Users/innocentlou/Documents/React/healthid-fe/src/components/payment/utils/formatter.js
FN:1,(anonymous_0)
FNF:1
FNH:1
FNDA:131,(anonymous_0)
DA:1,131
LF:1
LH:1
BRF:0
BRH:0
end_of_record
TN:
SF:/Users/innocentlou/Documents/React/healthid-fe/src/components/products/BackAction.js
FN:9,(anonymous_0)
FNF:1
FNH:1
FNDA:1,(anonymous_0)
DA:9,3
DA:10,1
DA:11,1
DA:27,3
LF:4
LH:4
BRF:0
BRH:0
end_of_record
TN:
SF:/Users/innocentlou/Documents/React/healthid-fe/src/components/products/ProductSearch.js
FN:4,(anonymous_0)
FN:4,(anonymous_1)
FN:6,(anonymous_2)
FNF:3
FNH:2
FNDA:2,(anonymous_0)
FNDA:1,(anonymous_1)
FNDA:0,(anonymous_2)
DA:4,2
DA:5,1
DA:7,0
DA:9,0
LF:4
LH:2
BRF:0
BRH:0
end_of_record
TN:
SF:/Users/innocentlou/Documents/React/healthid-fe/src/components/products/afterSelectToolBar.js
FN:12,(anonymous_0)
FN:16,(anonymous_1)
FN:18,(anonymous_2)
FN:19,(anonymous_3)
FN:29,(anonymous_4)
FNF:5
FNH:4
FNDA:1,(anonymous_0)
FNDA:1,(anonymous_1)
FNDA:1,(anonymous_2)
FNDA:0,(anonymous_3)
FNDA:1,(anonymous_4)
DA:12,1
DA:15,1
DA:16,1
DA:18,1
DA:19,1
DA:20,1
DA:23,1
DA:26,1
DA:29,1
DA:30,1
DA:33,1
DA:34,1
DA:60,1
LF:13
LH:13
BRDA:19,0,0,1
BRDA:19,0,1,0
BRF:2
BRH:1
end_of_record
TN:
SF:/Users/innocentlou/Documents/React/healthid-fe/src/components/products/approveProduct.js
FN:24,(anonymous_0)
FN:31,(anonymous_1)
FN:35,(anonymous_2)
FN:40,(anonymous_3)
FN:66,(anonymous_4)
FNF:5
FNH:4
FNDA:1,(anonymous_0)
FNDA:1,(anonymous_1)
FNDA:0,(anonymous_2)
FNDA:2,(anonymous_3)
FNDA:22,(anonymous_4)
DA:20,1
DA:24,1
DA:25,1
DA:26,1
DA:27,1
DA:32,1
DA:33,1
DA:34,1
DA:36,0
DA:41,2
DA:46,2
DA:64,2
DA:66,2
DA:67,22
DA:78,2
DA:120,1
DA:128,1
DA:133,1
LF:18
LH:17
BRDA:85,0,0,2
BRDA:85,0,1,2
BRDA:86,1,0,1
BRDA:86,1,1,1
BRDA:86,2,0,2
BRDA:86,2,1,2
BRF:6
BRH:6
end_of_record
TN:
SF:/Users/innocentlou/Documents/React/healthid-fe/src/components/products/approveProductMutation.js
FNF:0
FNH:0
DA:3,1
LF:1
LH:1
BRF:0
BRH:0
end_of_record
TN:
SF:/Users/innocentlou/Documents/React/healthid-fe/src/components/products/productDetailRender.js
FN:17,(anonymous_0)
FN:19,(anonymous_1)
FN:21,(anonymous_2)
FN:22,(anonymous_3)
FN:23,(anonymous_4)
FN:25,(anonymous_5)
FN:26,(anonymous_6)
FN:27,(anonymous_7)
FN:29,(anonymous_8)
FN:31,(anonymous_9)
FN:40,(anonymous_10)
FN:42,(anonymous_11)
FN:42,(anonymous_12)
FN:44,(anonymous_13)
FN:78,(anonymous_14)
FN:89,(anonymous_15)
FNF:16
FNH:16
FNDA:1,(anonymous_0)
FNDA:3,(anonymous_1)
FNDA:1,(anonymous_2)
FNDA:1,(anonymous_3)
FNDA:1,(anonymous_4)
FNDA:1,(anonymous_5)
FNDA:1,(anonymous_6)
FNDA:1,(anonymous_7)
FNDA:1,(anonymous_8)
FNDA:1,(anonymous_9)
FNDA:1,(anonymous_10)
FNDA:1,(anonymous_11)
FNDA:1,(anonymous_12)
FNDA:1,(anonymous_13)
FNDA:16,(anonymous_14)
FNDA:8,(anonymous_15)
DA:17,1
DA:19,3
DA:21,1
DA:22,1
DA:23,1
DA:25,1
DA:26,1
DA:27,1
DA:29,1
DA:31,1
DA:34,1
DA:35,1
DA:40,1
DA:42,1
DA:44,1
DA:71,1
DA:72,1
DA:73,1
DA:74,1
DA:75,1
DA:78,1
DA:79,16
DA:89,1
DA:90,8
DA:98,1
DA:169,1
DA:175,1
LF:27
LH:27
BRDA:74,0,0,1
BRDA:74,0,1,0
BRDA:91,1,0,8
BRDA:91,1,1,0
BRF:4
BRH:2
end_of_record
TN:
SF:/Users/innocentlou/Documents/React/healthid-fe/src/components/products/productIcons.js
FN:6,(anonymous_0)
FN:53,(anonymous_1)
FN:70,(anonymous_2)
FNF:3
FNH:3
FNDA:59,(anonymous_0)
FNDA:59,(anonymous_1)
FNDA:59,(anonymous_2)
DA:6,4
DA:7,59
DA:9,14
DA:25,31
DA:41,14
DA:49,0
DA:53,4
DA:54,59
DA:56,14
DA:60,31
DA:64,14
DA:66,0
DA:70,4
DA:71,59
DA:81,4
DA:86,4
LF:16
LH:14
BRDA:7,0,0,14
BRDA:7,0,1,31
BRDA:7,0,2,14
BRDA:7,0,3,0
BRDA:54,1,0,14
BRDA:54,1,1,31
BRDA:54,1,2,14
BRDA:54,1,3,0
BRF:8
BRH:6
end_of_record
TN:
SF:/Users/innocentlou/Documents/React/healthid-fe/src/components/products/productLoader.js
FN:4,(anonymous_0)
FNF:1
FNH:1
FNDA:3,(anonymous_0)
DA:4,2
DA:5,3
LF:2
LH:2
BRF:0
BRH:0
end_of_record
TN:
SF:/Users/innocentlou/Documents/React/healthid-fe/src/components/products/productQueries.js
FNF:0
FNH:0
DA:3,2
DA:77,2
DA:121,2
LF:3
LH:3
BRF:0
BRH:0
end_of_record
TN:
SF:/Users/innocentlou/Documents/React/healthid-fe/src/components/products/productsSVGIconPaths.js
FNF:0
FNH:0
DA:1,4
DA:6,4
LF:2
LH:2
BRF:0
BRH:0
end_of_record
TN:
SF:/Users/innocentlou/Documents/React/healthid-fe/src/components/products/productsTable.js
FN:16,(anonymous_0)
FN:27,(anonymous_1)
FN:36,(anonymous_2)
FN:43,(anonymous_3)
FN:56,(anonymous_4)
FN:73,(anonymous_5)
FN:237,(anonymous_6)
FN:278,(anonymous_7)
FN:285,(anonymous_8)
FN:292,(anonymous_9)
FN:301,(anonymous_10)
FNF:11
FNH:9
FNDA:10,(anonymous_0)
FNDA:1,(anonymous_1)
FNDA:1,(anonymous_2)
FNDA:2,(anonymous_3)
FNDA:14,(anonymous_4)
FNDA:25,(anonymous_5)
FNDA:7,(anonymous_6)
FNDA:0,(anonymous_7)
FNDA:0,(anonymous_8)
FNDA:10,(anonymous_9)
FNDA:1,(anonymous_10)
DA:17,10
DA:18,10
DA:27,10
DA:28,1
DA:30,1
DA:31,1
DA:33,1
DA:36,10
DA:37,1
DA:40,1
DA:43,10
DA:44,2
DA:45,1
DA:50,1
DA:51,1
DA:52,1
DA:57,14
DA:60,14
DA:61,14
DA:63,14
DA:76,25
DA:77,12
DA:78,3
DA:80,9
DA:83,9
DA:85,0
DA:86,0
DA:89,1
DA:90,1
DA:93,0
DA:94,0
DA:97,2
DA:98,2
DA:101,6
DA:102,6
DA:103,6
DA:106,9
DA:107,1
DA:110,9
DA:112,9
DA:237,9
DA:242,7
DA:244,7
DA:264,9
DA:279,0
DA:286,0
DA:287,0
DA:288,0
DA:290,0
DA:293,10
DA:294,10
DA:302,1
DA:304,0
DA:305,0
DA:307,0
DA:308,0
DA:310,1
DA:314,9
DA:328,1
DA:335,1
LF:60
LH:47
BRDA:30,0,0,1
BRDA:30,0,1,0
BRDA:30,0,2,1
BRDA:30,0,3,0
BRDA:30,0,4,1
BRDA:31,1,0,0
BRDA:31,1,1,1
BRDA:31,2,0,1
BRDA:31,2,1,0
BRDA:44,3,0,1
BRDA:44,3,1,1
BRDA:44,4,0,2
BRDA:44,4,1,1
BRDA:51,5,0,1
BRDA:51,5,1,0
BRDA:76,6,0,13
BRDA:76,6,1,12
BRDA:77,7,0,3
BRDA:77,7,1,9
BRDA:83,8,0,0
BRDA:83,8,1,1
BRDA:83,8,2,0
BRDA:83,8,3,2
BRDA:83,8,4,6
BRDA:106,9,0,1
BRDA:106,9,1,8
BRDA:106,10,0,9
BRDA:106,10,1,9
BRDA:110,11,0,9
BRDA:110,11,1,0
BRDA:110,12,0,2
BRDA:110,12,1,7
BRDA:110,13,0,9
BRDA:110,13,1,9
BRDA:287,14,0,0
BRDA:287,14,1,0
BRDA:287,15,0,0
BRDA:287,15,1,0
BRDA:302,16,0,0
BRDA:302,16,1,0
BRDA:302,16,2,1
BRF:41
BRH:27
end_of_record
TN:
SF:/Users/innocentlou/Documents/React/healthid-fe/src/components/products/toolBar.js
FN:26,(anonymous_0)
FN:31,(anonymous_1)
FN:36,(anonymous_2)
FN:40,(anonymous_3)
FN:49,(anonymous_4)
FN:59,(anonymous_5)
FN:78,(anonymous_6)
FN:121,(anonymous_7)
FN:138,(anonymous_8)
FNF:9
FNH:8
FNDA:1,(anonymous_0)
FNDA:1,(anonymous_1)
FNDA:1,(anonymous_2)
FNDA:0,(anonymous_3)
FNDA:14,(anonymous_4)
FNDA:20,(anonymous_5)
FNDA:4,(anonymous_6)
FNDA:20,(anonymous_7)
FNDA:3,(anonymous_8)
DA:21,9
DA:26,9
DA:27,1
DA:28,1
DA:31,9
DA:32,1
DA:33,1
DA:36,9
DA:37,1
DA:40,9
DA:41,0
DA:42,0
DA:46,0
DA:50,14
DA:53,14
DA:54,14
DA:60,20
DA:79,4
DA:122,20
DA:139,3
DA:187,1
DA:193,1
LF:22
LH:19
BRDA:62,0,0,2
BRDA:62,0,1,12
BRDA:82,1,0,4
BRDA:82,1,1,0
BRDA:90,2,0,4
BRDA:90,2,1,4
BRDA:102,3,0,4
BRDA:102,3,1,4
BRDA:124,4,0,1
BRDA:124,4,1,13
BRDA:142,5,0,3
BRDA:142,5,1,0
BRF:12
BRH:10
end_of_record
TN:
SF:/Users/innocentlou/Documents/React/healthid-fe/src/components/products/AddProduct/ActionButtons.js
FN:7,(anonymous_0)
FNF:1
FNH:1
FNDA:2,(anonymous_0)
DA:7,3
DA:8,2
DA:10,2
DA:35,3
DA:41,3
LF:5
LH:5
BRF:0
BRH:0
end_of_record
TN:
SF:/Users/innocentlou/Documents/React/healthid-fe/src/components/products/AddProduct/AddProduct.js
FN:47,(anonymous_0)
FN:57,(anonymous_1)
FN:62,(anonymous_2)
FN:68,(anonymous_3)
FN:70,(anonymous_4)
FN:78,(anonymous_5)
FN:81,(anonymous_6)
FN:85,(anonymous_7)
FN:86,(anonymous_8)
FN:89,(anonymous_9)
FN:118,(anonymous_10)
FN:124,(anonymous_11)
FN:130,(anonymous_12)
FN:134,(anonymous_13)
FN:136,(anonymous_14)
FN:156,(anonymous_15)
FN:170,(anonymous_16)
FN:181,(anonymous_17)
FN:188,(anonymous_18)
FN:189,(anonymous_19)
FN:204,(anonymous_20)
FN:204,(anonymous_21)
FN:205,(anonymous_22)
FN:213,(anonymous_23)
FN:222,(anonymous_24)
FN:228,(anonymous_25)
FN:231,(anonymous_26)
FN:238,(anonymous_27)
FN:247,(anonymous_28)
FN:257,(anonymous_29)
FN:261,(anonymous_30)
FN:271,(anonymous_31)
FNF:32
FNH:24
FNDA:1,(anonymous_0)
FNDA:1,(anonymous_1)
FNDA:1,(anonymous_2)
FNDA:1,(anonymous_3)
FNDA:1,(anonymous_4)
FNDA:1,(anonymous_5)
FNDA:2,(anonymous_6)
FNDA:2,(anonymous_7)
FNDA:2,(anonymous_8)
FNDA:3,(anonymous_9)
FNDA:3,(anonymous_10)
FNDA:3,(anonymous_11)
FNDA:1,(anonymous_12)
FNDA:1,(anonymous_13)
FNDA:0,(anonymous_14)
FNDA:2,(anonymous_15)
FNDA:0,(anonymous_16)
FNDA:1,(anonymous_17)
FNDA:1,(anonymous_18)
FNDA:0,(anonymous_19)
FNDA:0,(anonymous_20)
FNDA:0,(anonymous_21)
FNDA:0,(anonymous_22)
FNDA:3,(anonymous_23)
FNDA:0,(anonymous_24)
FNDA:0,(anonymous_25)
FNDA:1,(anonymous_26)
FNDA:1,(anonymous_27)
FNDA:1,(anonymous_28)
FNDA:1,(anonymous_29)
FNDA:28,(anonymous_30)
FNDA:3,(anonymous_31)
DA:19,10
DA:47,10
DA:48,1
DA:49,1
DA:50,1
DA:51,1
DA:52,1
DA:53,1
DA:57,10
DA:58,1
DA:59,1
DA:62,10
DA:63,1
DA:64,1
DA:65,1
DA:68,10
DA:69,1
DA:70,1
DA:72,1
DA:78,10
DA:79,1
DA:80,1
DA:81,2
DA:85,10
DA:86,2
DA:89,10
DA:90,3
DA:96,3
DA:98,3
DA:100,3
DA:102,3
DA:119,3
DA:120,3
DA:121,0
DA:122,0
DA:125,3
DA:126,0
DA:130,10
DA:131,1
DA:134,10
DA:135,1
DA:136,1
DA:137,0
DA:156,10
DA:157,2
DA:158,2
DA:159,2
DA:160,2
DA:161,2
DA:162,2
DA:163,2
DA:164,0
DA:169,0
DA:170,0
DA:171,0
DA:176,0
DA:181,10
DA:182,1
DA:183,1
DA:184,1
DA:185,1
DA:187,1
DA:188,1
DA:189,1
DA:190,0
DA:201,0
DA:203,1
DA:204,0
DA:205,0
DA:206,0
DA:207,0
DA:210,1
DA:213,10
DA:214,3
DA:215,3
DA:216,3
DA:217,3
DA:218,3
DA:220,3
DA:223,0
DA:224,0
DA:225,0
DA:228,0
DA:231,10
DA:236,1
DA:238,1
DA:239,1
DA:240,1
DA:247,10
DA:248,1
DA:249,1
DA:253,1
DA:257,10
DA:258,1
DA:262,28
DA:264,28
DA:272,3
DA:273,2
DA:275,0
DA:306,1
DA:312,1
DA:317,1
LF:102
LH:82
BRDA:52,0,0,1
BRDA:52,0,1,0
BRDA:115,1,0,3
BRDA:115,1,1,3
BRDA:161,2,0,2
BRDA:161,2,1,0
BRDA:161,3,0,2
BRDA:161,3,1,2
BRDA:163,4,0,0
BRDA:163,4,1,2
BRDA:218,5,0,3
BRDA:218,5,1,0
BRDA:272,6,0,1
BRDA:272,6,1,2
BRDA:273,7,0,2
BRDA:273,7,1,0
BRF:16
BRH:11
end_of_record
TN:
SF:/Users/innocentlou/Documents/React/healthid-fe/src/components/products/AddProduct/ProductForm.js
FN:13,(anonymous_0)
FN:125,(anonymous_1)
FN:151,(anonymous_2)
FN:194,(anonymous_3)
FN:220,(anonymous_4)
FNF:5
FNH:5
FNDA:2,(anonymous_0)
FNDA:6,(anonymous_1)
FNDA:6,(anonymous_2)
FNDA:2,(anonymous_3)
FNDA:4,(anonymous_4)
DA:13,2
DA:23,2
DA:29,2
DA:32,2
DA:36,2
DA:126,6
DA:152,6
DA:195,2
DA:221,4
DA:289,2
LF:10
LH:10
BRDA:32,0,0,2
BRDA:32,0,1,0
BRDA:32,0,2,0
BRDA:32,0,3,0
BRDA:32,0,4,0
BRDA:32,0,5,0
BRDA:32,0,6,0
BRDA:32,0,7,0
BRDA:32,0,8,0
BRDA:124,1,0,2
BRDA:124,1,1,2
BRDA:150,2,0,2
BRDA:150,2,1,2
BRDA:193,3,0,2
BRDA:193,3,1,2
BRDA:219,4,0,2
BRDA:219,4,1,2
BRF:17
BRH:9
end_of_record
TN:
SF:/Users/innocentlou/Documents/React/healthid-fe/src/components/products/AddProduct/Inputs/ImageUpload.js
FN:9,(anonymous_0)
FN:46,(anonymous_1)
FNF:2
FNH:1
FNDA:5,(anonymous_0)
FNDA:0,(anonymous_1)
DA:9,3
DA:12,5
DA:14,5
DA:49,0
DA:67,3
LF:5
LH:4
BRDA:18,0,0,2
BRDA:18,0,1,3
BRDA:30,1,0,1
BRDA:30,1,1,2
BRF:4
BRH:4
end_of_record
TN:
SF:/Users/innocentlou/Documents/React/healthid-fe/src/components/products/AddProduct/Inputs/ProductDescriptions.js
FN:6,(anonymous_0)
FNF:1
FNH:1
FNDA:1,(anonymous_0)
DA:6,3
DA:9,1
DA:11,1
DA:48,3
LF:4
LH:4
BRF:0
BRH:0
end_of_record
TN:
SF:/Users/innocentlou/Documents/React/healthid-fe/src/components/products/AddProduct/Inputs/Tags.js
FN:13,(anonymous_0)
FNF:1
FNH:1
FNDA:1,(anonymous_0)
DA:6,3
DA:11,3
DA:13,3
DA:14,1
DA:15,1
DA:32,3
LF:6
LH:6
BRF:0
BRH:0
end_of_record
TN:
SF:/Users/innocentlou/Documents/React/healthid-fe/src/components/products/ImportProduct/FieldsTable.js
FN:3,(anonymous_0)
FNF:1
FNH:1
FNDA:1,(anonymous_0)
DA:3,3
DA:4,1
LF:2
LH:2
BRF:0
BRH:0
end_of_record
TN:
SF:/Users/innocentlou/Documents/React/healthid-fe/src/components/products/ImportProduct/ImportProduct.js
FN:20,(anonymous_0)
FN:25,(anonymous_1)
FN:37,(anonymous_2)
FN:48,(anonymous_3)
FN:58,(anonymous_4)
FN:63,(anonymous_5)
FN:80,(anonymous_6)
FN:86,(anonymous_7)
FN:88,(anonymous_8)
FN:96,(anonymous_9)
FNF:10
FNH:5
FNDA:1,(anonymous_0)
FNDA:1,(anonymous_1)
FNDA:1,(anonymous_2)
FNDA:0,(anonymous_3)
FNDA:0,(anonymous_4)
FNDA:2,(anonymous_5)
FNDA:0,(anonymous_6)
FNDA:0,(anonymous_7)
FNDA:0,(anonymous_8)
FNDA:6,(anonymous_9)
DA:14,2
DA:20,2
DA:21,1
DA:22,1
DA:25,2
DA:26,1
DA:27,1
DA:28,1
DA:29,1
DA:30,1
DA:31,1
DA:32,1
DA:37,2
DA:38,1
DA:40,1
DA:42,1
DA:49,0
DA:50,0
DA:51,0
DA:52,0
DA:53,0
DA:54,0
DA:55,0
DA:56,0
DA:59,0
DA:63,2
DA:64,2
DA:66,2
DA:67,2
DA:68,2
DA:70,2
DA:72,2
DA:73,2
DA:75,2
DA:81,0
DA:82,0
DA:86,0
DA:89,0
DA:97,6
DA:99,6
DA:118,1
DA:123,1
LF:42
LH:29
BRDA:29,0,0,1
BRDA:29,0,1,0
BRDA:29,1,0,1
BRDA:29,1,1,1
BRDA:31,2,0,1
BRDA:31,2,1,0
BRF:6
BRH:4
end_of_record
TN:
SF:/Users/innocentlou/Documents/React/healthid-fe/src/components/products/ImportProduct/ImportProductForm.js
FN:13,(anonymous_0)
FN:101,(anonymous_1)
FN:102,(anonymous_2)
FN:103,(anonymous_3)
FN:104,(anonymous_4)
FNF:5
FNH:1
FNDA:1,(anonymous_0)
FNDA:0,(anonymous_1)
FNDA:0,(anonymous_2)
FNDA:0,(anonymous_3)
FNDA:0,(anonymous_4)
DA:13,2
DA:18,1
DA:20,1
DA:22,1
DA:24,1
DA:92,2
DA:100,2
LF:7
LH:7
BRDA:22,0,0,0
BRDA:22,0,1,1
BRDA:74,1,0,1
BRDA:74,1,1,0
BRF:4
BRH:2
end_of_record
TN:
SF:/Users/innocentlou/Documents/React/healthid-fe/src/components/products/ImportProduct/Separator.js
FN:4,(anonymous_0)
FNF:1
FNH:1
FNDA:1,(anonymous_0)
DA:4,3
DA:5,1
LF:2
LH:2
BRF:0
BRH:0
end_of_record
TN:
SF:/Users/innocentlou/Documents/React/healthid-fe/src/components/products/ImportProduct/SubmitFileComponent.js
FN:8,(anonymous_0)
FNF:1
FNH:1
FNDA:2,(anonymous_0)
DA:8,3
DA:11,2
DA:13,2
DA:48,3
LF:4
LH:4
BRDA:24,0,0,1
BRDA:24,0,1,1
BRDA:30,1,0,1
BRDA:30,1,1,1
BRF:4
BRH:4
end_of_record
TN:
SF:/Users/innocentlou/Documents/React/healthid-fe/src/components/products/ImportProduct/UploadFileComponent.js
FN:9,(anonymous_0)
FN:22,(anonymous_1)
FNF:2
FNH:1
FNDA:1,(anonymous_0)
FNDA:0,(anonymous_1)
DA:9,3
DA:10,1
DA:11,1
DA:25,0
DA:46,3
LF:5
LH:4
BRDA:28,0,0,0
BRDA:28,0,1,0
BRDA:29,1,0,0
BRDA:29,1,1,0
BRF:4
BRH:0
end_of_record
TN:
SF:/Users/innocentlou/Documents/React/healthid-fe/src/components/products/Templates/BatchInformation.js
FN:8,(anonymous_0)
FN:37,(anonymous_1)
FNF:2
FNH:2
FNDA:1,(anonymous_0)
FNDA:1,(anonymous_1)
DA:8,1
DA:12,1
DA:14,1
DA:38,1
DA:109,1
LF:5
LH:5
BRDA:59,0,0,0
BRDA:59,0,1,1
BRF:2
BRH:1
end_of_record
TN:
SF:/Users/innocentlou/Documents/React/healthid-fe/src/components/products/Templates/Description.js
FN:8,(anonymous_0)
FN:32,(anonymous_1)
FNF:2
FNH:2
FNDA:3,(anonymous_0)
FNDA:6,(anonymous_1)
DA:8,2
DA:12,3
DA:14,3
DA:33,6
DA:61,2
LF:5
LH:5
BRF:0
BRH:0
end_of_record
TN:
SF:/Users/innocentlou/Documents/React/healthid-fe/src/components/products/Templates/Header.js
FN:9,(anonymous_0)
FNF:1
FNH:1
FNDA:3,(anonymous_0)
DA:9,2
DA:12,3
DA:13,3
DA:35,2
LF:4
LH:4
BRF:0
BRH:0
end_of_record
TN:
SF:/Users/innocentlou/Documents/React/healthid-fe/src/components/products/Templates/ProductInformation.js
FN:5,(anonymous_0)
FNF:1
FNH:1
FNDA:3,(anonymous_0)
DA:5,2
DA:9,3
DA:10,3
DA:76,2
LF:4
LH:4
BRF:0
BRH:0
end_of_record
TN:
SF:/Users/innocentlou/Documents/React/healthid-fe/src/components/products/Templates/StockDetails.js
FN:6,(anonymous_0)
FNF:1
FNH:1
FNDA:1,(anonymous_0)
DA:6,1
DA:15,1
DA:16,1
DA:56,1
LF:4
LH:4
BRDA:32,0,0,1
BRDA:32,0,1,0
BRDA:41,1,0,1
BRDA:41,1,1,0
BRDA:48,2,0,1
BRDA:48,2,1,0
BRF:6
BRH:3
end_of_record
TN:
SF:/Users/innocentlou/Documents/React/healthid-fe/src/components/profile/Profile.js
FN:57,(anonymous_0)
FN:61,(anonymous_1)
FN:62,(anonymous_2)
FN:65,(anonymous_3)
FN:66,(anonymous_4)
FN:69,(anonymous_5)
FN:70,(anonymous_6)
FN:73,(anonymous_7)
FN:77,(anonymous_8)
FN:78,(anonymous_9)
FN:83,(anonymous_10)
FN:84,(anonymous_11)
FN:95,(anonymous_12)
FN:101,(anonymous_13)
FN:102,(anonymous_14)
FN:107,(anonymous_15)
FN:117,(anonymous_16)
FN:148,(anonymous_17)
FN:155,(anonymous_18)
FN:167,(anonymous_19)
FN:173,(anonymous_20)
FN:226,(anonymous_21)
FN:230,(anonymous_22)
FN:267,(anonymous_23)
FN:270,(anonymous_24)
FN:287,(anonymous_25)
FN:299,(anonymous_26)
FN:307,(anonymous_27)
FN:315,(anonymous_28)
FN:316,(anonymous_29)
FN:332,(anonymous_30)
FN:332,(anonymous_31)
FN:333,(anonymous_32)
FN:341,(anonymous_33)
FN:350,(anonymous_34)
FN:354,(anonymous_35)
FN:359,(anonymous_36)
FN:363,(anonymous_37)
FN:370,(anonymous_38)
FN:376,(anonymous_39)
FN:383,(anonymous_40)
FNF:41
FNH:31
FNDA:8,(anonymous_0)
FNDA:1,(anonymous_1)
FNDA:1,(anonymous_2)
FNDA:1,(anonymous_3)
FNDA:1,(anonymous_4)
FNDA:1,(anonymous_5)
FNDA:1,(anonymous_6)
FNDA:0,(anonymous_7)
FNDA:1,(anonymous_8)
FNDA:1,(anonymous_9)
FNDA:1,(anonymous_10)
FNDA:1,(anonymous_11)
FNDA:1,(anonymous_12)
FNDA:1,(anonymous_13)
FNDA:1,(anonymous_14)
FNDA:5,(anonymous_15)
FNDA:9,(anonymous_16)
FNDA:2,(anonymous_17)
FNDA:0,(anonymous_18)
FNDA:2,(anonymous_19)
FNDA:2,(anonymous_20)
FNDA:0,(anonymous_21)
FNDA:58,(anonymous_22)
FNDA:2,(anonymous_23)
FNDA:10,(anonymous_24)
FNDA:2,(anonymous_25)
FNDA:0,(anonymous_26)
FNDA:1,(anonymous_27)
FNDA:1,(anonymous_28)
FNDA:0,(anonymous_29)
FNDA:0,(anonymous_30)
FNDA:0,(anonymous_31)
FNDA:0,(anonymous_32)
FNDA:2,(anonymous_33)
FNDA:1,(anonymous_34)
FNDA:0,(anonymous_35)
FNDA:1,(anonymous_36)
FNDA:1,(anonymous_37)
FNDA:0,(anonymous_38)
FNDA:1,(anonymous_39)
FNDA:58,(anonymous_40)
DA:15,2
DA:17,21
DA:58,8
DA:61,21
DA:62,1
DA:65,21
DA:66,1
DA:69,21
DA:70,1
DA:73,21
DA:74,0
DA:77,21
DA:78,1
DA:83,21
DA:84,1
DA:95,21
DA:96,1
DA:101,21
DA:102,1
DA:107,21
DA:108,5
DA:109,5
DA:110,0
DA:111,0
DA:114,5
DA:117,21
DA:118,9
DA:120,9
DA:121,8
DA:128,1
DA:130,1
DA:132,1
DA:148,21
DA:149,2
DA:151,2
DA:153,2
DA:156,0
DA:157,0
DA:159,0
DA:165,0
DA:166,0
DA:168,2
DA:169,2
DA:173,21
DA:184,2
DA:186,2
DA:188,2
DA:190,2
DA:192,2
DA:193,1
DA:194,1
DA:196,2
DA:197,1
DA:198,1
DA:200,2
DA:201,1
DA:202,1
DA:204,2
DA:205,1
DA:206,1
DA:208,2
DA:209,1
DA:210,1
DA:211,1
DA:212,0
DA:213,0
DA:215,1
DA:223,1
DA:226,21
DA:227,0
DA:230,21
DA:231,58
DA:232,58
DA:234,58
DA:235,1
DA:241,57
DA:242,1
DA:248,56
DA:267,21
DA:268,2
DA:269,2
DA:270,10
DA:272,2
DA:273,2
DA:274,2
DA:276,2
DA:277,0
DA:278,0
DA:280,2
DA:281,2
DA:282,2
DA:284,0
DA:287,21
DA:288,2
DA:289,1
DA:290,1
DA:291,0
DA:296,0
DA:297,0
DA:299,0
DA:302,0
DA:307,21
DA:308,1
DA:309,1
DA:310,1
DA:311,1
DA:313,1
DA:315,1
DA:316,1
DA:317,0
DA:328,0
DA:330,1
DA:332,0
DA:333,0
DA:334,0
DA:335,0
DA:338,1
DA:341,21
DA:342,2
DA:343,2
DA:344,2
DA:345,2
DA:346,2
DA:348,2
DA:351,1
DA:352,1
DA:353,1
DA:355,0
DA:359,21
DA:360,1
DA:363,21
DA:368,1
DA:370,1
DA:371,0
DA:372,0
DA:376,21
DA:377,1
DA:378,1
DA:379,1
DA:384,58
DA:392,2
DA:398,2
DA:399,2
LF:143
LH:115
BRDA:58,0,0,8
BRDA:58,0,1,8
BRDA:109,1,0,0
BRDA:109,1,1,5
BRDA:109,2,0,5
BRDA:109,2,1,4
BRDA:110,3,0,0
BRDA:110,3,1,0
BRDA:120,4,0,8
BRDA:120,4,1,1
BRDA:130,5,0,0
BRDA:130,5,1,1
BRDA:192,6,0,1
BRDA:192,6,1,1
BRDA:196,7,0,1
BRDA:196,7,1,1
BRDA:200,8,0,1
BRDA:200,8,1,1
BRDA:200,9,0,2
BRDA:200,9,1,1
BRDA:204,10,0,1
BRDA:204,10,1,1
BRDA:208,11,0,1
BRDA:208,11,1,1
BRDA:211,12,0,0
BRDA:211,12,1,1
BRDA:217,13,0,1
BRDA:217,13,1,0
BRDA:234,14,0,1
BRDA:234,14,1,57
BRDA:241,15,0,1
BRDA:241,15,1,56
BRDA:276,16,0,0
BRDA:276,16,1,2
BRDA:280,17,0,2
BRDA:280,17,1,0
BRDA:288,18,0,1
BRDA:288,18,1,1
BRDA:288,19,0,2
BRDA:288,19,1,2
BRDA:290,20,0,0
BRDA:290,20,1,1
BRDA:346,21,0,2
BRDA:346,21,1,0
BRF:44
BRH:34
end_of_record
TN:
SF:/Users/innocentlou/Documents/React/healthid-fe/src/components/profile/ProfileData.js
FN:17,(anonymous_0)
FN:220,(anonymous_1)
FNF:2
FNH:1
FNDA:56,(anonymous_0)
FNDA:0,(anonymous_1)
DA:15,2
DA:17,2
DA:32,56
DA:55,56
DA:57,56
DA:59,56
DA:221,0
DA:351,2
LF:8
LH:7
BRDA:91,0,0,56
BRDA:91,0,1,54
BRDA:101,1,0,56
BRDA:101,1,1,51
BRDA:112,2,0,56
BRDA:112,2,1,51
BRDA:125,3,0,56
BRDA:125,3,1,55
BRDA:135,4,0,56
BRDA:135,4,1,51
BRDA:145,5,0,56
BRDA:145,5,1,56
BRDA:177,6,0,56
BRDA:177,6,1,55
BRDA:188,7,0,56
BRDA:188,7,1,56
BRDA:200,8,0,56
BRDA:200,8,1,56
BRDA:220,9,0,0
BRDA:220,9,1,56
BRDA:246,10,0,55
BRDA:246,10,1,1
BRDA:250,11,0,56
BRDA:250,11,1,52
BRDA:251,12,0,56
BRDA:251,12,1,19
BRDA:252,13,0,0
BRDA:252,13,1,56
BRDA:260,14,0,55
BRDA:260,14,1,1
BRDA:271,15,0,55
BRDA:271,15,1,1
BRDA:275,16,0,56
BRDA:275,16,1,50
BRDA:276,17,0,56
BRDA:276,17,1,19
BRDA:277,18,0,0
BRDA:277,18,1,56
BRDA:285,19,0,55
BRDA:285,19,1,1
BRDA:295,20,0,55
BRDA:295,20,1,1
BRDA:299,21,0,56
BRDA:299,21,1,56
BRDA:301,22,0,56
BRDA:301,22,1,56
BRDA:309,23,0,55
BRDA:309,23,1,1
BRDA:318,24,0,3
BRDA:318,24,1,53
BRF:50
BRH:47
end_of_record
TN:
SF:/Users/innocentlou/Documents/React/healthid-fe/src/components/profile/UserProfileComplete.js
FN:16,(anonymous_0)
FN:197,(anonymous_1)
FNF:2
FNH:1
FNDA:1,(anonymous_0)
FNDA:0,(anonymous_1)
DA:14,2
DA:16,2
DA:21,1
DA:35,1
DA:37,1
DA:39,1
DA:198,0
DA:217,2
LF:8
LH:7
BRDA:67,0,0,1
BRDA:67,0,1,1
BRDA:77,1,0,1
BRDA:77,1,1,1
BRDA:87,2,0,1
BRDA:87,2,1,1
BRDA:99,3,0,1
BRDA:99,3,1,1
BRDA:109,4,0,1
BRDA:109,4,1,1
BRDA:118,5,0,1
BRDA:118,5,1,1
BRDA:129,6,0,1
BRDA:129,6,1,1
BRDA:132,7,0,0
BRDA:132,7,1,1
BRDA:154,8,0,1
BRDA:154,8,1,1
BRDA:165,9,0,1
BRDA:165,9,1,1
BRDA:177,10,0,1
BRDA:177,10,1,1
BRDA:197,11,0,0
BRDA:197,11,1,1
BRF:24
BRH:22
end_of_record
TN:
SF:/Users/innocentlou/Documents/React/healthid-fe/src/components/profile/resizeDialogBox.js
FN:12,(anonymous_0)
FNF:1
FNH:1
FNDA:1,(anonymous_0)
DA:12,6
DA:18,1
DA:19,1
DA:56,6
LF:4
LH:4
BRF:0
BRH:0
end_of_record
TN:
SF:/Users/innocentlou/Documents/React/healthid-fe/src/components/profile/uploadProfileImage.js
FN:13,(anonymous_0)
FN:52,(anonymous_1)
FN:56,(anonymous_2)
FNF:3
FNH:2
FNDA:56,(anonymous_0)
FNDA:0,(anonymous_1)
FNDA:56,(anonymous_2)
DA:11,2
DA:13,2
DA:21,56
DA:23,56
DA:24,56
DA:52,0
DA:57,56
DA:80,2
LF:8
LH:7
BRDA:26,0,0,0
BRDA:26,0,1,56
BRDA:36,1,0,6
BRDA:36,1,1,50
BRF:4
BRH:3
end_of_record
TN:
SF:/Users/innocentlou/Documents/React/healthid-fe/src/components/sell/addCustomerDialog.js
FN:19,(anonymous_0)
FN:21,(anonymous_1)
FN:60,(anonymous_2)
FN:62,(anonymous_3)
FN:81,(anonymous_4)
FN:138,(anonymous_5)
FN:187,(anonymous_6)
FNF:7
FNH:5
FNDA:0,(anonymous_0)
FNDA:4,(anonymous_1)
FNDA:4,(anonymous_2)
FNDA:4,(anonymous_3)
FNDA:0,(anonymous_4)
FNDA:3,(anonymous_5)
FNDA:2,(anonymous_6)
DA:17,3
DA:19,3
DA:21,3
DA:57,4
DA:58,4
DA:61,4
DA:63,4
DA:81,0
DA:139,3
DA:188,2
DA:294,3
DA:306,3
LF:12
LH:11
BRDA:78,0,0,4
BRDA:78,0,1,0
BRDA:112,1,0,0
BRDA:112,1,1,4
BRDA:112,2,0,4
BRDA:112,2,1,0
BRDA:122,3,0,0
BRDA:122,3,1,4
BRDA:123,4,0,4
BRDA:123,4,1,0
BRDA:138,5,0,4
BRDA:138,5,1,4
BRDA:187,6,0,4
BRDA:187,6,1,3
BRDA:259,7,0,0
BRDA:259,7,1,4
BRDA:279,8,0,4
BRDA:279,8,1,0
BRF:18
BRH:11
end_of_record
TN:
SF:/Users/innocentlou/Documents/React/healthid-fe/src/components/sell/addCustomerPopper.js
FN:13,(anonymous_0)
FN:31,(anonymous_1)
FN:41,(anonymous_2)
FNF:3
FNH:1
FNDA:3,(anonymous_0)
FNDA:0,(anonymous_1)
FNDA:0,(anonymous_2)
DA:11,3
DA:13,3
DA:25,3
DA:32,0
DA:42,0
DA:67,3
DA:74,3
LF:7
LH:5
BRDA:37,0,0,0
BRDA:37,0,1,0
BRF:2
BRH:0
end_of_record
TN:
SF:/Users/innocentlou/Documents/React/healthid-fe/src/components/sell/addDiscountPopper.js
FN:12,(anonymous_0)
FN:42,(anonymous_1)
FNF:2
FNH:1
FNDA:3,(anonymous_0)
FNDA:0,(anonymous_1)
DA:10,3
DA:12,3
DA:23,3
DA:43,0
DA:96,3
DA:103,3
LF:6
LH:5
BRF:0
BRH:0
end_of_record
TN:
SF:/Users/innocentlou/Documents/React/healthid-fe/src/components/sell/addProductNotePoppper.js
FN:12,(anonymous_0)
FN:30,(anonymous_1)
FN:71,(anonymous_2)
FNF:3
FNH:1
FNDA:3,(anonymous_0)
FNDA:0,(anonymous_1)
FNDA:0,(anonymous_2)
DA:10,3
DA:12,3
DA:24,3
DA:31,0
DA:71,0
DA:88,3
DA:96,3
LF:7
LH:5
BRF:0
BRH:0
end_of_record
TN:
SF:/Users/innocentlou/Documents/React/healthid-fe/src/components/sell/holdSaleDialog.js
FN:13,(anonymous_0)
FN:15,(anonymous_1)
FNF:2
FNH:1
FNDA:0,(anonymous_0)
FNDA:3,(anonymous_1)
DA:11,3
DA:13,3
DA:15,3
DA:25,3
DA:105,3
DA:112,3
LF:6
LH:6
BRDA:78,0,0,0
BRDA:78,0,1,3
BRF:2
BRH:1
end_of_record
TN:
SF:/Users/innocentlou/Documents/React/healthid-fe/src/components/sell/phoneField.js
FN:6,(anonymous_0)
FNF:1
FNH:1
FNDA:1,(anonymous_0)
DA:6,4
DA:7,1
DA:9,1
DA:11,1
DA:39,4
DA:45,4
LF:6
LH:6
BRDA:15,0,0,1
BRDA:15,0,1,1
BRF:2
BRH:2
end_of_record
TN:
SF:/Users/innocentlou/Documents/React/healthid-fe/src/components/sell/productCard.js
FN:13,(anonymous_0)
FN:73,(anonymous_1)
FNF:2
FNH:2
FNDA:2,(anonymous_0)
FNDA:1,(anonymous_1)
DA:13,2
DA:18,2
DA:22,2
DA:24,2
DA:73,1
DA:85,2
LF:6
LH:6
BRF:0
BRH:0
end_of_record
TN:
SF:/Users/innocentlou/Documents/React/healthid-fe/src/components/sell/returnQuantity.js
FN:12,(anonymous_0)
FN:18,(anonymous_1)
FN:31,(anonymous_2)
FN:41,(anonymous_3)
FN:45,(anonymous_4)
FNF:5
FNH:2
FNDA:1,(anonymous_0)
FNDA:0,(anonymous_1)
FNDA:1,(anonymous_2)
FNDA:0,(anonymous_3)
FNDA:0,(anonymous_4)
DA:10,2
DA:12,2
DA:18,1
DA:19,0
DA:25,1
DA:31,1
DA:41,0
DA:45,0
DA:53,2
DA:60,2
LF:10
LH:7
BRF:0
BRH:0
end_of_record
TN:
SF:/Users/innocentlou/Documents/React/healthid-fe/src/components/sell/returnSingleCustomer.js
FN:13,(anonymous_0)
FN:36,(anonymous_1)
FNF:2
FNH:1
FNDA:1,(anonymous_0)
FNDA:0,(anonymous_1)
DA:11,2
DA:13,2
DA:21,1
DA:22,1
DA:23,1
DA:25,1
DA:36,0
DA:85,2
DA:94,2
LF:9
LH:8
BRDA:23,0,0,1
BRDA:23,0,1,1
BRDA:33,1,0,0
BRDA:33,1,1,1
BRDA:34,2,0,0
BRDA:34,2,1,1
BRDA:55,3,0,0
BRDA:55,3,1,1
BRDA:64,4,0,0
BRDA:64,4,1,1
BRDA:70,5,0,1
BRDA:70,5,1,0
BRF:12
BRH:7
end_of_record
TN:
SF:/Users/innocentlou/Documents/React/healthid-fe/src/components/sell/salesOnHoldDialog.js
FN:15,(anonymous_0)
FN:17,(anonymous_1)
FN:48,(anonymous_2)
FN:53,(anonymous_3)
FN:66,(anonymous_4)
FNF:5
FNH:3
FNDA:0,(anonymous_0)
FNDA:3,(anonymous_1)
FNDA:1,(anonymous_2)
FNDA:0,(anonymous_3)
FNDA:3,(anonymous_4)
DA:13,3
DA:15,3
DA:17,3
DA:25,3
DA:49,1
DA:53,0
DA:67,3
DA:125,3
DA:131,3
LF:9
LH:8
BRDA:44,0,0,1
BRDA:44,0,1,2
BRDA:76,1,0,1
BRDA:76,1,1,1
BRF:4
BRH:4
end_of_record
TN:
SF:/Users/innocentlou/Documents/React/healthid-fe/src/components/sell/searchList.js
FN:12,(anonymous_0)
FN:23,(anonymous_1)
FNF:2
FNH:2
FNDA:2,(anonymous_0)
FNDA:1,(anonymous_1)
DA:12,2
DA:15,2
DA:17,2
DA:23,1
DA:60,2
LF:5
LH:5
BRDA:27,0,0,0
BRDA:27,0,1,2
BRF:2
BRH:1
end_of_record
TN:
SF:/Users/innocentlou/Documents/React/healthid-fe/src/components/sell/sellScreen.js
FN:24,(anonymous_0)
FN:71,(anonymous_1)
FN:238,(anonymous_2)
FNF:3
FNH:3
FNDA:3,(anonymous_0)
FNDA:21,(anonymous_1)
FNDA:1,(anonymous_2)
DA:24,2
DA:70,3
DA:71,3
DA:72,21
DA:80,3
DA:239,1
DA:339,2
DA:377,2
LF:8
LH:8
BRDA:73,0,0,21
BRDA:73,0,1,0
BRDA:76,1,0,21
BRDA:76,1,1,9
BRDA:128,2,0,3
BRDA:128,2,1,0
BRF:6
BRH:4
end_of_record
TN:
SF:/Users/innocentlou/Documents/React/healthid-fe/src/components/sell/sellScreenState.js
FNF:0
FNH:0
DA:2,1
LF:1
LH:1
BRF:0
BRH:0
end_of_record
TN:
SF:/Users/innocentlou/Documents/React/healthid-fe/src/components/sell/viewProducts.js
FN:12,(anonymous_0)
FNF:1
FNH:1
FNDA:3,(anonymous_0)
DA:11,3
DA:12,3
DA:13,3
DA:14,3
DA:37,3
LF:5
LH:5
BRF:0
BRH:0
end_of_record
TN:
SF:/Users/innocentlou/Documents/React/healthid-fe/src/components/sell/salesHistory/dataTable.js
FN:8,(anonymous_0)
FN:15,(anonymous_1)
FN:29,(anonymous_2)
FN:33,(anonymous_3)
FNF:4
FNH:2
FNDA:1,(anonymous_0)
FNDA:1,(anonymous_1)
FNDA:0,(anonymous_2)
FNDA:0,(anonymous_3)
DA:8,2
DA:12,1
DA:13,1
DA:15,1
DA:18,1
DA:29,1
DA:30,0
DA:33,1
DA:34,0
DA:37,1
DA:39,1
DA:76,2
DA:86,2
LF:13
LH:11
BRF:0
BRH:0
end_of_record
TN:
SF:/Users/innocentlou/Documents/React/healthid-fe/src/components/sell/salesHistory/dateTimePopper.js
FN:14,(anonymous_0)
FN:43,(anonymous_1)
FN:67,(anonymous_2)
FN:93,(anonymous_3)
FN:105,(anonymous_4)
FN:114,(anonymous_5)
FNF:6
FNH:6
FNDA:18,(anonymous_0)
FNDA:18,(anonymous_1)
FNDA:1,(anonymous_2)
FNDA:1,(anonymous_3)
FNDA:1,(anonymous_4)
FNDA:1,(anonymous_5)
DA:14,4
DA:30,18
DA:31,18
DA:32,18
DA:33,18
DA:44,18
DA:67,1
DA:93,1
DA:105,1
DA:114,1
DA:128,4
DA:138,4
LF:12
LH:12
BRF:0
BRH:0
end_of_record
TN:
SF:/Users/innocentlou/Documents/React/healthid-fe/src/components/sell/salesHistory/salesHistoryDetails.js
FN:12,(anonymous_0)
FNF:1
FNH:1
FNDA:1,(anonymous_0)
DA:12,1
DA:21,1
DA:22,1
DA:23,1
DA:25,1
DA:63,1
DA:73,1
LF:7
LH:7
BRF:0
BRH:0
end_of_record
TN:
SF:/Users/innocentlou/Documents/React/healthid-fe/src/components/sell/salesHistory/salesHistoryToolBar.js
FN:44,(anonymous_0)
FN:53,(anonymous_1)
FN:67,(anonymous_2)
FN:74,(anonymous_3)
FN:84,(anonymous_4)
FN:90,(anonymous_5)
FN:96,(anonymous_6)
FN:98,(anonymous_7)
FN:105,(anonymous_8)
FN:114,(anonymous_9)
FN:116,(anonymous_10)
FN:122,(anonymous_11)
FN:126,(anonymous_12)
FN:136,(anonymous_13)
FN:137,(anonymous_14)
FN:145,(anonymous_15)
FN:151,(anonymous_16)
FN:157,(anonymous_17)
FN:158,(anonymous_18)
FN:162,(anonymous_19)
FN:164,(anonymous_20)
FN:170,(anonymous_21)
FN:171,(anonymous_22)
FN:176,(anonymous_23)
FN:181,(anonymous_24)
FNF:25
FNH:22
FNDA:1,(anonymous_0)
FNDA:1,(anonymous_1)
FNDA:1,(anonymous_2)
FNDA:1,(anonymous_3)
FNDA:1,(anonymous_4)
FNDA:1,(anonymous_5)
FNDA:2,(anonymous_6)
FNDA:1,(anonymous_7)
FNDA:1,(anonymous_8)
FNDA:1,(anonymous_9)
FNDA:1,(anonymous_10)
FNDA:1,(anonymous_11)
FNDA:1,(anonymous_12)
FNDA:1,(anonymous_13)
FNDA:1,(anonymous_14)
FNDA:1,(anonymous_15)
FNDA:1,(anonymous_16)
FNDA:17,(anonymous_17)
FNDA:17,(anonymous_18)
FNDA:1,(anonymous_19)
FNDA:1,(anonymous_20)
FNDA:0,(anonymous_21)
FNDA:0,(anonymous_22)
FNDA:0,(anonymous_23)
FNDA:17,(anonymous_24)
DA:14,1
DA:44,1
DA:45,1
DA:46,1
DA:47,1
DA:53,1
DA:54,1
DA:55,1
DA:56,1
DA:64,1
DA:67,1
DA:68,1
DA:74,1
DA:75,1
DA:84,1
DA:85,1
DA:90,1
DA:91,1
DA:96,1
DA:97,2
DA:98,1
DA:105,1
DA:114,1
DA:115,1
DA:116,1
DA:122,1
DA:123,1
DA:124,1
DA:125,1
DA:126,1
DA:136,1
DA:137,1
DA:145,1
DA:146,1
DA:147,1
DA:148,1
DA:151,1
DA:152,1
DA:153,1
DA:154,1
DA:157,1
DA:158,17
DA:159,17
DA:162,1
DA:163,1
DA:164,1
DA:170,1
DA:171,0
DA:176,1
DA:177,0
DA:178,0
DA:184,17
DA:185,17
DA:226,3
DA:237,3
LF:55
LH:52
BRDA:97,0,0,1
BRDA:97,0,1,1
BRF:2
BRH:2
end_of_record
TN:
SF:/Users/innocentlou/Documents/React/healthid-fe/src/components/sell/salesHistory/savePrintPopper.js
FN:10,(anonymous_0)
FN:32,(anonymous_1)
FN:39,(anonymous_2)
FN:44,(anonymous_3)
FN:52,(anonymous_4)
FNF:5
FNH:5
FNDA:18,(anonymous_0)
FNDA:19,(anonymous_1)
FNDA:22,(anonymous_2)
FNDA:1,(anonymous_3)
FNDA:1,(anonymous_4)
DA:10,4
DA:17,18
DA:21,18
DA:23,18
DA:33,19
DA:40,22
DA:44,1
DA:52,1
DA:68,4
DA:76,4
LF:10
LH:10
BRF:0
BRH:0
end_of_record
TN:
SF:/Users/innocentlou/Documents/React/healthid-fe/src/components/sell/salesHistory/searchPopper.js
FN:37,(anonymous_0)
FN:62,(anonymous_1)
FN:78,(anonymous_2)
FN:90,(anonymous_3)
FN:103,(anonymous_4)
FN:108,(anonymous_5)
FN:120,(anonymous_6)
FN:129,(anonymous_7)
FNF:8
FNH:6
FNDA:21,(anonymous_0)
FNDA:9,(anonymous_1)
FNDA:0,(anonymous_2)
FNDA:0,(anonymous_3)
FNDA:1,(anonymous_4)
FNDA:9,(anonymous_5)
FNDA:1,(anonymous_6)
FNDA:1,(anonymous_7)
DA:15,4
DA:37,4
DA:45,21
DA:50,21
DA:52,21
DA:63,9
DA:78,0
DA:90,0
DA:103,1
DA:109,9
DA:120,1
DA:129,1
DA:143,4
DA:152,4
LF:14
LH:12
BRF:0
BRH:0
end_of_record
TN:
SF:/Users/innocentlou/Documents/React/healthid-fe/src/components/sell/salesHistory/tableContent.js
FN:8,(anonymous_0)
FN:22,(anonymous_1)
FNF:2
FNH:2
FNDA:1,(anonymous_0)
FNDA:1,(anonymous_1)
DA:8,3
DA:15,1
DA:25,1
DA:26,1
DA:46,3
DA:54,3
LF:6
LH:6
BRF:0
BRH:0
end_of_record
TN:
SF:/Users/innocentlou/Documents/React/healthid-fe/src/components/sell/salesHistory/tableHeader.js
FN:9,(anonymous_0)
FN:15,(anonymous_1)
FNF:2
FNH:2
FNDA:1,(anonymous_0)
FNDA:1,(anonymous_1)
DA:9,3
DA:13,1
DA:16,1
DA:28,3
DA:33,3
LF:5
LH:5
BRF:0
BRH:0
end_of_record
TN:
SF:/Users/innocentlou/Documents/React/healthid-fe/src/components/sell/salesHistory/toolbar.js
FN:11,(anonymous_0)
FNF:1
FNH:1
FNDA:17,(anonymous_0)
DA:11,3
DA:21,17
DA:23,17
DA:95,3
DA:106,3
LF:5
LH:5
BRDA:26,0,0,15
BRDA:26,0,1,2
BRF:2
BRH:2
end_of_record
TN:
SF:/Users/innocentlou/Documents/React/healthid-fe/src/components/sell/salesHistory/utils/docService.js
FN:4,(anonymous_0)
FNF:1
FNH:0
FNDA:0,(anonymous_0)
DA:4,4
DA:5,0
DA:17,4
LF:3
LH:2
BRF:0
BRH:0
end_of_record
TN:
SF:/Users/innocentlou/Documents/React/healthid-fe/src/components/setup/Stepper.js
FN:140,(anonymous_0)
FN:145,(anonymous_1)
FN:204,(anonymous_2)
FN:227,(anonymous_3)
FN:255,(anonymous_4)
FN:256,(anonymous_5)
FN:265,(anonymous_6)
FN:283,(anonymous_7)
FN:297,(anonymous_8)
FN:321,(anonymous_9)
FN:350,(anonymous_10)
FN:359,(anonymous_11)
FN:372,(anonymous_12)
FN:384,(anonymous_13)
FN:394,(anonymous_14)
FN:407,(anonymous_15)
FN:483,(anonymous_16)
FN:493,(anonymous_17)
FN:495,(anonymous_18)
FN:503,(anonymous_19)
FN:505,(anonymous_20)
FN:519,(anonymous_21)
FN:529,(anonymous_22)
FN:536,(anonymous_23)
FN:540,(anonymous_24)
FN:548,(anonymous_25)
FN:549,(anonymous_26)
FN:565,(anonymous_27)
FN:565,(anonymous_28)
FN:566,(anonymous_29)
FN:574,(anonymous_30)
FN:583,(anonymous_31)
FN:587,(anonymous_32)
FN:592,(anonymous_33)
FN:593,(anonymous_34)
FN:595,(anonymous_35)
FN:599,(anonymous_36)
FN:606,(anonymous_37)
FN:612,(anonymous_38)
FN:629,(anonymous_39)
FN:680,(anonymous_40)
FN:684,(anonymous_41)
FN:694,(anonymous_42)
FN:698,(anonymous_43)
FN:711,(anonymous_44)
FN:718,(anonymous_45)
FN:729,(anonymous_46)
FN:767,(anonymous_47)
FN:773,(anonymous_48)
FN:777,(anonymous_49)
FN:781,(anonymous_50)
FN:781,(anonymous_51)
FN:785,(anonymous_52)
FN:813,(anonymous_53)
FN:823,(anonymous_54)
FN:848,(anonymous_55)
FN:851,(anonymous_56)
FN:857,(anonymous_57)
FN:896,(anonymous_58)
FN:907,(anonymous_59)
FN:913,(anonymous_60)
FN:941,(anonymous_61)
FN:952,(anonymous_62)
FN:955,(anonymous_63)
FN:962,(anonymous_64)
FN:972,(anonymous_65)
FN:1009,(anonymous_66)
FN:1013,(anonymous_67)
FN:1023,(anonymous_68)
FN:1037,(anonymous_69)
FN:1040,(anonymous_70)
FN:1048,(anonymous_71)
FN:1056,(anonymous_72)
FN:1084,(anonymous_73)
FN:1091,(anonymous_74)
FN:1095,(anonymous_75)
FN:1105,(anonymous_76)
FN:1115,(anonymous_77)
FN:1154,(anonymous_78)
FN:1156,(anonymous_79)
FN:1166,(anonymous_80)
FN:1179,(anonymous_81)
FN:1182,(anonymous_82)
FN:1191,(anonymous_83)
FN:1199,(anonymous_84)
FN:1204,(anonymous_85)
FN:1206,(anonymous_86)
FN:1208,(anonymous_87)
FN:1213,(anonymous_88)
FN:1218,(anonymous_89)
FN:1221,(anonymous_90)
FN:1226,(anonymous_91)
FN:1238,(anonymous_92)
FN:1252,(anonymous_93)
FN:1283,(anonymous_94)
FN:1288,(anonymous_95)
FN:1308,(anonymous_96)
FN:1323,(anonymous_97)
FN:1328,(anonymous_98)
FN:1334,(anonymous_99)
FN:1359,(anonymous_100)
FNF:101
FNH:83
FNDA:0,(anonymous_0)
FNDA:222,(anonymous_1)
FNDA:1,(anonymous_2)
FNDA:1,(anonymous_3)
FNDA:2,(anonymous_4)
FNDA:2,(anonymous_5)
FNDA:5,(anonymous_6)
FNDA:4,(anonymous_7)
FNDA:5,(anonymous_8)
FNDA:4,(anonymous_9)
FNDA:4,(anonymous_10)
FNDA:25,(anonymous_11)
FNDA:11,(anonymous_12)
FNDA:9,(anonymous_13)
FNDA:9,(anonymous_14)
FNDA:13,(anonymous_15)
FNDA:3,(anonymous_16)
FNDA:2,(anonymous_17)
FNDA:1,(anonymous_18)
FNDA:2,(anonymous_19)
FNDA:1,(anonymous_20)
FNDA:2,(anonymous_21)
FNDA:0,(anonymous_22)
FNDA:1,(anonymous_23)
FNDA:1,(anonymous_24)
FNDA:1,(anonymous_25)
FNDA:0,(anonymous_26)
FNDA:0,(anonymous_27)
FNDA:0,(anonymous_28)
FNDA:0,(anonymous_29)
FNDA:1,(anonymous_30)
FNDA:0,(anonymous_31)
FNDA:0,(anonymous_32)
FNDA:4,(anonymous_33)
FNDA:4,(anonymous_34)
FNDA:4,(anonymous_35)
FNDA:1,(anonymous_36)
FNDA:0,(anonymous_37)
FNDA:2,(anonymous_38)
FNDA:2,(anonymous_39)
FNDA:1,(anonymous_40)
FNDA:3,(anonymous_41)
FNDA:4,(anonymous_42)
FNDA:2,(anonymous_43)
FNDA:2,(anonymous_44)
FNDA:1,(anonymous_45)
FNDA:16,(anonymous_46)
FNDA:1,(anonymous_47)
FNDA:1,(anonymous_48)
FNDA:1,(anonymous_49)
FNDA:1,(anonymous_50)
FNDA:1,(anonymous_51)
FNDA:3,(anonymous_52)
FNDA:1,(anonymous_53)
FNDA:1,(anonymous_54)
FNDA:1,(anonymous_55)
FNDA:1,(anonymous_56)
FNDA:4,(anonymous_57)
FNDA:4,(anonymous_58)
FNDA:4,(anonymous_59)
FNDA:3,(anonymous_60)
FNDA:3,(anonymous_61)
FNDA:3,(anonymous_62)
FNDA:1,(anonymous_63)
FNDA:0,(anonymous_64)
FNDA:3,(anonymous_65)
FNDA:3,(anonymous_66)
FNDA:0,(anonymous_67)
FNDA:4,(anonymous_68)
FNDA:4,(anonymous_69)
FNDA:8,(anonymous_70)
FNDA:0,(anonymous_71)
FNDA:2,(anonymous_72)
FNDA:2,(anonymous_73)
FNDA:0,(anonymous_74)
FNDA:0,(anonymous_75)
FNDA:2,(anonymous_76)
FNDA:1,(anonymous_77)
FNDA:1,(anonymous_78)
FNDA:0,(anonymous_79)
FNDA:2,(anonymous_80)
FNDA:2,(anonymous_81)
FNDA:0,(anonymous_82)
FNDA:2,(anonymous_83)
FNDA:2,(anonymous_84)
FNDA:2,(anonymous_85)
FNDA:0,(anonymous_86)
FNDA:2,(anonymous_87)
FNDA:1,(anonymous_88)
FNDA:1,(anonymous_89)
FNDA:0,(anonymous_90)
FNDA:2,(anonymous_91)
FNDA:3,(anonymous_92)
FNDA:5,(anonymous_93)
FNDA:4,(anonymous_94)
FNDA:2,(anonymous_95)
FNDA:1,(anonymous_96)
FNDA:1,(anonymous_97)
FNDA:1,(anonymous_98)
FNDA:214,(anonymous_99)
FNDA:852,(anonymous_100)
DA:40,1
DA:42,1
DA:45,6
DA:141,0
DA:145,6
DA:146,222
DA:148,183
DA:158,16
DA:173,3
DA:189,13
DA:200,7
DA:204,6
DA:205,1
DA:206,1
DA:227,6
DA:233,1
DA:234,1
DA:255,6
DA:256,2
DA:265,6
DA:272,5
DA:274,5
DA:277,5
DA:278,4
DA:280,5
DA:283,6
DA:290,4
DA:292,4
DA:293,4
DA:294,4
DA:297,6
DA:306,5
DA:308,5
DA:315,5
DA:316,1
DA:318,5
DA:321,6
DA:331,4
DA:333,4
DA:337,4
DA:338,2
DA:344,4
DA:345,1
DA:347,4
DA:350,6
DA:351,4
DA:352,4
DA:353,4
DA:354,1
DA:356,4
DA:359,6
DA:360,25
DA:362,25
DA:363,0
DA:364,25
DA:365,0
DA:367,25
DA:369,25
DA:372,6
DA:373,11
DA:376,11
DA:377,1
DA:379,10
DA:381,11
DA:384,6
DA:385,9
DA:387,9
DA:394,9
DA:396,9
DA:397,2
DA:399,9
DA:400,2
DA:402,9
DA:403,3
DA:407,6
DA:427,13
DA:429,13
DA:432,12
DA:440,4
DA:442,8
DA:444,12
DA:447,1
DA:454,0
DA:456,1
DA:458,1
DA:460,0
DA:461,0
DA:463,0
DA:465,0
DA:467,0
DA:469,0
DA:471,0
DA:472,0
DA:474,0
DA:476,0
DA:478,0
DA:483,6
DA:484,3
DA:485,3
DA:486,3
DA:487,1
DA:489,2
DA:493,6
DA:494,2
DA:495,2
DA:496,1
DA:497,1
DA:499,1
DA:503,6
DA:504,2
DA:505,2
DA:506,1
DA:507,1
DA:508,1
DA:514,1
DA:519,6
DA:520,2
DA:521,1
DA:526,1
DA:527,1
DA:529,0
DA:532,1
DA:536,6
DA:537,1
DA:540,6
DA:541,1
DA:542,1
DA:543,1
DA:544,1
DA:546,1
DA:548,1
DA:549,1
DA:550,0
DA:561,0
DA:563,1
DA:565,0
DA:566,0
DA:567,0
DA:568,0
DA:571,1
DA:574,6
DA:575,1
DA:576,1
DA:577,1
DA:578,1
DA:579,1
DA:581,1
DA:584,0
DA:585,0
DA:586,0
DA:588,0
DA:592,6
DA:593,4
DA:595,4
DA:599,6
DA:604,1
DA:606,1
DA:607,0
DA:608,0
DA:612,6
DA:613,2
DA:614,2
DA:615,2
DA:616,1
DA:621,2
DA:622,1
DA:629,6
DA:642,2
DA:643,1
DA:644,1
DA:646,2
DA:647,2
DA:680,6
DA:681,1
DA:684,6
DA:685,3
DA:686,3
DA:687,3
DA:688,3
DA:689,3
DA:690,2
DA:694,6
DA:695,4
DA:698,6
DA:699,2
DA:700,2
DA:701,2
DA:702,2
DA:706,2
DA:707,1
DA:711,6
DA:712,2
DA:713,2
DA:714,1
DA:715,1
DA:718,6
DA:719,1
DA:729,6
DA:730,16
DA:732,16
DA:734,4
DA:735,4
DA:736,1
DA:737,1
DA:740,4
DA:743,4
DA:744,4
DA:745,3
DA:748,4
DA:750,2
DA:751,2
DA:754,5
DA:755,5
DA:756,1
DA:758,4
DA:759,4
DA:761,4
DA:763,1
DA:767,6
DA:768,1
DA:769,1
DA:770,1
DA:773,6
DA:774,1
DA:777,6
DA:778,1
DA:781,6
DA:782,1
DA:785,6
DA:791,3
DA:793,3
DA:794,2
DA:796,1
DA:797,0
DA:799,1
DA:800,1
DA:801,1
DA:802,0
DA:811,1
DA:813,1
DA:814,1
DA:815,1
DA:818,1
DA:823,6
DA:824,1
DA:834,1
DA:836,1
DA:838,1
DA:849,1
DA:850,0
DA:852,1
DA:853,1
DA:857,6
DA:858,4
DA:875,4
DA:877,4
DA:879,4
DA:897,4
DA:898,0
DA:899,0
DA:908,4
DA:909,4
DA:913,6
DA:914,3
DA:926,3
DA:928,3
DA:929,3
DA:942,3
DA:943,3
DA:944,3
DA:947,3
DA:948,3
DA:949,1
DA:951,3
DA:953,3
DA:954,1
DA:955,1
DA:963,0
DA:964,0
DA:972,6
DA:989,3
DA:990,3
DA:991,3
DA:1010,3
DA:1011,3
DA:1012,3
DA:1014,0
DA:1015,0
DA:1023,6
DA:1029,4
DA:1030,4
DA:1031,4
DA:1038,4
DA:1039,4
DA:1040,8
DA:1042,4
DA:1049,0
DA:1050,0
DA:1056,6
DA:1057,2
DA:1070,2
DA:1071,2
DA:1072,2
DA:1085,2
DA:1086,0
DA:1087,0
DA:1088,0
DA:1090,0
DA:1092,0
DA:1093,0
DA:1094,0
DA:1095,0
DA:1097,0
DA:1106,2
DA:1107,2
DA:1115,6
DA:1133,1
DA:1134,1
DA:1135,1
DA:1155,1
DA:1157,0
DA:1158,0
DA:1166,6
DA:1171,2
DA:1172,2
DA:1173,2
DA:1174,2
DA:1180,2
DA:1181,0
DA:1182,0
DA:1184,0
DA:1192,2
DA:1193,2
DA:1199,6
DA:1200,2
DA:1201,2
DA:1202,2
DA:1205,2
DA:1206,0
DA:1207,0
DA:1209,2
DA:1213,6
DA:1214,1
DA:1215,1
DA:1216,1
DA:1219,1
DA:1220,1
DA:1222,0
DA:1226,6
DA:1227,2
DA:1228,2
DA:1230,2
DA:1238,6
DA:1239,3
DA:1240,3
DA:1241,0
DA:1243,3
DA:1244,0
DA:1246,3
DA:1247,0
DA:1249,3
DA:1252,6
DA:1253,5
DA:1266,5
DA:1269,5
DA:1270,5
DA:1271,4
DA:1284,4
DA:1285,3
DA:1286,1
DA:1288,2
DA:1306,2
DA:1309,1
DA:1312,1
DA:1324,1
DA:1327,1
DA:1329,1
DA:1337,214
DA:1338,214
DA:1340,214
DA:1360,852
DA:1467,1
DA:1485,1
DA:1486,1
DA:1487,1
DA:1488,1
DA:1489,1
DA:1490,1
DA:1491,1
DA:1492,1
DA:1493,1
DA:1494,1
DA:1495,1
DA:1496,1
DA:1497,1
DA:1498,1
DA:1499,1
DA:1500,1
LF:398
LH:339
BRDA:141,0,0,0
BRDA:141,0,1,0
BRDA:146,1,0,183
BRDA:146,1,1,16
BRDA:146,1,2,3
BRDA:146,1,3,13
BRDA:146,1,4,7
BRDA:274,2,0,5
BRDA:274,2,1,2
BRDA:274,2,2,1
BRDA:274,2,3,1
BRDA:274,2,4,1
BRDA:277,3,0,4
BRDA:277,3,1,1
BRDA:292,4,0,4
BRDA:292,4,1,2
BRDA:292,4,2,2
BRDA:292,4,3,2
BRDA:292,4,4,2
BRDA:293,5,0,4
BRDA:293,5,1,2
BRDA:308,6,0,5
BRDA:308,6,1,4
BRDA:308,6,2,4
BRDA:308,6,3,4
BRDA:308,6,4,4
BRDA:308,6,5,4
BRDA:308,6,6,4
BRDA:315,7,0,1
BRDA:315,7,1,4
BRDA:333,8,0,4
BRDA:333,8,1,4
BRDA:333,8,2,4
BRDA:333,8,3,3
BRDA:333,8,4,3
BRDA:333,8,5,3
BRDA:337,9,0,2
BRDA:337,9,1,2
BRDA:339,10,0,2
BRDA:339,10,1,2
BRDA:339,10,2,2
BRDA:339,10,3,1
BRDA:339,10,4,1
BRDA:339,10,5,1
BRDA:339,10,6,1
BRDA:344,11,0,1
BRDA:344,11,1,3
BRDA:353,12,0,1
BRDA:353,12,1,3
BRDA:362,13,0,0
BRDA:362,13,1,25
BRDA:364,14,0,0
BRDA:364,14,1,25
BRDA:376,15,0,1
BRDA:376,15,1,10
BRDA:396,16,0,2
BRDA:396,16,1,7
BRDA:399,17,0,2
BRDA:399,17,1,7
BRDA:402,18,0,3
BRDA:402,18,1,6
BRDA:429,19,0,12
BRDA:429,19,1,1
BRDA:429,19,2,0
BRDA:429,19,3,0
BRDA:429,19,4,0
BRDA:432,20,0,4
BRDA:432,20,1,8
BRDA:433,21,0,12
BRDA:433,21,1,11
BRDA:433,21,2,10
BRDA:433,21,3,10
BRDA:433,21,4,10
BRDA:433,21,5,10
BRDA:447,22,0,0
BRDA:447,22,1,1
BRDA:448,23,0,1
BRDA:448,23,1,1
BRDA:448,23,2,1
BRDA:448,23,3,1
BRDA:448,23,4,1
BRDA:460,24,0,0
BRDA:460,24,1,0
BRDA:460,25,0,0
BRDA:460,25,1,0
BRDA:460,25,2,0
BRDA:463,26,0,0
BRDA:463,26,1,0
BRDA:463,27,0,0
BRDA:463,27,1,0
BRDA:471,28,0,0
BRDA:471,28,1,0
BRDA:471,29,0,0
BRDA:471,29,1,0
BRDA:471,29,2,0
BRDA:486,30,0,1
BRDA:486,30,1,2
BRDA:495,31,0,2
BRDA:495,31,1,2
BRDA:496,32,0,1
BRDA:496,32,1,0
BRDA:506,33,0,1
BRDA:506,33,1,0
BRDA:520,34,0,1
BRDA:520,34,1,1
BRDA:520,35,0,2
BRDA:520,35,1,1
BRDA:579,36,0,1
BRDA:579,36,1,0
BRDA:615,37,0,1
BRDA:615,37,1,1
BRDA:621,38,0,1
BRDA:621,38,1,1
BRDA:642,39,0,1
BRDA:642,39,1,1
BRDA:642,40,0,2
BRDA:642,40,1,2
BRDA:646,41,0,1
BRDA:646,41,1,1
BRDA:658,42,0,1
BRDA:658,42,1,1
BRDA:659,43,0,1
BRDA:659,43,1,1
BRDA:660,44,0,1
BRDA:660,44,1,1
BRDA:661,45,0,1
BRDA:661,45,1,1
BRDA:662,46,0,1
BRDA:662,46,1,1
BRDA:663,47,0,1
BRDA:663,47,1,1
BRDA:664,48,0,1
BRDA:664,48,1,1
BRDA:665,49,0,1
BRDA:665,49,1,1
BRDA:666,50,0,1
BRDA:666,50,1,1
BRDA:667,51,0,1
BRDA:667,51,1,1
BRDA:668,52,0,1
BRDA:668,52,1,1
BRDA:669,53,0,1
BRDA:669,53,1,1
BRDA:670,54,0,1
BRDA:670,54,1,1
BRDA:671,55,0,1
BRDA:671,55,1,1
BRDA:672,56,0,1
BRDA:672,56,1,1
BRDA:673,57,0,1
BRDA:673,57,1,1
BRDA:687,58,0,3
BRDA:687,58,1,0
BRDA:689,59,0,1
BRDA:689,59,1,2
BRDA:689,60,0,3
BRDA:689,60,1,1
BRDA:701,61,0,2
BRDA:701,61,1,0
BRDA:706,62,0,1
BRDA:706,62,1,1
BRDA:713,63,0,1
BRDA:713,63,1,1
BRDA:713,64,0,2
BRDA:713,64,1,1
BRDA:732,65,0,4
BRDA:732,65,1,4
BRDA:732,65,2,2
BRDA:732,65,3,5
BRDA:732,65,4,1
BRDA:735,66,0,1
BRDA:735,66,1,3
BRDA:744,67,0,3
BRDA:744,67,1,1
BRDA:755,68,0,1
BRDA:755,68,1,4
BRDA:755,69,0,5
BRDA:755,69,1,3
BRDA:759,70,0,4
BRDA:759,70,1,2
BRDA:793,71,0,2
BRDA:793,71,1,1
BRDA:793,72,0,3
BRDA:793,72,1,1
BRDA:793,72,2,1
BRDA:796,73,0,0
BRDA:796,73,1,1
BRDA:796,74,0,1
BRDA:796,74,1,1
BRDA:796,74,2,1
BRDA:801,75,0,0
BRDA:801,75,1,1
BRDA:813,76,0,1
BRDA:813,76,1,1
BRDA:814,77,0,1
BRDA:814,77,1,0
BRDA:948,78,0,1
BRDA:948,78,1,2
BRDA:953,79,0,1
BRDA:953,79,1,2
BRDA:1087,80,0,0
BRDA:1087,80,1,0
BRDA:1092,81,0,0
BRDA:1092,81,1,0
BRDA:1240,82,0,0
BRDA:1240,82,1,3
BRDA:1243,83,0,0
BRDA:1243,83,1,3
BRDA:1246,84,0,0
BRDA:1246,84,1,3
BRDA:1270,85,0,4
BRDA:1270,85,1,1
BRDA:1285,86,0,1
BRDA:1285,86,1,2
BRDA:1342,87,0,1
BRDA:1342,87,1,213
BRDA:1345,88,0,1
BRDA:1345,88,1,213
BRDA:1374,89,0,213
BRDA:1374,89,1,34
BRDA:1374,89,2,29
BRDA:1374,89,3,192
BRDA:1374,89,4,187
BRDA:1374,89,5,2
BRDA:1374,89,6,21
BRDA:1385,90,0,213
BRDA:1385,90,1,5
BRDA:1385,90,2,5
BRDA:1396,91,0,12
BRDA:1396,91,1,201
BRDA:1399,92,0,201
BRDA:1399,92,1,153
BRDA:1401,93,0,144
BRDA:1401,93,1,9
BRDA:1410,94,0,0
BRDA:1410,94,1,144
BRDA:1414,95,0,3
BRDA:1414,95,1,6
BRDA:1414,96,0,9
BRDA:1414,96,1,6
BRDA:1423,97,0,3
BRDA:1423,97,1,0
BRDA:1426,98,0,1
BRDA:1426,98,1,5
BRDA:1461,99,0,214
BRDA:1461,99,1,213
BRF:246
BRH:207
end_of_record
TN:
SF:/Users/innocentlou/Documents/React/healthid-fe/src/components/setup/adminSetup.js
FN:8,(anonymous_0)
FNF:1
FNH:1
FNDA:6,(anonymous_0)
DA:8,2
DA:25,6
DA:27,6
DA:156,2
LF:4
LH:4
BRDA:40,0,0,1
BRDA:40,0,1,5
BRDA:41,1,0,1
BRDA:41,1,1,5
BRDA:55,2,0,1
BRDA:55,2,1,5
BRDA:56,3,0,1
BRDA:56,3,1,5
BRDA:70,4,0,1
BRDA:70,4,1,5
BRDA:71,5,0,1
BRDA:71,5,1,5
BRDA:85,6,0,1
BRDA:85,6,1,5
BRDA:86,7,0,1
BRDA:86,7,1,5
BRDA:103,8,0,1
BRDA:103,8,1,5
BRDA:104,9,0,1
BRDA:104,9,1,5
BRDA:116,10,0,1
BRDA:116,10,1,5
BRDA:117,11,0,1
BRDA:117,11,1,5
BRDA:133,12,0,1
BRDA:133,12,1,5
BRDA:134,13,0,1
BRDA:134,13,1,5
BRF:28
BRH:28
end_of_record
TN:
SF:/Users/innocentlou/Documents/React/healthid-fe/src/components/setup/businessSetup.js
FN:9,(anonymous_0)
FNF:1
FNH:1
FNDA:1,(anonymous_0)
DA:9,2
DA:19,1
DA:37,1
DA:39,1
DA:236,2
LF:5
LH:5
BRDA:52,0,0,0
BRDA:52,0,1,1
BRDA:53,1,0,0
BRDA:53,1,1,1
BRDA:67,2,0,0
BRDA:67,2,1,1
BRDA:68,3,0,0
BRDA:68,3,1,1
BRDA:82,4,0,0
BRDA:82,4,1,1
BRDA:83,5,0,0
BRDA:83,5,1,1
BRDA:121,6,0,0
BRDA:121,6,1,1
BRDA:122,7,0,0
BRDA:122,7,1,1
BRDA:136,8,0,0
BRDA:136,8,1,1
BRDA:137,9,0,0
BRDA:137,9,1,1
BRDA:151,10,0,0
BRDA:151,10,1,1
BRDA:152,11,0,0
BRDA:152,11,1,1
BRDA:166,12,0,0
BRDA:166,12,1,1
BRDA:167,13,0,0
BRDA:167,13,1,1
BRF:28
BRH:14
end_of_record
TN:
SF:/Users/innocentlou/Documents/React/healthid-fe/src/components/setup/fileUpload.js
FN:11,(anonymous_0)
FN:22,(anonymous_1)
FN:40,(anonymous_2)
FNF:3
FNH:2
FNDA:3,(anonymous_0)
FNDA:0,(anonymous_1)
FNDA:2,(anonymous_2)
DA:11,3
DA:19,3
DA:22,3
DA:25,3
DA:43,2
DA:76,3
LF:6
LH:6
BRDA:27,0,0,1
BRDA:27,0,1,2
BRDA:45,1,0,2
BRDA:45,1,1,0
BRDA:45,1,2,0
BRDA:46,2,0,2
BRDA:46,2,1,0
BRDA:50,3,0,1
BRDA:50,3,1,1
BRF:9
BRH:6
end_of_record
TN:
SF:/Users/innocentlou/Documents/React/healthid-fe/src/components/setup/finalScreen.js
FN:10,(anonymous_0)
FNF:1
FNH:1
FNDA:2,(anonymous_0)
DA:10,4
DA:11,2
LF:2
LH:2
BRF:0
BRH:0
end_of_record
TN:
SF:/Users/innocentlou/Documents/React/healthid-fe/src/components/setup/invitedUsers.jsx
FN:11,(anonymous_0)
FN:27,(anonymous_1)
FN:42,(anonymous_2)
FNF:3
FNH:3
FNDA:2,(anonymous_0)
FNDA:4,(anonymous_1)
FNDA:1,(anonymous_2)
DA:11,3
DA:12,2
DA:13,2
DA:14,2
DA:28,4
DA:42,1
DA:78,3
LF:7
LH:7
BRDA:28,0,0,4
BRDA:28,0,1,2
BRDA:32,1,0,1
BRDA:32,1,1,1
BRF:4
BRH:4
end_of_record
TN:
SF:/Users/innocentlou/Documents/React/healthid-fe/src/components/setup/outletList.js
FN:14,(anonymous_0)
FN:61,(anonymous_1)
FN:91,(anonymous_2)
FN:98,(anonymous_3)
FN:108,(anonymous_4)
FNF:5
FNH:5
FNDA:1,(anonymous_0)
FNDA:1,(anonymous_1)
FNDA:1,(anonymous_2)
FNDA:1,(anonymous_3)
FNDA:1,(anonymous_4)
DA:14,3
DA:25,1
DA:27,1
[...]
FN:31,(anonymous_3)
FN:41,(anonymous_4)
FNF:5
FNH:4
FNDA:6,(anonymous_0)
FNDA:0,(anonymous_1)
FNDA:8,(anonymous_2)
FNDA:10,(anonymous_3)
FNDA:10,(anonymous_4)
DA:13,6
DA:16,6
DA:19,0
DA:25,8
DA:31,10
DA:41,10
DA:51,6
LF:7
LH:6
BRF:0
BRH:0
end_of_record
TN:
SF:/Users/innocentlou/Documents/React/healthid-fe/src/container/stock/BatchCard.js
FN:14,(anonymous_0)
FN:23,(anonymous_1)
FN:33,(anonymous_2)
FN:34,(anonymous_3)
FN:44,(anonymous_4)
FN:52,(anonymous_5)
FN:56,(anonymous_6)
FN:65,(anonymous_7)
FNF:8
FNH:6
FNDA:14,(anonymous_0)
FNDA:6,(anonymous_1)
FNDA:0,(anonymous_2)
FNDA:2,(anonymous_3)
FNDA:42,(anonymous_4)
FNDA:0,(anonymous_5)
FNDA:44,(anonymous_6)
FNDA:6,(anonymous_7)
DA:14,4
DA:19,14
DA:20,14
DA:21,14
DA:23,14
DA:24,6
DA:27,6
DA:29,6
DA:30,4
DA:32,2
DA:33,0
DA:34,2
DA:35,2
DA:39,14
DA:47,42
DA:52,0
DA:57,44
DA:65,6
DA:76,4
LF:19
LH:17
BRDA:29,0,0,4
BRDA:29,0,1,2
BRDA:43,1,0,14
BRDA:43,1,1,0
BRF:4
BRH:3
end_of_record
TN:
SF:/Users/innocentlou/Documents/React/healthid-fe/src/container/stock/CalendarPopper.js
FN:35,(anonymous_0)
FN:54,(anonymous_1)
FNF:2
FNH:2
FNDA:99,(anonymous_0)
FNDA:3,(anonymous_1)
DA:13,1
DA:35,1
DA:40,99
DA:42,99
DA:54,3
DA:62,1
LF:6
LH:6
BRF:0
BRH:0
end_of_record
TN:
SF:/Users/innocentlou/Documents/React/healthid-fe/src/container/stock/ProposedEdits.js
FN:16,(anonymous_0)
FN:19,(anonymous_1)
FN:29,(anonymous_2)
FN:30,(anonymous_3)
FN:35,(anonymous_4)
FN:50,(anonymous_5)
FNF:6
FNH:5
FNDA:7,(anonymous_0)
FNDA:10,(anonymous_1)
FNDA:0,(anonymous_2)
FNDA:10,(anonymous_3)
FNDA:8,(anonymous_4)
FNDA:4,(anonymous_5)
DA:16,5
DA:17,7
DA:19,7
DA:20,10
DA:21,10
DA:26,10
DA:28,10
DA:29,0
DA:30,10
DA:33,7
DA:36,8
DA:37,3
DA:39,5
DA:40,1
DA:47,4
DA:48,4
DA:51,4
DA:92,5
LF:18
LH:17
BRDA:26,0,0,5
BRDA:26,0,1,5
BRDA:36,1,0,3
BRDA:36,1,1,5
BRDA:39,2,0,1
BRDA:39,2,1,4
BRDA:49,3,0,4
BRDA:49,3,1,0
BRDA:60,4,0,4
BRDA:60,4,1,0
BRF:10
BRH:8
end_of_record
TN:
SF:/Users/innocentlou/Documents/React/healthid-fe/src/containers/productDetail.js
FN:10,(anonymous_0)
FN:15,(anonymous_1)
FNF:2
FNH:2
FNDA:2,(anonymous_0)
FNDA:5,(anonymous_1)
DA:10,1
DA:11,2
DA:13,2
DA:16,5
DA:17,3
DA:19,1
DA:30,1
DA:35,1
LF:8
LH:8
BRDA:16,0,0,2
BRDA:16,0,1,3
BRDA:17,1,0,2
BRDA:17,1,1,1
BRF:4
BRH:4
end_of_record
TN:
SF:/Users/innocentlou/Documents/React/healthid-fe/src/containers/salesHistoryContainer.js
FN:19,(anonymous_0)
FN:27,(anonymous_1)
FN:37,(anonymous_2)
FN:48,(anonymous_3)
FN:54,(anonymous_4)
FN:64,(anonymous_5)
FN:71,(anonymous_6)
FN:71,(anonymous_7)
FN:76,(anonymous_8)
FN:77,(anonymous_9)
FN:98,(anonymous_10)
FN:107,(anonymous_11)
FN:109,(anonymous_12)
FNF:13
FNH:11
FNDA:1,(anonymous_0)
FNDA:1,(anonymous_1)
FNDA:2,(anonymous_2)
FNDA:1,(anonymous_3)
FNDA:1,(anonymous_4)
FNDA:1,(anonymous_5)
FNDA:1,(anonymous_6)
FNDA:1,(anonymous_7)
FNDA:1,(anonymous_8)
FNDA:1,(anonymous_9)
FNDA:17,(anonymous_10)
FNDA:0,(anonymous_11)
FNDA:0,(anonymous_12)
DA:12,1
DA:19,1
DA:20,1
DA:21,1
DA:22,1
DA:23,1
DA:24,1
DA:25,1
DA:26,1
DA:27,1
DA:28,1
DA:29,1
DA:32,1
DA:37,1
DA:38,2
DA:39,2
DA:40,1
DA:41,1
DA:42,1
DA:45,1
DA:48,1
DA:49,1
DA:50,1
DA:51,1
DA:52,1
DA:53,1
DA:54,1
DA:55,1
DA:56,1
DA:58,1
DA:64,1
DA:65,1
DA:66,1
DA:71,1
DA:76,1
DA:77,1
DA:80,1
DA:81,1
DA:82,1
DA:83,1
DA:84,1
DA:95,1
DA:99,17
DA:100,17
DA:101,17
DA:107,0
DA:110,0
DA:111,0
DA:113,0
DA:130,1
DA:134,1
LF:51
LH:47
BRDA:25,0,0,0
BRDA:25,0,1,1
BRDA:26,1,0,0
BRDA:26,1,1,1
BRDA:29,2,0,1
BRDA:29,2,1,1
BRDA:29,2,2,1
BRDA:29,2,3,1
BRDA:39,3,0,1
BRDA:39,3,1,1
BRDA:56,4,0,1
BRDA:56,4,1,1
BRDA:89,5,0,1
BRDA:89,5,1,0
BRDA:90,6,0,1
BRDA:90,6,1,0
BRDA:91,7,0,1
BRDA:91,7,1,0
BRDA:91,8,0,1
BRDA:91,8,1,0
BRDA:91,9,0,1
BRDA:91,9,1,0
BRDA:110,10,0,0
BRDA:110,10,1,0
BRDA:111,11,0,0
BRDA:111,11,1,0
BRF:26
BRH:15
end_of_record
TN:
SF:/Users/innocentlou/Documents/React/healthid-fe/src/containers/sellScreenContainer.js
FN:35,(anonymous_0)
FN:40,(anonymous_1)
FN:42,(anonymous_2)
FN:55,(anonymous_3)
FN:66,(anonymous_4)
FN:70,(anonymous_5)
FN:75,(anonymous_6)
FN:83,(anonymous_7)
FN:91,(anonymous_8)
FN:106,(anonymous_9)
FN:108,(anonymous_10)
FN:117,(anonymous_11)
FN:127,(anonymous_12)
FN:134,(anonymous_13)
FN:137,(anonymous_14)
FN:139,(anonymous_15)
FN:151,(anonymous_16)
FN:164,(anonymous_17)
FN:173,(anonymous_18)
FN:181,(anonymous_19)
FN:186,(anonymous_20)
FN:194,(anonymous_21)
FN:201,(anonymous_22)
FN:213,(anonymous_23)
FN:216,(anonymous_24)
FN:226,(anonymous_25)
FN:226,(anonymous_26)
FN:237,(anonymous_27)
FN:244,(anonymous_28)
FN:251,(anonymous_29)
FN:258,(anonymous_30)
FN:264,(anonymous_31)
FN:270,(anonymous_32)
FN:270,(anonymous_33)
FN:281,(anonymous_34)
FN:287,(anonymous_35)
FN:293,(anonymous_36)
FN:300,(anonymous_37)
FN:307,(anonymous_38)
FN:324,(anonymous_39)
FN:378,(anonymous_40)
FN:386,(anonymous_41)
FN:392,(anonymous_42)
FN:398,(anonymous_43)
FN:400,(anonymous_44)
FN:414,(anonymous_45)
FN:416,(anonymous_46)
FN:424,(anonymous_47)
FN:434,(anonymous_48)
FN:446,(anonymous_49)
FN:459,(anonymous_50)
FN:466,(anonymous_51)
FN:475,(anonymous_52)
FN:501,(anonymous_53)
FN:514,(anonymous_54)
FN:518,(anonymous_55)
FN:527,(anonymous_56)
FN:539,(anonymous_57)
FN:540,(anonymous_58)
FN:544,(anonymous_59)
FN:551,(anonymous_60)
FN:589,(anonymous_61)
FN:594,(anonymous_62)
FN:609,(anonymous_63)
FN:625,(anonymous_64)
FN:638,(anonymous_65)
FN:644,(anonymous_66)
FN:659,(anonymous_67)
FN:659,(anonymous_68)
FN:669,(anonymous_69)
FN:671,(anonymous_70)
FN:676,(anonymous_71)
FN:681,(anonymous_72)
FN:682,(anonymous_73)
FN:683,(anonymous_74)
FN:685,(anonymous_75)
FN:691,(anonymous_76)
FN:698,(anonymous_77)
FN:706,(anonymous_78)
FN:709,(anonymous_79)
FN:718,(anonymous_80)
FN:745,(anonymous_81)
FN:745,(anonymous_82)
FN:756,(anonymous_83)
FN:762,(anonymous_84)
FN:768,(anonymous_85)
FN:791,(anonymous_86)
FN:806,(anonymous_87)
FN:847,(anonymous_88)
FN:849,(anonymous_89)
FN:854,(anonymous_90)
FN:855,(anonymous_91)
FN:869,(anonymous_92)
FN:870,(anonymous_93)
FN:876,(anonymous_94)
FNF:95
FNH:86
FNDA:2,(anonymous_0)
FNDA:2,(anonymous_1)
FNDA:4,(anonymous_2)
FNDA:3,(anonymous_3)
FNDA:3,(anonymous_4)
FNDA:1,(anonymous_5)
FNDA:2,(anonymous_6)
FNDA:1,(anonymous_7)
FNDA:1,(anonymous_8)
FNDA:1,(anonymous_9)
FNDA:1,(anonymous_10)
FNDA:1,(anonymous_11)
FNDA:2,(anonymous_12)
FNDA:1,(anonymous_13)
FNDA:1,(anonymous_14)
FNDA:1,(anonymous_15)
FNDA:1,(anonymous_16)
FNDA:1,(anonymous_17)
FNDA:2,(anonymous_18)
FNDA:1,(anonymous_19)
FNDA:1,(anonymous_20)
FNDA:2,(anonymous_21)
FNDA:3,(anonymous_22)
FNDA:6,(anonymous_23)
FNDA:6,(anonymous_24)
FNDA:3,(anonymous_25)
FNDA:1,(anonymous_26)
FNDA:1,(anonymous_27)
FNDA:1,(anonymous_28)
FNDA:1,(anonymous_29)
FNDA:1,(anonymous_30)
FNDA:1,(anonymous_31)
FNDA:4,(anonymous_32)
FNDA:2,(anonymous_33)
FNDA:1,(anonymous_34)
FNDA:1,(anonymous_35)
FNDA:1,(anonymous_36)
FNDA:3,(anonymous_37)
FNDA:1,(anonymous_38)
FNDA:8,(anonymous_39)
FNDA:1,(anonymous_40)
FNDA:1,(anonymous_41)
FNDA:1,(anonymous_42)
FNDA:3,(anonymous_43)
FNDA:3,(anonymous_44)
FNDA:4,(anonymous_45)
FNDA:3,(anonymous_46)
FNDA:2,(anonymous_47)
FNDA:1,(anonymous_48)
FNDA:1,(anonymous_49)
FNDA:1,(anonymous_50)
FNDA:3,(anonymous_51)
FNDA:1,(anonymous_52)
FNDA:3,(anonymous_53)
FNDA:7,(anonymous_54)
FNDA:7,(anonymous_55)
FNDA:6,(anonymous_56)
FNDA:5,(anonymous_57)
FNDA:53,(anonymous_58)
FNDA:4,(anonymous_59)
FNDA:4,(anonymous_60)
FNDA:1,(anonymous_61)
FNDA:1,(anonymous_62)
FNDA:1,(anonymous_63)
FNDA:1,(anonymous_64)
FNDA:4,(anonymous_65)
FNDA:4,(anonymous_66)
FNDA:10,(anonymous_67)
FNDA:4,(anonymous_68)
FNDA:4,(anonymous_69)
FNDA:4,(anonymous_70)
FNDA:10,(anonymous_71)
FNDA:9,(anonymous_72)
FNDA:3,(anonymous_73)
FNDA:3,(anonymous_74)
FNDA:9,(anonymous_75)
FNDA:3,(anonymous_76)
FNDA:3,(anonymous_77)
FNDA:2,(anonymous_78)
FNDA:2,(anonymous_79)
FNDA:0,(anonymous_80)
FNDA:3,(anonymous_81)
FNDA:1,(anonymous_82)
FNDA:2,(anonymous_83)
FNDA:2,(anonymous_84)
FNDA:0,(anonymous_85)
FNDA:2,(anonymous_86)
FNDA:0,(anonymous_87)
FNDA:0,(anonymous_88)
FNDA:0,(anonymous_89)
FNDA:0,(anonymous_90)
FNDA:0,(anonymous_91)
FNDA:0,(anonymous_92)
FNDA:0,(anonymous_93)
FNDA:182,(anonymous_94)
DA:31,2
DA:36,2
DA:37,2
DA:40,2
DA:41,2
DA:42,4
DA:43,2
DA:47,2
DA:55,2
DA:56,3
DA:57,3
DA:59,3
DA:60,1
DA:61,1
DA:66,2
DA:67,3
DA:71,1
DA:76,2
DA:83,2
DA:84,1
DA:85,1
DA:91,2
DA:92,1
DA:93,1
DA:106,2
DA:107,1
DA:108,1
DA:109,1
DA:117,2
DA:118,1
DA:119,1
DA:120,1
DA:127,2
DA:128,2
DA:134,2
DA:135,1
DA:136,1
DA:137,1
DA:138,1
DA:139,1
DA:140,1
DA:147,1
DA:148,1
DA:151,2
DA:152,1
DA:153,1
DA:157,1
DA:161,1
DA:164,2
DA:165,1
DA:170,1
DA:173,2
DA:174,2
DA:181,2
DA:182,1
DA:183,1
DA:186,2
DA:187,1
DA:194,2
DA:195,2
DA:196,2
DA:197,1
DA:198,2
DA:201,2
DA:202,3
DA:203,3
DA:204,3
DA:205,3
DA:206,1
DA:207,2
DA:208,1
DA:210,3
DA:213,2
DA:214,6
DA:215,6
DA:216,6
DA:217,6
DA:226,3
DA:227,1
DA:228,1
DA:234,1
DA:237,2
DA:238,1
DA:239,1
DA:240,1
DA:241,1
DA:244,2
DA:245,1
DA:246,1
DA:248,1
DA:251,2
DA:252,1
DA:258,2
DA:259,1
DA:264,2
DA:265,1
DA:270,4
DA:271,2
DA:272,2
DA:273,1
DA:281,2
DA:282,1
DA:287,2
DA:288,1
DA:293,2
DA:294,1
DA:300,2
DA:301,3
DA:307,2
DA:308,1
DA:324,2
DA:325,8
DA:326,8
DA:327,8
DA:328,1
DA:329,1
DA:336,8
DA:338,8
DA:339,2
DA:340,2
DA:347,8
DA:348,1
DA:349,1
DA:356,8
DA:357,1
DA:358,1
DA:365,8
DA:366,1
DA:369,8
DA:370,1
DA:373,8
DA:378,2
DA:379,1
DA:386,2
DA:387,1
DA:392,2
DA:393,1
DA:398,2
DA:399,3
DA:400,3
DA:401,3
DA:402,2
DA:403,2
DA:410,3
DA:414,2
DA:415,4
DA:416,4
DA:417,3
DA:418,2
DA:420,3
DA:424,2
DA:425,2
DA:426,2
DA:427,1
DA:428,1
DA:431,1
DA:433,1
DA:434,1
DA:435,1
DA:442,1
DA:446,2
DA:447,1
DA:459,2
DA:460,1
DA:466,2
DA:467,3
DA:472,3
DA:475,2
DA:480,1
DA:497,1
DA:498,1
DA:501,2
DA:508,3
DA:509,3
DA:511,3
DA:514,2
DA:517,7
DA:518,7
DA:520,1
DA:525,1
DA:527,6
DA:529,1
DA:534,1
DA:536,5
DA:539,2
DA:540,53
DA:541,5
DA:544,2
DA:545,4
DA:546,4
DA:548,4
DA:551,2
DA:566,4
DA:568,4
DA:582,4
DA:584,4
DA:585,2
DA:590,1
DA:591,1
DA:595,1
DA:596,1
DA:597,1
DA:602,1
DA:605,2
DA:610,1
DA:611,1
DA:626,1
DA:627,1
DA:628,1
DA:633,1
DA:638,2
DA:639,4
DA:640,4
DA:643,4
DA:644,4
DA:645,4
DA:646,1
DA:647,1
DA:649,4
DA:651,4
DA:659,10
DA:662,4
DA:663,4
DA:664,4
DA:669,4
DA:671,2
DA:672,4
DA:673,4
DA:676,2
DA:677,10
DA:678,10
DA:681,9
DA:682,3
DA:683,3
DA:685,2
DA:686,9
DA:687,9
DA:688,9
DA:691,2
DA:692,3
DA:693,3
DA:694,3
DA:695,3
DA:698,2
DA:699,3
DA:700,3
DA:701,3
DA:702,3
DA:703,3
DA:706,2
DA:707,2
DA:708,2
DA:709,2
DA:710,2
DA:711,1
DA:712,1
DA:714,1
DA:718,2
DA:719,0
DA:726,0
DA:727,0
DA:728,0
DA:731,0
DA:732,0
DA:736,0
DA:737,0
DA:738,0
DA:745,3
DA:746,1
DA:756,2
DA:757,2
DA:759,2
DA:763,2
DA:768,0
DA:791,2
DA:794,2
DA:796,2
DA:797,0
DA:807,0
DA:830,2
DA:847,2
DA:848,0
DA:849,0
DA:854,2
DA:855,0
DA:869,2
DA:870,0
DA:877,182
DA:878,182
DA:882,182
DA:883,182
DA:950,1
DA:957,1
LF:293
LH:277
BRDA:43,0,0,2
BRDA:43,0,1,0
BRDA:59,1,0,1
BRDA:59,1,1,2
BRDA:59,2,0,3
BRDA:59,2,1,1
BRDA:196,3,0,1
BRDA:196,3,1,1
BRDA:205,4,0,1
BRDA:205,4,1,2
BRDA:205,5,0,3
BRDA:205,5,1,1
BRDA:207,6,0,1
BRDA:207,6,1,1
BRDA:207,7,0,2
BRDA:207,7,1,2
BRDA:240,8,0,1
BRDA:240,8,1,1
BRDA:245,9,0,1
BRDA:245,9,1,0
BRDA:272,10,0,1
BRDA:272,10,1,1
BRDA:327,11,0,1
BRDA:327,11,1,7
BRDA:336,12,0,1
BRDA:336,12,1,7
BRDA:338,13,0,2
BRDA:338,13,1,6
BRDA:347,14,0,1
BRDA:347,14,1,7
BRDA:356,15,0,1
BRDA:356,15,1,7
BRDA:365,16,0,1
BRDA:365,16,1,7
BRDA:369,17,0,1
BRDA:369,17,1,7
BRDA:401,18,0,2
BRDA:401,18,1,1
BRDA:416,19,0,4
BRDA:416,19,1,3
BRDA:417,20,0,2
BRDA:417,20,1,1
BRDA:426,21,0,1
BRDA:426,21,1,1
BRDA:446,22,0,0
BRDA:472,23,0,3
BRDA:472,23,1,1
BRDA:484,24,0,1
BRDA:484,24,1,1
BRDA:485,25,0,1
BRDA:485,25,1,1
BRDA:486,26,0,1
BRDA:486,26,1,1
BRDA:487,27,0,1
BRDA:487,27,1,1
BRDA:488,28,0,1
BRDA:488,28,1,1
BRDA:490,29,0,1
BRDA:490,29,1,1
BRDA:493,30,0,1
BRDA:493,30,1,1
BRDA:494,31,0,1
BRDA:494,31,1,1
BRDA:495,32,0,1
BRDA:495,32,1,1
BRDA:509,33,0,3
BRDA:509,33,1,1
BRDA:509,33,2,1
BRDA:509,33,3,0
BRDA:509,33,4,0
BRDA:509,33,5,0
BRDA:516,34,0,0
BRDA:516,35,0,0
BRDA:518,36,0,1
BRDA:518,36,1,6
BRDA:518,37,0,7
BRDA:518,37,1,1
BRDA:527,38,0,1
BRDA:527,38,1,5
BRDA:527,39,0,6
BRDA:527,39,1,2
BRDA:540,40,0,53
BRDA:540,40,1,53
BRDA:540,40,2,42
BRDA:548,41,0,4
BRDA:548,41,1,4
BRDA:584,42,0,2
BRDA:584,42,1,2
BRDA:643,43,0,4
BRDA:643,43,1,3
BRDA:644,44,0,4
BRDA:644,44,1,4
BRDA:645,45,0,1
BRDA:645,45,1,3
BRDA:710,46,0,1
BRDA:710,46,1,1
BRDA:736,47,0,0
BRDA:736,47,1,0
BRDA:737,48,0,0
BRDA:737,48,1,0
BRDA:778,49,0,2
BRDA:778,49,1,0
BRDA:796,50,0,0
BRDA:796,50,1,2
BRDA:796,51,0,2
BRDA:796,51,1,0
BRDA:804,52,0,0
BRDA:804,52,1,0
BRDA:887,53,0,182
BRDA:887,53,1,0
BRF:110
BRH:92
end_of_record
TN:
SF:/Users/innocentlou/Documents/React/healthid-fe/src/containers/withInitialData.js
FN:6,(anonymous_0)
FN:6,(anonymous_1)
FN:10,(anonymous_2)
FNF:3
FNH:2
FNDA:3,(anonymous_0)
FNDA:1,(anonymous_1)
FNDA:0,(anonymous_2)
DA:6,3
DA:7,1
DA:13,0
DA:14,0
DA:16,0
DA:17,0
DA:18,0
DA:20,0
LF:8
LH:2
BRDA:13,0,0,0
BRDA:13,0,1,0
BRDA:14,1,0,0
BRDA:14,1,1,0
BRF:4
BRH:0
end_of_record
TN:
SF:/Users/innocentlou/Documents/React/healthid-fe/src/mutations/addUsersSetupMutation.js
FNF:0
FNH:0
DA:3,1
DA:32,1
LF:2
LH:2
BRF:0
BRH:0
end_of_record
TN:
SF:/Users/innocentlou/Documents/React/healthid-fe/src/mutations/adminSetupMutation.js
FNF:0
FNH:0
DA:3,1
LF:1
LH:1
BRF:0
BRH:0
end_of_record
TN:
SF:/Users/innocentlou/Documents/React/healthid-fe/src/mutations/businessSetupMutation.js
FNF:0
FNH:0
DA:3,1
LF:1
LH:1
BRF:0
BRH:0
end_of_record
TN:
SF:/Users/innocentlou/Documents/React/healthid-fe/src/mutations/createEvent.js
FNF:0
FNH:0
DA:3,1
LF:1
LH:1
BRF:0
BRH:0
end_of_record
TN:
SF:/Users/innocentlou/Documents/React/healthid-fe/src/mutations/createProduct.js
FNF:0
FNH:0
DA:3,1
LF:1
LH:1
BRF:0
BRH:0
end_of_record
TN:
SF:/Users/innocentlou/Documents/React/healthid-fe/src/mutations/createProductCategory.js
FNF:0
FNH:0
DA:3,2
LF:1
LH:1
BRF:0
BRH:0
end_of_record
TN:
SF:/Users/innocentlou/Documents/React/healthid-fe/src/mutations/createReceiptTempMutation.js
FNF:0
FNH:0
DA:3,1
LF:1
LH:1
BRF:0
BRH:0
end_of_record
TN:
SF:/Users/innocentlou/Documents/React/healthid-fe/src/mutations/createRegisterMutation.js
FNF:0
FNH:0
DA:3,1
LF:1
LH:1
BRF:0
BRH:0
end_of_record
TN:
SF:/Users/innocentlou/Documents/React/healthid-fe/src/mutations/createStockCountTemplate.js
FNF:0
FNH:0
DA:3,1
LF:1
LH:1
BRF:0
BRH:0
end_of_record
TN:
SF:/Users/innocentlou/Documents/React/healthid-fe/src/mutations/deleteOutletMutation.js
FNF:0
FNH:0
DA:3,1
LF:1
LH:1
BRF:0
BRH:0
end_of_record
TN:
SF:/Users/innocentlou/Documents/React/healthid-fe/src/mutations/deleteProductCategories.js
FNF:0
FNH:0
DA:3,2
LF:1
LH:1
BRF:0
BRH:0
end_of_record
TN:
SF:/Users/innocentlou/Documents/React/healthid-fe/src/mutations/deleteReceiptTempMutation.js
FNF:0
FNH:0
DA:3,1
LF:1
LH:1
BRF:0
BRH:0
end_of_record
TN:
SF:/Users/innocentlou/Documents/React/healthid-fe/src/mutations/editProductCategories.js
FNF:0
FNH:0
DA:3,2
LF:1
LH:1
BRF:0
BRH:0
end_of_record
TN:
SF:/Users/innocentlou/Documents/React/healthid-fe/src/mutations/outletSetupMutation.js
FNF:0
FNH:0
DA:3,1
LF:1
LH:1
BRF:0
BRH:0
end_of_record
TN:
SF:/Users/innocentlou/Documents/React/healthid-fe/src/mutations/stockControl.js
FNF:0
FNH:0
DA:3,8
DA:26,8
LF:2
LH:2
BRF:0
BRH:0
end_of_record
TN:
SF:/Users/innocentlou/Documents/React/healthid-fe/src/mutations/updateOutletMutation.js
FNF:0
FNH:0
DA:3,1
LF:1
LH:1
BRF:0
BRH:0
end_of_record
TN:
SF:/Users/innocentlou/Documents/React/healthid-fe/src/mutations/updateReceiptTempMutation.js
FNF:0
FNH:0
DA:3,1
LF:1
LH:1
BRF:0
BRH:0
end_of_record
TN:
SF:/Users/innocentlou/Documents/React/healthid-fe/src/mutations/updateRegisterMutation.js
FNF:0
FNH:0
DA:3,1
LF:1
LH:1
BRF:0
BRH:0
end_of_record
TN:
SF:/Users/innocentlou/Documents/React/healthid-fe/src/mutations/updateUserMutation.js
FNF:0
FNH:0
DA:3,2
LF:1
LH:1
BRF:0
BRH:0
end_of_record
TN:
SF:/Users/innocentlou/Documents/React/healthid-fe/src/mutations/updateUserPassword.js
FNF:0
FNH:0
DA:3,1
LF:1
LH:1
BRF:0
BRH:0
end_of_record
TN:
SF:/Users/innocentlou/Documents/React/healthid-fe/src/mutations/sellScreen/createCustomerMutation.js
FNF:0
FNH:0
DA:3,3
LF:1
LH:1
BRF:0
BRH:0
end_of_record
TN:
SF:/Users/innocentlou/Documents/React/healthid-fe/src/mutations/sellScreen/createSaleMutation.js
FNF:0
FNH:0
DA:3,2
LF:1
LH:1
BRF:0
BRH:0
end_of_record
TN:
SF:/Users/innocentlou/Documents/React/healthid-fe/src/mutations/sellScreen/editCustomerMutation.js
FNF:0
FNH:0
DA:3,3
LF:1
LH:1
BRF:0
BRH:0
end_of_record
TN:
SF:/Users/innocentlou/Documents/React/healthid-fe/src/mutations/setup/updateOutletPreferences.js
FNF:0
FNH:0
DA:3,1
LF:1
LH:1
BRF:0
BRH:0
end_of_record
TN:
SF:/Users/innocentlou/Documents/React/healthid-fe/src/queries/addUsersSetupQuery.js
FNF:0
FNH:0
DA:3,1
DA:11,1
LF:2
LH:2
BRF:0
BRH:0
end_of_record
TN:
SF:/Users/innocentlou/Documents/React/healthid-fe/src/queries/countryProductsCustomerQuery.js
FNF:0
FNH:0
DA:3,2
LF:1
LH:1
BRF:0
BRH:0
end_of_record
TN:
SF:/Users/innocentlou/Documents/React/healthid-fe/src/queries/countryQuery.js
FNF:0
FNH:0
DA:3,1
LF:1
LH:1
BRF:0
BRH:0
end_of_record
TN:
SF:/Users/innocentlou/Documents/React/healthid-fe/src/queries/filteredProductsQuery.js
FNF:0
FNH:0
DA:3,1
LF:1
LH:1
BRF:0
BRH:0
end_of_record
TN:
SF:/Users/innocentlou/Documents/React/healthid-fe/src/queries/getCurrencies.js
FNF:0
FNH:0
DA:3,1
LF:1
LH:1
BRF:0
BRH:0
end_of_record
TN:
SF:/Users/innocentlou/Documents/React/healthid-fe/src/queries/getSuppliers.js
FNF:0
FNH:0
DA:3,1
LF:1
LH:1
BRF:0
BRH:0
end_of_record
TN:
SF:/Users/innocentlou/Documents/React/healthid-fe/src/queries/getTimezones.js
FNF:0
FNH:0
DA:3,1
LF:1
LH:1
BRF:0
BRH:0
end_of_record
TN:
SF:/Users/innocentlou/Documents/React/healthid-fe/src/queries/outletPreferences.js
FNF:0
FNH:0
DA:3,1
LF:1
LH:1
BRF:0
BRH:0
end_of_record
TN:
SF:/Users/innocentlou/Documents/React/healthid-fe/src/queries/productCategoryQuery.js
FNF:0
FNH:0
DA:3,2
LF:1
LH:1
BRF:0
BRH:0
end_of_record
TN:
SF:/Users/innocentlou/Documents/React/healthid-fe/src/queries/productDetailQuery.js
FNF:0
FNH:0
DA:3,1
LF:1
LH:1
BRF:0
BRH:0
end_of_record
TN:
SF:/Users/innocentlou/Documents/React/healthid-fe/src/queries/productsSuppliersCategoriesQuery.js
FNF:0
FNH:0
DA:3,1
LF:1
LH:1
BRF:0
BRH:0
end_of_record
TN:
SF:/Users/innocentlou/Documents/React/healthid-fe/src/queries/salesHistoryQuery.js
FNF:0
FNH:0
DA:3,1
LF:1
LH:1
BRF:0
BRH:0
end_of_record
TN:
SF:/Users/innocentlou/Documents/React/healthid-fe/src/queries/stockProducts.js
FNF:0
FNH:0
DA:3,8
DA:27,8
DA:49,8
LF:3
LH:3
BRF:0
BRH:0
end_of_record
TN:
SF:/Users/innocentlou/Documents/React/healthid-fe/src/queries/updateUserQuery.js
FNF:0
FNH:0
DA:3,2
LF:1
LH:1
BRF:0
BRH:0
end_of_record
TN:
SF:/Users/innocentlou/Documents/React/healthid-fe/src/queries/userDataQuery.js
FNF:0
FNH:0
DA:3,17
LF:1
LH:1
BRF:0
BRH:0
end_of_record
TN:
SF:/Users/innocentlou/Documents/React/healthid-fe/src/utils/authentication/Validation.js
FN:4,(anonymous_0)
FN:33,(anonymous_1)
FN:57,(anonymous_2)
FN:80,(anonymous_3)
FNF:4
FNH:4
FNDA:6,(anonymous_0)
FNDA:4,(anonymous_1)
FNDA:2,(anonymous_2)
FNDA:3,(anonymous_3)
DA:4,21
DA:5,6
DA:6,6
DA:7,6
DA:8,6
DA:9,2
DA:14,2
DA:15,4
DA:16,1
DA:21,1
DA:23,3
DA:28,3
DA:30,6
DA:33,21
DA:35,4
DA:36,4
DA:37,4
DA:38,4
DA:39,2
DA:44,2
DA:46,2
DA:51,2
DA:53,4
DA:57,21
DA:60,2
DA:61,2
DA:62,2
DA:63,1
DA:68,1
DA:70,1
DA:75,1
DA:77,2
DA:80,21
DA:83,3
DA:84,2
DA:89,2
DA:91,1
DA:96,1
DA:98,3
LF:39
LH:39
BRDA:8,0,0,2
BRDA:8,0,1,4
BRDA:15,1,0,1
BRDA:15,1,1,3
BRDA:38,2,0,2
BRDA:38,2,1,2
BRDA:62,3,0,1
BRDA:62,3,1,1
BRDA:83,4,0,2
BRDA:83,4,1,1
BRF:10
BRH:10
end_of_record
TN:
SF:/Users/innocentlou/Documents/React/healthid-fe/src/utils/products/ProductNameValidation.js
FN:1,(anonymous_0)
FN:3,(anonymous_1)
FNF:2
FNH:2
FNDA:4,(anonymous_0)
FNDA:7,(anonymous_1)
DA:1,2
DA:2,4
DA:3,7
DA:5,4
DA:6,3
DA:7,1
DA:8,1
DA:10,2
DA:11,2
DA:13,1
LF:10
LH:10
BRDA:5,0,0,3
BRDA:5,0,1,1
BRDA:6,1,0,1
BRDA:6,1,1,2
BRF:4
BRH:4
end_of_record
TN:
SF:/Users/innocentlou/Documents/React/healthid-fe/src/utils/products/verifyFile.js
FN:4,(anonymous_0)
FN:7,(anonymous_1)
FNF:2
FNH:2
FNDA:3,(anonymous_0)
FNDA:11,(anonymous_1)
DA:4,2
DA:5,3
DA:6,3
DA:7,11
DA:9,3
DA:10,3
DA:11,3
DA:12,3
DA:13,1
DA:14,1
DA:16,2
DA:17,1
DA:18,1
DA:20,1
LF:14
LH:14
BRDA:12,0,0,1
BRDA:12,0,1,2
BRDA:16,1,0,1
BRDA:16,1,1,1
BRF:4
BRH:4
end_of_record
